ERROR - 2022-06-23 23:11:58 --> Error connecting to the database: No connection could be made because the target machine actively refused it
CRITICAL - 2022-06-23 23:11:58 --> Unable to connect to the database.
Main connection [MySQLi]: No connection could be made because the target machine actively refused it
in SYSTEMPATH\Database\BaseConnection.php on line 415.
 1 SYSTEMPATH\Database\BaseConnection.php(585): CodeIgniter\Database\BaseConnection->initialize()
 2 APPPATH\Controllers\ShowCard.php(10): CodeIgniter\Database\BaseConnection->query('SELECT * FROM card ORDER BY id DESC')
 3 SYSTEMPATH\CodeIgniter.php(898): App\Controllers\ShowCard->card_find()
 4 SYSTEMPATH\CodeIgniter.php(468): CodeIgniter\CodeIgniter->runController(Object(App\Controllers\ShowCard))
 5 SYSTEMPATH\CodeIgniter.php(351): CodeIgniter\CodeIgniter->handleRequest(null, Object(Config\Cache), false)
 6 FCPATH\index.php(55): CodeIgniter\CodeIgniter->run()
 7 SYSTEMPATH\Commands\Server\rewrite.php(43): require_once('FCPATH\\index.php')
CRITICAL - 2022-06-23 23:31:51 --> Trying to access array offset on value of type null
in APPPATH\Views\card\detail.php on line 24.
 1 APPPATH\Views\card\detail.php(24): CodeIgniter\Debug\Exceptions->errorHandler(2, 'Trying to access array offset on value of type null', 'APPPATH\\Views\\card\\detail.php', 24)
 2 SYSTEMPATH\View\View.php(213): include('APPPATH\\Views\\card\\detail.php')
 3 SYSTEMPATH\View\View.php(216): CodeIgniter\View\View->CodeIgniter\View\{closure}()
 4 SYSTEMPATH\Common.php(1135): CodeIgniter\View\View->render('card/detail', [], true)
 5 APPPATH\Controllers\ShowCard.php(27): view('card/detail', [...])
 6 SYSTEMPATH\CodeIgniter.php(898): App\Controllers\ShowCard->detail('FCPATH\\assets', 'bootstrap', 'js', 'bootstrap.min.js')
 7 SYSTEMPATH\CodeIgniter.php(468): CodeIgniter\CodeIgniter->runController(Object(App\Controllers\ShowCard))
 8 SYSTEMPATH\CodeIgniter.php(351): CodeIgniter\CodeIgniter->handleRequest(null, Object(Config\Cache), false)
 9 FCPATH\index.php(55): CodeIgniter\CodeIgniter->run()
10 SYSTEMPATH\Commands\Server\rewrite.php(43): require_once('FCPATH\\index.php')
CRITICAL - 2022-06-23 23:32:03 --> A non-numeric value encountered
in APPPATH\Views\card\seminar.php on line 37.
 1 APPPATH\Views\card\seminar.php(37): CodeIgniter\Debug\Exceptions->errorHandler(2, 'A non-numeric value encountered', 'APPPATH\\Views\\card\\seminar.php', 37)
 2 SYSTEMPATH\View\View.php(213): include('APPPATH\\Views\\card\\seminar.php')
 3 SYSTEMPATH\View\View.php(216): CodeIgniter\View\View->CodeIgniter\View\{closure}()
 4 SYSTEMPATH\Common.php(1135): CodeIgniter\View\View->render('card/seminar', [], true)
 5 APPPATH\Controllers\ShowCard.php(16): view('card/seminar', [...])
 6 SYSTEMPATH\CodeIgniter.php(898): App\Controllers\ShowCard->card_find()
 7 SYSTEMPATH\CodeIgniter.php(468): CodeIgniter\CodeIgniter->runController(Object(App\Controllers\ShowCard))
 8 SYSTEMPATH\CodeIgniter.php(351): CodeIgniter\CodeIgniter->handleRequest(null, Object(Config\Cache), false)
 9 FCPATH\index.php(55): CodeIgniter\CodeIgniter->run()
10 SYSTEMPATH\Commands\Server\rewrite.php(43): require_once('FCPATH\\index.php')
CRITICAL - 2022-06-23 23:32:04 --> A non-numeric value encountered
in APPPATH\Views\card\seminar.php on line 37.
 1 APPPATH\Views\card\seminar.php(37): CodeIgniter\Debug\Exceptions->errorHandler(2, 'A non-numeric value encountered', 'APPPATH\\Views\\card\\seminar.php', 37)
 2 SYSTEMPATH\View\View.php(213): include('APPPATH\\Views\\card\\seminar.php')
 3 SYSTEMPATH\View\View.php(216): CodeIgniter\View\View->CodeIgniter\View\{closure}()
 4 SYSTEMPATH\Common.php(1135): CodeIgniter\View\View->render('card/seminar', [], true)
 5 APPPATH\Controllers\ShowCard.php(16): view('card/seminar', [...])
 6 SYSTEMPATH\CodeIgniter.php(898): App\Controllers\ShowCard->card_find()
 7 SYSTEMPATH\CodeIgniter.php(468): CodeIgniter\CodeIgniter->runController(Object(App\Controllers\ShowCard))
 8 SYSTEMPATH\CodeIgniter.php(351): CodeIgniter\CodeIgniter->handleRequest(null, Object(Config\Cache), false)
 9 FCPATH\index.php(55): CodeIgniter\CodeIgniter->run()
10 SYSTEMPATH\Commands\Server\rewrite.php(43): require_once('FCPATH\\index.php')
CRITICAL - 2022-06-23 23:34:05 --> A non-numeric value encountered
in APPPATH\Views\card\seminar.php on line 37.
 1 APPPATH\Views\card\seminar.php(37): CodeIgniter\Debug\Exceptions->errorHandler(2, 'A non-numeric value encountered', 'APPPATH\\Views\\card\\seminar.php', 37)
 2 SYSTEMPATH\View\View.php(213): include('APPPATH\\Views\\card\\seminar.php')
 3 SYSTEMPATH\View\View.php(216): CodeIgniter\View\View->CodeIgniter\View\{closure}()
 4 SYSTEMPATH\Common.php(1135): CodeIgniter\View\View->render('card/seminar', [], true)
 5 APPPATH\Controllers\ShowCard.php(16): view('card/seminar', [...])
 6 SYSTEMPATH\CodeIgniter.php(898): App\Controllers\ShowCard->card_find()
 7 SYSTEMPATH\CodeIgniter.php(468): CodeIgniter\CodeIgniter->runController(Object(App\Controllers\ShowCard))
 8 SYSTEMPATH\CodeIgniter.php(351): CodeIgniter\CodeIgniter->handleRequest(null, Object(Config\Cache), false)
 9 FCPATH\index.php(55): CodeIgniter\CodeIgniter->run()
10 SYSTEMPATH\Commands\Server\rewrite.php(43): require_once('FCPATH\\index.php')
CRITICAL - 2022-06-23 23:38:35 --> Undefined variable $config
in APPPATH\Views\card\seminar.php on line 36.
 1 APPPATH\Views\card\seminar.php(36): CodeIgniter\Debug\Exceptions->errorHandler(2, 'Undefined variable $config', 'APPPATH\\Views\\card\\seminar.php', 36)
 2 SYSTEMPATH\View\View.php(213): include('APPPATH\\Views\\card\\seminar.php')
 3 SYSTEMPATH\View\View.php(216): CodeIgniter\View\View->CodeIgniter\View\{closure}()
 4 SYSTEMPATH\Common.php(1135): CodeIgniter\View\View->render('card/seminar', [], true)
 5 APPPATH\Controllers\ShowCard.php(16): view('card/seminar', [...])
 6 SYSTEMPATH\CodeIgniter.php(898): App\Controllers\ShowCard->card_find()
 7 SYSTEMPATH\CodeIgniter.php(468): CodeIgniter\CodeIgniter->runController(Object(App\Controllers\ShowCard))
 8 SYSTEMPATH\CodeIgniter.php(351): CodeIgniter\CodeIgniter->handleRequest(null, Object(Config\Cache), false)
 9 FCPATH\index.php(55): CodeIgniter\CodeIgniter->run()
10 SYSTEMPATH\Commands\Server\rewrite.php(43): require_once('FCPATH\\index.php')
CRITICAL - 2022-06-23 23:38:36 --> Undefined variable $config
in APPPATH\Views\card\seminar.php on line 36.
 1 APPPATH\Views\card\seminar.php(36): CodeIgniter\Debug\Exceptions->errorHandler(2, 'Undefined variable $config', 'APPPATH\\Views\\card\\seminar.php', 36)
 2 SYSTEMPATH\View\View.php(213): include('APPPATH\\Views\\card\\seminar.php')
 3 SYSTEMPATH\View\View.php(216): CodeIgniter\View\View->CodeIgniter\View\{closure}()
 4 SYSTEMPATH\Common.php(1135): CodeIgniter\View\View->render('card/seminar', [], true)
 5 APPPATH\Controllers\ShowCard.php(16): view('card/seminar', [...])
 6 SYSTEMPATH\CodeIgniter.php(898): App\Controllers\ShowCard->card_find()
 7 SYSTEMPATH\CodeIgniter.php(468): CodeIgniter\CodeIgniter->runController(Object(App\Controllers\ShowCard))
 8 SYSTEMPATH\CodeIgniter.php(351): CodeIgniter\CodeIgniter->handleRequest(null, Object(Config\Cache), false)
 9 FCPATH\index.php(55): CodeIgniter\CodeIgniter->run()
10 SYSTEMPATH\Commands\Server\rewrite.php(43): require_once('FCPATH\\index.php')
CRITICAL - 2022-06-23 23:38:36 --> Undefined variable $config
in APPPATH\Views\card\seminar.php on line 36.
 1 APPPATH\Views\card\seminar.php(36): CodeIgniter\Debug\Exceptions->errorHandler(2, 'Undefined variable $config', 'APPPATH\\Views\\card\\seminar.php', 36)
 2 SYSTEMPATH\View\View.php(213): include('APPPATH\\Views\\card\\seminar.php')
 3 SYSTEMPATH\View\View.php(216): CodeIgniter\View\View->CodeIgniter\View\{closure}()
 4 SYSTEMPATH\Common.php(1135): CodeIgniter\View\View->render('card/seminar', [], true)
 5 APPPATH\Controllers\ShowCard.php(16): view('card/seminar', [...])
 6 SYSTEMPATH\CodeIgniter.php(898): App\Controllers\ShowCard->card_find()
 7 SYSTEMPATH\CodeIgniter.php(468): CodeIgniter\CodeIgniter->runController(Object(App\Controllers\ShowCard))
 8 SYSTEMPATH\CodeIgniter.php(351): CodeIgniter\CodeIgniter->handleRequest(null, Object(Config\Cache), false)
 9 FCPATH\index.php(55): CodeIgniter\CodeIgniter->run()
10 SYSTEMPATH\Commands\Server\rewrite.php(43): require_once('FCPATH\\index.php')
CRITICAL - 2022-06-23 23:38:36 --> Undefined variable $config
in APPPATH\Views\card\seminar.php on line 36.
 1 APPPATH\Views\card\seminar.php(36): CodeIgniter\Debug\Exceptions->errorHandler(2, 'Undefined variable $config', 'APPPATH\\Views\\card\\seminar.php', 36)
 2 SYSTEMPATH\View\View.php(213): include('APPPATH\\Views\\card\\seminar.php')
 3 SYSTEMPATH\View\View.php(216): CodeIgniter\View\View->CodeIgniter\View\{closure}()
 4 SYSTEMPATH\Common.php(1135): CodeIgniter\View\View->render('card/seminar', [], true)
 5 APPPATH\Controllers\ShowCard.php(16): view('card/seminar', [...])
 6 SYSTEMPATH\CodeIgniter.php(898): App\Controllers\ShowCard->card_find()
 7 SYSTEMPATH\CodeIgniter.php(468): CodeIgniter\CodeIgniter->runController(Object(App\Controllers\ShowCard))
 8 SYSTEMPATH\CodeIgniter.php(351): CodeIgniter\CodeIgniter->handleRequest(null, Object(Config\Cache), false)
 9 FCPATH\index.php(55): CodeIgniter\CodeIgniter->run()
10 SYSTEMPATH\Commands\Server\rewrite.php(43): require_once('FCPATH\\index.php')
