CRITICAL - 2022-09-09 10:16:14 --> Trying to access array offset on value of type null
in APPPATH\Views\card\detailDoc.php on line 10.
 1 APPPATH\Views\card\detailDoc.php(10): CodeIgniter\Debug\Exceptions->errorHandler(2, 'Trying to access array offset on value of type null', 'APPPATH\\Views\\card\\detailDoc.php', 10)
 2 SYSTEMPATH\View\View.php(213): include('APPPATH\\Views\\card\\detailDoc.php')
 3 SYSTEMPATH\View\View.php(216): CodeIgniter\View\View->CodeIgniter\View\{closure}()
 4 SYSTEMPATH\Common.php(1135): CodeIgniter\View\View->render('card/detailDoc', [], true)
 5 APPPATH\Controllers\ShowDoc.php(27): view('card/detailDoc', [...])
 6 SYSTEMPATH\CodeIgniter.php(898): App\Controllers\ShowDoc->detailDoc('FCPATH\\assets', 'bootstrap', 'js', 'bootstrap.min.js')
 7 SYSTEMPATH\CodeIgniter.php(468): CodeIgniter\CodeIgniter->runController(Object(App\Controllers\ShowDoc))
 8 SYSTEMPATH\CodeIgniter.php(351): CodeIgniter\CodeIgniter->handleRequest(null, Object(Config\Cache), false)
 9 FCPATH\index.php(55): CodeIgniter\CodeIgniter->run()
10 SYSTEMPATH\Commands\Server\rewrite.php(43): require_once('FCPATH\\index.php')
CRITICAL - 2022-09-09 10:16:49 --> Trying to access array offset on value of type null
in APPPATH\Views\card\detail.php on line 68.
 1 APPPATH\Views\card\detail.php(68): CodeIgniter\Debug\Exceptions->errorHandler(2, 'Trying to access array offset on value of type null', 'APPPATH\\Views\\card\\detail.php', 68)
 2 SYSTEMPATH\View\View.php(213): include('APPPATH\\Views\\card\\detail.php')
 3 SYSTEMPATH\View\View.php(216): CodeIgniter\View\View->CodeIgniter\View\{closure}()
 4 SYSTEMPATH\Common.php(1135): CodeIgniter\View\View->render('card/detail', [], true)
 5 APPPATH\Controllers\ShowCard.php(14): view('card/detail', [...])
 6 SYSTEMPATH\CodeIgniter.php(898): App\Controllers\ShowCard->detail('FCPATH\\assets', 'bootstrap', 'js', 'bootstrap.min.js')
 7 SYSTEMPATH\CodeIgniter.php(468): CodeIgniter\CodeIgniter->runController(Object(App\Controllers\ShowCard))
 8 SYSTEMPATH\CodeIgniter.php(351): CodeIgniter\CodeIgniter->handleRequest(null, Object(Config\Cache), false)
 9 FCPATH\index.php(55): CodeIgniter\CodeIgniter->run()
10 SYSTEMPATH\Commands\Server\rewrite.php(43): require_once('FCPATH\\index.php')
CRITICAL - 2022-09-09 10:17:07 --> Trying to access array offset on value of type null
in APPPATH\Views\card\detail.php on line 68.
 1 APPPATH\Views\card\detail.php(68): CodeIgniter\Debug\Exceptions->errorHandler(2, 'Trying to access array offset on value of type null', 'APPPATH\\Views\\card\\detail.php', 68)
 2 SYSTEMPATH\View\View.php(213): include('APPPATH\\Views\\card\\detail.php')
 3 SYSTEMPATH\View\View.php(216): CodeIgniter\View\View->CodeIgniter\View\{closure}()
 4 SYSTEMPATH\Common.php(1135): CodeIgniter\View\View->render('card/detail', [], true)
 5 APPPATH\Controllers\ShowCard.php(14): view('card/detail', [...])
 6 SYSTEMPATH\CodeIgniter.php(898): App\Controllers\ShowCard->detail('FCPATH\\assets', 'bootstrap', 'js', 'bootstrap.min.js')
 7 SYSTEMPATH\CodeIgniter.php(468): CodeIgniter\CodeIgniter->runController(Object(App\Controllers\ShowCard))
 8 SYSTEMPATH\CodeIgniter.php(351): CodeIgniter\CodeIgniter->handleRequest(null, Object(Config\Cache), false)
 9 FCPATH\index.php(55): CodeIgniter\CodeIgniter->run()
10 SYSTEMPATH\Commands\Server\rewrite.php(43): require_once('FCPATH\\index.php')
