CRITICAL - 2022-06-16 01:51:15 --> Undefined variable $card
in APPPATH\Views\admin\formCard.php on line 1.
 1 APPPATH\Views\admin\formCard.php(1): CodeIgniter\Debug\Exceptions->errorHandler(2, 'Undefined variable $card', 'APPPATH\\Views\\admin\\formCard.php', 1)
 2 SYSTEMPATH\View\View.php(213): include('APPPATH\\Views\\admin\\formCard.php')
 3 SYSTEMPATH\View\View.php(216): CodeIgniter\View\View->CodeIgniter\View\{closure}()
 4 SYSTEMPATH\Common.php(1135): CodeIgniter\View\View->render('admin/formCard', [], true)
 5 APPPATH\Controllers\Admin.php(49): view('admin/formCard')
 6 SYSTEMPATH\CodeIgniter.php(898): App\Controllers\Admin->card()
 7 SYSTEMPATH\CodeIgniter.php(468): CodeIgniter\CodeIgniter->runController(Object(App\Controllers\Admin))
 8 SYSTEMPATH\CodeIgniter.php(351): CodeIgniter\CodeIgniter->handleRequest(null, Object(Config\Cache), false)
 9 FCPATH\index.php(55): CodeIgniter\CodeIgniter->run()
10 SYSTEMPATH\Commands\Server\rewrite.php(43): require_once('FCPATH\\index.php')
CRITICAL - 2022-06-16 01:51:24 --> Undefined variable $card
in APPPATH\Views\admin\formCard.php on line 1.
 1 APPPATH\Views\admin\formCard.php(1): CodeIgniter\Debug\Exceptions->errorHandler(2, 'Undefined variable $card', 'APPPATH\\Views\\admin\\formCard.php', 1)
 2 SYSTEMPATH\View\View.php(213): include('APPPATH\\Views\\admin\\formCard.php')
 3 SYSTEMPATH\View\View.php(216): CodeIgniter\View\View->CodeIgniter\View\{closure}()
 4 SYSTEMPATH\Common.php(1135): CodeIgniter\View\View->render('admin/formCard', [], true)
 5 APPPATH\Controllers\Admin.php(49): view('admin/formCard')
 6 SYSTEMPATH\CodeIgniter.php(898): App\Controllers\Admin->card()
 7 SYSTEMPATH\CodeIgniter.php(468): CodeIgniter\CodeIgniter->runController(Object(App\Controllers\Admin))
 8 SYSTEMPATH\CodeIgniter.php(351): CodeIgniter\CodeIgniter->handleRequest(null, Object(Config\Cache), false)
 9 FCPATH\index.php(55): CodeIgniter\CodeIgniter->run()
10 SYSTEMPATH\Commands\Server\rewrite.php(43): require_once('FCPATH\\index.php')
CRITICAL - 2022-06-16 01:58:10 --> Undefined variable $title
in APPPATH\Views\layout\templates.php on line 7.
 1 APPPATH\Views\layout\templates.php(7): CodeIgniter\Debug\Exceptions->errorHandler(2, 'Undefined variable $title', 'APPPATH\\Views\\layout\\templates.php', 7)
 2 SYSTEMPATH\View\View.php(213): include('APPPATH\\Views\\layout\\templates.php')
 3 SYSTEMPATH\View\View.php(216): CodeIgniter\View\View->CodeIgniter\View\{closure}()
 4 SYSTEMPATH\View\View.php(229): CodeIgniter\View\View->render('layout/templates', [], true)
 5 SYSTEMPATH\Common.php(1135): CodeIgniter\View\View->render('pages/seminar', [], true)
 6 APPPATH\Controllers\Admin.php(49): view('pages/seminar')
 7 SYSTEMPATH\CodeIgniter.php(898): App\Controllers\Admin->card()
 8 SYSTEMPATH\CodeIgniter.php(468): CodeIgniter\CodeIgniter->runController(Object(App\Controllers\Admin))
 9 SYSTEMPATH\CodeIgniter.php(351): CodeIgniter\CodeIgniter->handleRequest(null, Object(Config\Cache), false)
10 FCPATH\index.php(55): CodeIgniter\CodeIgniter->run()
11 SYSTEMPATH\Commands\Server\rewrite.php(43): require_once('FCPATH\\index.php')
CRITICAL - 2022-06-16 01:59:05 --> Undefined variable $title
in APPPATH\Views\layout\templates.php on line 7.
 1 APPPATH\Views\layout\templates.php(7): CodeIgniter\Debug\Exceptions->errorHandler(2, 'Undefined variable $title', 'APPPATH\\Views\\layout\\templates.php', 7)
 2 SYSTEMPATH\View\View.php(213): include('APPPATH\\Views\\layout\\templates.php')
 3 SYSTEMPATH\View\View.php(216): CodeIgniter\View\View->CodeIgniter\View\{closure}()
 4 SYSTEMPATH\View\View.php(229): CodeIgniter\View\View->render('layout/templates', [], true)
 5 SYSTEMPATH\Common.php(1135): CodeIgniter\View\View->render('pages/seminar', [], true)
 6 APPPATH\Controllers\Admin.php(49): view('pages/seminar')
 7 SYSTEMPATH\CodeIgniter.php(898): App\Controllers\Admin->card()
 8 SYSTEMPATH\CodeIgniter.php(468): CodeIgniter\CodeIgniter->runController(Object(App\Controllers\Admin))
 9 SYSTEMPATH\CodeIgniter.php(351): CodeIgniter\CodeIgniter->handleRequest(null, Object(Config\Cache), false)
10 FCPATH\index.php(55): CodeIgniter\CodeIgniter->run()
11 SYSTEMPATH\Commands\Server\rewrite.php(43): require_once('FCPATH\\index.php')
CRITICAL - 2022-06-16 01:59:56 --> Call to undefined method CodeIgniter\View\View::extends()
in APPPATH\Views\admin\formCard.php on line 1.
 1 SYSTEMPATH\View\View.php(213): include()
 2 SYSTEMPATH\View\View.php(216): CodeIgniter\View\View->CodeIgniter\View\{closure}()
 3 SYSTEMPATH\Common.php(1135): CodeIgniter\View\View->render('admin/formCard', [], true)
 4 APPPATH\Controllers\Admin.php(49): view('admin/formCard', [...])
 5 SYSTEMPATH\CodeIgniter.php(898): App\Controllers\Admin->card()
 6 SYSTEMPATH\CodeIgniter.php(468): CodeIgniter\CodeIgniter->runController(Object(App\Controllers\Admin))
 7 SYSTEMPATH\CodeIgniter.php(351): CodeIgniter\CodeIgniter->handleRequest(null, Object(Config\Cache), false)
 8 FCPATH\index.php(55): CodeIgniter\CodeIgniter->run()
 9 SYSTEMPATH\Commands\Server\rewrite.php(43): require_once('FCPATH\\index.php')
CRITICAL - 2022-06-16 02:01:35 --> Cannot redeclare App\Controllers\Admin::card()
in APPPATH\Controllers\Admin.php on line 49.
 1 [internal function]: CodeIgniter\Debug\Exceptions->shutdownHandler()
CRITICAL - 2022-06-16 02:03:27 --> Undefined variable $CARD
in APPPATH\Controllers\Admin.php on line 55.
 1 APPPATH\Controllers\Admin.php(55): CodeIgniter\Debug\Exceptions->errorHandler(2, 'Undefined variable $CARD', 'APPPATH\\Controllers\\Admin.php', 55)
 2 SYSTEMPATH\CodeIgniter.php(898): App\Controllers\Admin->card_find()
 3 SYSTEMPATH\CodeIgniter.php(468): CodeIgniter\CodeIgniter->runController(Object(App\Controllers\Admin))
 4 SYSTEMPATH\CodeIgniter.php(351): CodeIgniter\CodeIgniter->handleRequest(null, Object(Config\Cache), false)
 5 FCPATH\index.php(55): CodeIgniter\CodeIgniter->run()
 6 SYSTEMPATH\Commands\Server\rewrite.php(43): require_once('FCPATH\\index.php')
CRITICAL - 2022-06-16 02:03:33 --> Undefined variable $CARD
in APPPATH\Controllers\Admin.php on line 55.
 1 APPPATH\Controllers\Admin.php(55): CodeIgniter\Debug\Exceptions->errorHandler(2, 'Undefined variable $CARD', 'APPPATH\\Controllers\\Admin.php', 55)
 2 SYSTEMPATH\CodeIgniter.php(898): App\Controllers\Admin->card_find()
 3 SYSTEMPATH\CodeIgniter.php(468): CodeIgniter\CodeIgniter->runController(Object(App\Controllers\Admin))
 4 SYSTEMPATH\CodeIgniter.php(351): CodeIgniter\CodeIgniter->handleRequest(null, Object(Config\Cache), false)
 5 FCPATH\index.php(55): CodeIgniter\CodeIgniter->run()
 6 SYSTEMPATH\Commands\Server\rewrite.php(43): require_once('FCPATH\\index.php')
CRITICAL - 2022-06-16 02:21:53 --> Undefined variable $card
in APPPATH\Views\pages\seminar.php on line 13.
 1 APPPATH\Views\pages\seminar.php(13): CodeIgniter\Debug\Exceptions->errorHandler(2, 'Undefined variable $card', 'APPPATH\\Views\\pages\\seminar.php', 13)
 2 SYSTEMPATH\View\View.php(213): include('APPPATH\\Views\\pages\\seminar.php')
 3 SYSTEMPATH\View\View.php(216): CodeIgniter\View\View->CodeIgniter\View\{closure}()
 4 SYSTEMPATH\Common.php(1135): CodeIgniter\View\View->render('pages/seminar', [], true)
 5 APPPATH\Controllers\Pages.php(20): view('pages/seminar', [...])
 6 SYSTEMPATH\CodeIgniter.php(898): App\Controllers\Pages->seminar()
 7 SYSTEMPATH\CodeIgniter.php(468): CodeIgniter\CodeIgniter->runController(Object(App\Controllers\Pages))
 8 SYSTEMPATH\CodeIgniter.php(351): CodeIgniter\CodeIgniter->handleRequest(null, Object(Config\Cache), false)
 9 FCPATH\index.php(55): CodeIgniter\CodeIgniter->run()
10 SYSTEMPATH\Commands\Server\rewrite.php(43): require_once('FCPATH\\index.php')
CRITICAL - 2022-06-16 02:24:14 --> Undefined variable $card
in APPPATH\Views\pages\seminar.php on line 17.
 1 APPPATH\Views\pages\seminar.php(17): CodeIgniter\Debug\Exceptions->errorHandler(2, 'Undefined variable $card', 'APPPATH\\Views\\pages\\seminar.php', 17)
 2 SYSTEMPATH\View\View.php(213): include('APPPATH\\Views\\pages\\seminar.php')
 3 SYSTEMPATH\View\View.php(216): CodeIgniter\View\View->CodeIgniter\View\{closure}()
 4 SYSTEMPATH\Common.php(1135): CodeIgniter\View\View->render('pages/seminar', [], true)
 5 APPPATH\Controllers\Pages.php(20): view('pages/seminar', [...])
 6 SYSTEMPATH\CodeIgniter.php(898): App\Controllers\Pages->seminar()
 7 SYSTEMPATH\CodeIgniter.php(468): CodeIgniter\CodeIgniter->runController(Object(App\Controllers\Pages))
 8 SYSTEMPATH\CodeIgniter.php(351): CodeIgniter\CodeIgniter->handleRequest(null, Object(Config\Cache), false)
 9 FCPATH\index.php(55): CodeIgniter\CodeIgniter->run()
10 SYSTEMPATH\Commands\Server\rewrite.php(43): require_once('FCPATH\\index.php')
CRITICAL - 2022-06-16 02:24:28 --> Undefined variable $card
in APPPATH\Views\pages\seminar.php on line 17.
 1 APPPATH\Views\pages\seminar.php(17): CodeIgniter\Debug\Exceptions->errorHandler(2, 'Undefined variable $card', 'APPPATH\\Views\\pages\\seminar.php', 17)
 2 SYSTEMPATH\View\View.php(213): include('APPPATH\\Views\\pages\\seminar.php')
 3 SYSTEMPATH\View\View.php(216): CodeIgniter\View\View->CodeIgniter\View\{closure}()
 4 SYSTEMPATH\Common.php(1135): CodeIgniter\View\View->render('pages/seminar', [], true)
 5 APPPATH\Controllers\Pages.php(20): view('pages/seminar', [...])
 6 SYSTEMPATH\CodeIgniter.php(898): App\Controllers\Pages->seminar()
 7 SYSTEMPATH\CodeIgniter.php(468): CodeIgniter\CodeIgniter->runController(Object(App\Controllers\Pages))
 8 SYSTEMPATH\CodeIgniter.php(351): CodeIgniter\CodeIgniter->handleRequest(null, Object(Config\Cache), false)
 9 FCPATH\index.php(55): CodeIgniter\CodeIgniter->run()
10 SYSTEMPATH\Commands\Server\rewrite.php(43): require_once('FCPATH\\index.php')
CRITICAL - 2022-06-16 02:25:25 --> Undefined variable $row
in APPPATH\Views\pages\seminar.php on line 18.
 1 APPPATH\Views\pages\seminar.php(18): CodeIgniter\Debug\Exceptions->errorHandler(2, 'Undefined variable $row', 'APPPATH\\Views\\pages\\seminar.php', 18)
 2 SYSTEMPATH\View\View.php(213): include('APPPATH\\Views\\pages\\seminar.php')
 3 SYSTEMPATH\View\View.php(216): CodeIgniter\View\View->CodeIgniter\View\{closure}()
 4 SYSTEMPATH\Common.php(1135): CodeIgniter\View\View->render('pages/seminar', [], true)
 5 APPPATH\Controllers\Pages.php(20): view('pages/seminar', [...])
 6 SYSTEMPATH\CodeIgniter.php(898): App\Controllers\Pages->seminar()
 7 SYSTEMPATH\CodeIgniter.php(468): CodeIgniter\CodeIgniter->runController(Object(App\Controllers\Pages))
 8 SYSTEMPATH\CodeIgniter.php(351): CodeIgniter\CodeIgniter->handleRequest(null, Object(Config\Cache), false)
 9 FCPATH\index.php(55): CodeIgniter\CodeIgniter->run()
10 SYSTEMPATH\Commands\Server\rewrite.php(43): require_once('FCPATH\\index.php')
CRITICAL - 2022-06-16 02:25:42 --> Undefined variable $card
in APPPATH\Views\pages\seminar.php on line 17.
 1 APPPATH\Views\pages\seminar.php(17): CodeIgniter\Debug\Exceptions->errorHandler(2, 'Undefined variable $card', 'APPPATH\\Views\\pages\\seminar.php', 17)
 2 SYSTEMPATH\View\View.php(213): include('APPPATH\\Views\\pages\\seminar.php')
 3 SYSTEMPATH\View\View.php(216): CodeIgniter\View\View->CodeIgniter\View\{closure}()
 4 SYSTEMPATH\Common.php(1135): CodeIgniter\View\View->render('pages/seminar', [], true)
 5 APPPATH\Controllers\Pages.php(20): view('pages/seminar', [...])
 6 SYSTEMPATH\CodeIgniter.php(898): App\Controllers\Pages->seminar()
 7 SYSTEMPATH\CodeIgniter.php(468): CodeIgniter\CodeIgniter->runController(Object(App\Controllers\Pages))
 8 SYSTEMPATH\CodeIgniter.php(351): CodeIgniter\CodeIgniter->handleRequest(null, Object(Config\Cache), false)
 9 FCPATH\index.php(55): CodeIgniter\CodeIgniter->run()
10 SYSTEMPATH\Commands\Server\rewrite.php(43): require_once('FCPATH\\index.php')
CRITICAL - 2022-06-16 02:25:50 --> Undefined variable $card
in APPPATH\Views\pages\seminar.php on line 17.
 1 APPPATH\Views\pages\seminar.php(17): CodeIgniter\Debug\Exceptions->errorHandler(2, 'Undefined variable $card', 'APPPATH\\Views\\pages\\seminar.php', 17)
 2 SYSTEMPATH\View\View.php(213): include('APPPATH\\Views\\pages\\seminar.php')
 3 SYSTEMPATH\View\View.php(216): CodeIgniter\View\View->CodeIgniter\View\{closure}()
 4 SYSTEMPATH\Common.php(1135): CodeIgniter\View\View->render('pages/seminar', [], true)
 5 APPPATH\Controllers\Pages.php(20): view('pages/seminar', [...])
 6 SYSTEMPATH\CodeIgniter.php(898): App\Controllers\Pages->seminar()
 7 SYSTEMPATH\CodeIgniter.php(468): CodeIgniter\CodeIgniter->runController(Object(App\Controllers\Pages))
 8 SYSTEMPATH\CodeIgniter.php(351): CodeIgniter\CodeIgniter->handleRequest(null, Object(Config\Cache), false)
 9 FCPATH\index.php(55): CodeIgniter\CodeIgniter->run()
10 SYSTEMPATH\Commands\Server\rewrite.php(43): require_once('FCPATH\\index.php')
CRITICAL - 2022-06-16 02:32:54 --> Undefined variable $card
in APPPATH\Controllers\Admin.php on line 61.
 1 APPPATH\Controllers\Admin.php(61): CodeIgniter\Debug\Exceptions->errorHandler(2, 'Undefined variable $card', 'APPPATH\\Controllers\\Admin.php', 61)
 2 SYSTEMPATH\CodeIgniter.php(898): App\Controllers\Admin->save_card()
 3 SYSTEMPATH\CodeIgniter.php(468): CodeIgniter\CodeIgniter->runController(Object(App\Controllers\Admin))
 4 SYSTEMPATH\CodeIgniter.php(351): CodeIgniter\CodeIgniter->handleRequest(null, Object(Config\Cache), false)
 5 FCPATH\index.php(55): CodeIgniter\CodeIgniter->run()
 6 SYSTEMPATH\Commands\Server\rewrite.php(43): require_once('FCPATH\\index.php')
CRITICAL - 2022-06-16 02:33:48 --> Undefined variable $card
in APPPATH\Views\pages\seminar.php on line 17.
 1 APPPATH\Views\pages\seminar.php(17): CodeIgniter\Debug\Exceptions->errorHandler(2, 'Undefined variable $card', 'APPPATH\\Views\\pages\\seminar.php', 17)
 2 SYSTEMPATH\View\View.php(213): include('APPPATH\\Views\\pages\\seminar.php')
 3 SYSTEMPATH\View\View.php(216): CodeIgniter\View\View->CodeIgniter\View\{closure}()
 4 SYSTEMPATH\Common.php(1135): CodeIgniter\View\View->render('pages/seminar', [], true)
 5 APPPATH\Controllers\Pages.php(20): view('pages/seminar', [...])
 6 SYSTEMPATH\CodeIgniter.php(898): App\Controllers\Pages->seminar()
 7 SYSTEMPATH\CodeIgniter.php(468): CodeIgniter\CodeIgniter->runController(Object(App\Controllers\Pages))
 8 SYSTEMPATH\CodeIgniter.php(351): CodeIgniter\CodeIgniter->handleRequest(null, Object(Config\Cache), false)
 9 FCPATH\index.php(55): CodeIgniter\CodeIgniter->run()
10 SYSTEMPATH\Commands\Server\rewrite.php(43): require_once('FCPATH\\index.php')
CRITICAL - 2022-06-16 02:34:22 --> Undefined variable $card
in APPPATH\Views\pages\seminar.php on line 17.
 1 APPPATH\Views\pages\seminar.php(17): CodeIgniter\Debug\Exceptions->errorHandler(2, 'Undefined variable $card', 'APPPATH\\Views\\pages\\seminar.php', 17)
 2 SYSTEMPATH\View\View.php(213): include('APPPATH\\Views\\pages\\seminar.php')
 3 SYSTEMPATH\View\View.php(216): CodeIgniter\View\View->CodeIgniter\View\{closure}()
 4 SYSTEMPATH\Common.php(1135): CodeIgniter\View\View->render('pages/seminar', [], true)
 5 APPPATH\Controllers\Pages.php(20): view('pages/seminar', [...])
 6 SYSTEMPATH\CodeIgniter.php(898): App\Controllers\Pages->seminar()
 7 SYSTEMPATH\CodeIgniter.php(468): CodeIgniter\CodeIgniter->runController(Object(App\Controllers\Pages))
 8 SYSTEMPATH\CodeIgniter.php(351): CodeIgniter\CodeIgniter->handleRequest(null, Object(Config\Cache), false)
 9 FCPATH\index.php(55): CodeIgniter\CodeIgniter->run()
10 SYSTEMPATH\Commands\Server\rewrite.php(43): require_once('FCPATH\\index.php')
CRITICAL - 2022-06-16 02:35:46 --> Undefined variable $card
in APPPATH\Views\pages\seminar.php on line 17.
 1 APPPATH\Views\pages\seminar.php(17): CodeIgniter\Debug\Exceptions->errorHandler(2, 'Undefined variable $card', 'APPPATH\\Views\\pages\\seminar.php', 17)
 2 SYSTEMPATH\View\View.php(213): include('APPPATH\\Views\\pages\\seminar.php')
 3 SYSTEMPATH\View\View.php(216): CodeIgniter\View\View->CodeIgniter\View\{closure}()
 4 SYSTEMPATH\Common.php(1135): CodeIgniter\View\View->render('pages/seminar', [], true)
 5 APPPATH\Controllers\Pages.php(20): view('pages/seminar', [...])
 6 SYSTEMPATH\CodeIgniter.php(898): App\Controllers\Pages->seminar()
 7 SYSTEMPATH\CodeIgniter.php(468): CodeIgniter\CodeIgniter->runController(Object(App\Controllers\Pages))
 8 SYSTEMPATH\CodeIgniter.php(351): CodeIgniter\CodeIgniter->handleRequest(null, Object(Config\Cache), false)
 9 FCPATH\index.php(55): CodeIgniter\CodeIgniter->run()
10 SYSTEMPATH\Commands\Server\rewrite.php(43): require_once('FCPATH\\index.php')
CRITICAL - 2022-06-16 02:36:01 --> Undefined variable $row
in APPPATH\Views\pages\seminar.php on line 18.
 1 APPPATH\Views\pages\seminar.php(18): CodeIgniter\Debug\Exceptions->errorHandler(2, 'Undefined variable $row', 'APPPATH\\Views\\pages\\seminar.php', 18)
 2 SYSTEMPATH\View\View.php(213): include('APPPATH\\Views\\pages\\seminar.php')
 3 SYSTEMPATH\View\View.php(216): CodeIgniter\View\View->CodeIgniter\View\{closure}()
 4 SYSTEMPATH\Common.php(1135): CodeIgniter\View\View->render('pages/seminar', [], true)
 5 APPPATH\Controllers\Pages.php(20): view('pages/seminar', [...])
 6 SYSTEMPATH\CodeIgniter.php(898): App\Controllers\Pages->seminar()
 7 SYSTEMPATH\CodeIgniter.php(468): CodeIgniter\CodeIgniter->runController(Object(App\Controllers\Pages))
 8 SYSTEMPATH\CodeIgniter.php(351): CodeIgniter\CodeIgniter->handleRequest(null, Object(Config\Cache), false)
 9 FCPATH\index.php(55): CodeIgniter\CodeIgniter->run()
10 SYSTEMPATH\Commands\Server\rewrite.php(43): require_once('FCPATH\\index.php')
CRITICAL - 2022-06-16 02:36:08 --> Undefined variable $card
in APPPATH\Views\pages\seminar.php on line 24.
 1 APPPATH\Views\pages\seminar.php(24): CodeIgniter\Debug\Exceptions->errorHandler(2, 'Undefined variable $card', 'APPPATH\\Views\\pages\\seminar.php', 24)
 2 SYSTEMPATH\View\View.php(213): include('APPPATH\\Views\\pages\\seminar.php')
 3 SYSTEMPATH\View\View.php(216): CodeIgniter\View\View->CodeIgniter\View\{closure}()
 4 SYSTEMPATH\Common.php(1135): CodeIgniter\View\View->render('pages/seminar', [], true)
 5 APPPATH\Controllers\Pages.php(20): view('pages/seminar', [...])
 6 SYSTEMPATH\CodeIgniter.php(898): App\Controllers\Pages->seminar()
 7 SYSTEMPATH\CodeIgniter.php(468): CodeIgniter\CodeIgniter->runController(Object(App\Controllers\Pages))
 8 SYSTEMPATH\CodeIgniter.php(351): CodeIgniter\CodeIgniter->handleRequest(null, Object(Config\Cache), false)
 9 FCPATH\index.php(55): CodeIgniter\CodeIgniter->run()
10 SYSTEMPATH\Commands\Server\rewrite.php(43): require_once('FCPATH\\index.php')
CRITICAL - 2022-06-16 02:37:27 --> Undefined variable $card
in APPPATH\Views\pages\seminar.php on line 17.
 1 APPPATH\Views\pages\seminar.php(17): CodeIgniter\Debug\Exceptions->errorHandler(2, 'Undefined variable $card', 'APPPATH\\Views\\pages\\seminar.php', 17)
 2 SYSTEMPATH\View\View.php(213): include('APPPATH\\Views\\pages\\seminar.php')
 3 SYSTEMPATH\View\View.php(216): CodeIgniter\View\View->CodeIgniter\View\{closure}()
 4 SYSTEMPATH\Common.php(1135): CodeIgniter\View\View->render('pages/seminar', [], true)
 5 APPPATH\Controllers\Pages.php(20): view('pages/seminar', [...])
 6 SYSTEMPATH\CodeIgniter.php(898): App\Controllers\Pages->seminar()
 7 SYSTEMPATH\CodeIgniter.php(468): CodeIgniter\CodeIgniter->runController(Object(App\Controllers\Pages))
 8 SYSTEMPATH\CodeIgniter.php(351): CodeIgniter\CodeIgniter->handleRequest(null, Object(Config\Cache), false)
 9 FCPATH\index.php(55): CodeIgniter\CodeIgniter->run()
10 SYSTEMPATH\Commands\Server\rewrite.php(43): require_once('FCPATH\\index.php')
CRITICAL - 2022-06-16 02:37:34 --> Undefined variable $card
in APPPATH\Views\pages\seminar.php on line 17.
 1 APPPATH\Views\pages\seminar.php(17): CodeIgniter\Debug\Exceptions->errorHandler(2, 'Undefined variable $card', 'APPPATH\\Views\\pages\\seminar.php', 17)
 2 SYSTEMPATH\View\View.php(213): include('APPPATH\\Views\\pages\\seminar.php')
 3 SYSTEMPATH\View\View.php(216): CodeIgniter\View\View->CodeIgniter\View\{closure}()
 4 SYSTEMPATH\Common.php(1135): CodeIgniter\View\View->render('pages/seminar', [], true)
 5 APPPATH\Controllers\Pages.php(20): view('pages/seminar', [...])
 6 SYSTEMPATH\CodeIgniter.php(898): App\Controllers\Pages->seminar()
 7 SYSTEMPATH\CodeIgniter.php(468): CodeIgniter\CodeIgniter->runController(Object(App\Controllers\Pages))
 8 SYSTEMPATH\CodeIgniter.php(351): CodeIgniter\CodeIgniter->handleRequest(null, Object(Config\Cache), false)
 9 FCPATH\index.php(55): CodeIgniter\CodeIgniter->run()
10 SYSTEMPATH\Commands\Server\rewrite.php(43): require_once('FCPATH\\index.php')
CRITICAL - 2022-06-16 02:39:54 --> Undefined variable $card
in APPPATH\Views\pages\seminar.php on line 17.
 1 APPPATH\Views\pages\seminar.php(17): CodeIgniter\Debug\Exceptions->errorHandler(2, 'Undefined variable $card', 'APPPATH\\Views\\pages\\seminar.php', 17)
 2 SYSTEMPATH\View\View.php(213): include('APPPATH\\Views\\pages\\seminar.php')
 3 SYSTEMPATH\View\View.php(216): CodeIgniter\View\View->CodeIgniter\View\{closure}()
 4 SYSTEMPATH\Common.php(1135): CodeIgniter\View\View->render('pages/seminar', [], true)
 5 APPPATH\Controllers\Pages.php(20): view('pages/seminar', [...])
 6 SYSTEMPATH\CodeIgniter.php(898): App\Controllers\Pages->seminar()
 7 SYSTEMPATH\CodeIgniter.php(468): CodeIgniter\CodeIgniter->runController(Object(App\Controllers\Pages))
 8 SYSTEMPATH\CodeIgniter.php(351): CodeIgniter\CodeIgniter->handleRequest(null, Object(Config\Cache), false)
 9 FCPATH\index.php(55): CodeIgniter\CodeIgniter->run()
10 SYSTEMPATH\Commands\Server\rewrite.php(43): require_once('FCPATH\\index.php')
CRITICAL - 2022-06-16 02:40:45 --> Undefined variable $card
in APPPATH\Views\pages\seminar.php on line 17.
 1 APPPATH\Views\pages\seminar.php(17): CodeIgniter\Debug\Exceptions->errorHandler(2, 'Undefined variable $card', 'APPPATH\\Views\\pages\\seminar.php', 17)
 2 SYSTEMPATH\View\View.php(213): include('APPPATH\\Views\\pages\\seminar.php')
 3 SYSTEMPATH\View\View.php(216): CodeIgniter\View\View->CodeIgniter\View\{closure}()
 4 SYSTEMPATH\Common.php(1135): CodeIgniter\View\View->render('pages/seminar', [], true)
 5 APPPATH\Controllers\Pages.php(20): view('pages/seminar', [...])
 6 SYSTEMPATH\CodeIgniter.php(898): App\Controllers\Pages->seminar()
 7 SYSTEMPATH\CodeIgniter.php(468): CodeIgniter\CodeIgniter->runController(Object(App\Controllers\Pages))
 8 SYSTEMPATH\CodeIgniter.php(351): CodeIgniter\CodeIgniter->handleRequest(null, Object(Config\Cache), false)
 9 FCPATH\index.php(55): CodeIgniter\CodeIgniter->run()
10 SYSTEMPATH\Commands\Server\rewrite.php(43): require_once('FCPATH\\index.php')
CRITICAL - 2022-06-16 02:41:01 --> Undefined variable $card
in APPPATH\Views\pages\seminar.php on line 17.
 1 APPPATH\Views\pages\seminar.php(17): CodeIgniter\Debug\Exceptions->errorHandler(2, 'Undefined variable $card', 'APPPATH\\Views\\pages\\seminar.php', 17)
 2 SYSTEMPATH\View\View.php(213): include('APPPATH\\Views\\pages\\seminar.php')
 3 SYSTEMPATH\View\View.php(216): CodeIgniter\View\View->CodeIgniter\View\{closure}()
 4 SYSTEMPATH\Common.php(1135): CodeIgniter\View\View->render('pages/seminar', [], true)
 5 APPPATH\Controllers\Pages.php(20): view('pages/seminar', [...])
 6 SYSTEMPATH\CodeIgniter.php(898): App\Controllers\Pages->seminar()
 7 SYSTEMPATH\CodeIgniter.php(468): CodeIgniter\CodeIgniter->runController(Object(App\Controllers\Pages))
 8 SYSTEMPATH\CodeIgniter.php(351): CodeIgniter\CodeIgniter->handleRequest(null, Object(Config\Cache), false)
 9 FCPATH\index.php(55): CodeIgniter\CodeIgniter->run()
10 SYSTEMPATH\Commands\Server\rewrite.php(43): require_once('FCPATH\\index.php')
CRITICAL - 2022-06-16 02:41:52 --> include(admin/card_find): Failed to open stream: No such file or directory
in APPPATH\Views\pages\seminar.php on line 17.
 1 APPPATH\Views\pages\seminar.php(17): CodeIgniter\Debug\Exceptions->errorHandler(2, 'include(admin/card_find): Failed to open stream: No such file or directory', 'APPPATH\\Views\\pages\\seminar.php', 17)
 2 APPPATH\Views\pages\seminar.php(17): include()
 3 SYSTEMPATH\View\View.php(213): include('APPPATH\\Views\\pages\\seminar.php')
 4 SYSTEMPATH\View\View.php(216): CodeIgniter\View\View->CodeIgniter\View\{closure}()
 5 SYSTEMPATH\Common.php(1135): CodeIgniter\View\View->render('pages/seminar', [], true)
 6 APPPATH\Controllers\Pages.php(20): view('pages/seminar', [...])
 7 SYSTEMPATH\CodeIgniter.php(898): App\Controllers\Pages->seminar()
 8 SYSTEMPATH\CodeIgniter.php(468): CodeIgniter\CodeIgniter->runController(Object(App\Controllers\Pages))
 9 SYSTEMPATH\CodeIgniter.php(351): CodeIgniter\CodeIgniter->handleRequest(null, Object(Config\Cache), false)
10 FCPATH\index.php(55): CodeIgniter\CodeIgniter->run()
11 SYSTEMPATH\Commands\Server\rewrite.php(43): require_once('FCPATH\\index.php')
CRITICAL - 2022-06-16 02:42:03 --> Undefined variable $card
in APPPATH\Views\pages\seminar.php on line 17.
 1 APPPATH\Views\pages\seminar.php(17): CodeIgniter\Debug\Exceptions->errorHandler(2, 'Undefined variable $card', 'APPPATH\\Views\\pages\\seminar.php', 17)
 2 SYSTEMPATH\View\View.php(213): include('APPPATH\\Views\\pages\\seminar.php')
 3 SYSTEMPATH\View\View.php(216): CodeIgniter\View\View->CodeIgniter\View\{closure}()
 4 SYSTEMPATH\Common.php(1135): CodeIgniter\View\View->render('pages/seminar', [], true)
 5 APPPATH\Controllers\Pages.php(20): view('pages/seminar', [...])
 6 SYSTEMPATH\CodeIgniter.php(898): App\Controllers\Pages->seminar()
 7 SYSTEMPATH\CodeIgniter.php(468): CodeIgniter\CodeIgniter->runController(Object(App\Controllers\Pages))
 8 SYSTEMPATH\CodeIgniter.php(351): CodeIgniter\CodeIgniter->handleRequest(null, Object(Config\Cache), false)
 9 FCPATH\index.php(55): CodeIgniter\CodeIgniter->run()
10 SYSTEMPATH\Commands\Server\rewrite.php(43): require_once('FCPATH\\index.php')
CRITICAL - 2022-06-16 02:43:53 --> Invalid file: pages/seminar.php
in SYSTEMPATH\Exceptions\FrameworkException.php on line 33.
 1 SYSTEMPATH\View\View.php(201): CodeIgniter\Exceptions\FrameworkException::forInvalidFile('pages/seminar.php')
 2 SYSTEMPATH\Common.php(1135): CodeIgniter\View\View->render('pages/seminar', [], true)
 3 APPPATH\Controllers\Pages.php(20): view('pages/seminar', [...])
 4 SYSTEMPATH\CodeIgniter.php(898): App\Controllers\Pages->seminar()
 5 SYSTEMPATH\CodeIgniter.php(468): CodeIgniter\CodeIgniter->runController(Object(App\Controllers\Pages))
 6 SYSTEMPATH\CodeIgniter.php(351): CodeIgniter\CodeIgniter->handleRequest(null, Object(Config\Cache), false)
 7 FCPATH\index.php(55): CodeIgniter\CodeIgniter->run()
 8 SYSTEMPATH\Commands\Server\rewrite.php(43): require_once('FCPATH\\index.php')
CRITICAL - 2022-06-16 02:45:07 --> Undefined variable $card
in APPPATH\Views\pages\seminar.php on line 13.
 1 APPPATH\Views\pages\seminar.php(13): CodeIgniter\Debug\Exceptions->errorHandler(2, 'Undefined variable $card', 'APPPATH\\Views\\pages\\seminar.php', 13)
 2 SYSTEMPATH\View\View.php(213): include('APPPATH\\Views\\pages\\seminar.php')
 3 SYSTEMPATH\View\View.php(216): CodeIgniter\View\View->CodeIgniter\View\{closure}()
 4 SYSTEMPATH\Common.php(1135): CodeIgniter\View\View->render('pages/seminar', [], true)
 5 APPPATH\Controllers\Pages.php(20): view('pages/seminar', [...])
 6 SYSTEMPATH\CodeIgniter.php(898): App\Controllers\Pages->seminar()
 7 SYSTEMPATH\CodeIgniter.php(468): CodeIgniter\CodeIgniter->runController(Object(App\Controllers\Pages))
 8 SYSTEMPATH\CodeIgniter.php(351): CodeIgniter\CodeIgniter->handleRequest(null, Object(Config\Cache), false)
 9 FCPATH\index.php(55): CodeIgniter\CodeIgniter->run()
10 SYSTEMPATH\Commands\Server\rewrite.php(43): require_once('FCPATH\\index.php')
CRITICAL - 2022-06-16 02:46:46 --> syntax error, unexpected token ";", expecting "{"
in APPPATH\Views\pages\seminar.php on line 4.
 1 SYSTEMPATH\View\View.php(216): CodeIgniter\View\View->CodeIgniter\View\{closure}()
 2 SYSTEMPATH\Common.php(1135): CodeIgniter\View\View->render('pages/seminar', [], true)
 3 APPPATH\Controllers\Pages.php(20): view('pages/seminar', [...])
 4 SYSTEMPATH\CodeIgniter.php(898): App\Controllers\Pages->seminar()
 5 SYSTEMPATH\CodeIgniter.php(468): CodeIgniter\CodeIgniter->runController(Object(App\Controllers\Pages))
 6 SYSTEMPATH\CodeIgniter.php(351): CodeIgniter\CodeIgniter->handleRequest(null, Object(Config\Cache), false)
 7 FCPATH\index.php(55): CodeIgniter\CodeIgniter->run()
 8 SYSTEMPATH\Commands\Server\rewrite.php(43): require_once('FCPATH\\index.php')
CRITICAL - 2022-06-16 02:47:01 --> Undefined variable $card
in APPPATH\Views\pages\seminar.php on line 14.
 1 APPPATH\Views\pages\seminar.php(14): CodeIgniter\Debug\Exceptions->errorHandler(2, 'Undefined variable $card', 'APPPATH\\Views\\pages\\seminar.php', 14)
 2 SYSTEMPATH\View\View.php(213): include('APPPATH\\Views\\pages\\seminar.php')
 3 SYSTEMPATH\View\View.php(216): CodeIgniter\View\View->CodeIgniter\View\{closure}()
 4 SYSTEMPATH\Common.php(1135): CodeIgniter\View\View->render('pages/seminar', [], true)
 5 APPPATH\Controllers\Pages.php(20): view('pages/seminar', [...])
 6 SYSTEMPATH\CodeIgniter.php(898): App\Controllers\Pages->seminar()
 7 SYSTEMPATH\CodeIgniter.php(468): CodeIgniter\CodeIgniter->runController(Object(App\Controllers\Pages))
 8 SYSTEMPATH\CodeIgniter.php(351): CodeIgniter\CodeIgniter->handleRequest(null, Object(Config\Cache), false)
 9 FCPATH\index.php(55): CodeIgniter\CodeIgniter->run()
10 SYSTEMPATH\Commands\Server\rewrite.php(43): require_once('FCPATH\\index.php')
CRITICAL - 2022-06-16 02:47:17 --> Undefined variable $card
in APPPATH\Views\pages\seminar.php on line 14.
 1 APPPATH\Views\pages\seminar.php(14): CodeIgniter\Debug\Exceptions->errorHandler(2, 'Undefined variable $card', 'APPPATH\\Views\\pages\\seminar.php', 14)
 2 SYSTEMPATH\View\View.php(213): include('APPPATH\\Views\\pages\\seminar.php')
 3 SYSTEMPATH\View\View.php(216): CodeIgniter\View\View->CodeIgniter\View\{closure}()
 4 SYSTEMPATH\Common.php(1135): CodeIgniter\View\View->render('pages/seminar', [], true)
 5 APPPATH\Controllers\Pages.php(20): view('pages/seminar', [...])
 6 SYSTEMPATH\CodeIgniter.php(898): App\Controllers\Pages->seminar()
 7 SYSTEMPATH\CodeIgniter.php(468): CodeIgniter\CodeIgniter->runController(Object(App\Controllers\Pages))
 8 SYSTEMPATH\CodeIgniter.php(351): CodeIgniter\CodeIgniter->handleRequest(null, Object(Config\Cache), false)
 9 FCPATH\index.php(55): CodeIgniter\CodeIgniter->run()
10 SYSTEMPATH\Commands\Server\rewrite.php(43): require_once('FCPATH\\index.php')
CRITICAL - 2022-06-16 02:48:29 --> Undefined property: CodeIgniter\View\View::$card
in APPPATH\Views\pages\seminar.php on line 14.
 1 APPPATH\Views\pages\seminar.php(14): CodeIgniter\Debug\Exceptions->errorHandler(2, 'Undefined property: CodeIgniter\\View\\View::$card', 'APPPATH\\Views\\pages\\seminar.php', 14)
 2 SYSTEMPATH\View\View.php(213): include('APPPATH\\Views\\pages\\seminar.php')
 3 SYSTEMPATH\View\View.php(216): CodeIgniter\View\View->CodeIgniter\View\{closure}()
 4 SYSTEMPATH\Common.php(1135): CodeIgniter\View\View->render('pages/seminar', [], true)
 5 APPPATH\Controllers\Pages.php(20): view('pages/seminar', [...])
 6 SYSTEMPATH\CodeIgniter.php(898): App\Controllers\Pages->seminar()
 7 SYSTEMPATH\CodeIgniter.php(468): CodeIgniter\CodeIgniter->runController(Object(App\Controllers\Pages))
 8 SYSTEMPATH\CodeIgniter.php(351): CodeIgniter\CodeIgniter->handleRequest(null, Object(Config\Cache), false)
 9 FCPATH\index.php(55): CodeIgniter\CodeIgniter->run()
10 SYSTEMPATH\Commands\Server\rewrite.php(43): require_once('FCPATH\\index.php')
CRITICAL - 2022-06-16 02:48:49 --> Undefined property: CodeIgniter\View\View::$card
in APPPATH\Views\pages\seminar.php on line 14.
 1 APPPATH\Views\pages\seminar.php(14): CodeIgniter\Debug\Exceptions->errorHandler(2, 'Undefined property: CodeIgniter\\View\\View::$card', 'APPPATH\\Views\\pages\\seminar.php', 14)
 2 SYSTEMPATH\View\View.php(213): include('APPPATH\\Views\\pages\\seminar.php')
 3 SYSTEMPATH\View\View.php(216): CodeIgniter\View\View->CodeIgniter\View\{closure}()
 4 SYSTEMPATH\Common.php(1135): CodeIgniter\View\View->render('pages/seminar', [], true)
 5 APPPATH\Controllers\Pages.php(20): view('pages/seminar', [...])
 6 SYSTEMPATH\CodeIgniter.php(898): App\Controllers\Pages->seminar()
 7 SYSTEMPATH\CodeIgniter.php(468): CodeIgniter\CodeIgniter->runController(Object(App\Controllers\Pages))
 8 SYSTEMPATH\CodeIgniter.php(351): CodeIgniter\CodeIgniter->handleRequest(null, Object(Config\Cache), false)
 9 FCPATH\index.php(55): CodeIgniter\CodeIgniter->run()
10 SYSTEMPATH\Commands\Server\rewrite.php(43): require_once('FCPATH\\index.php')
CRITICAL - 2022-06-16 02:49:08 --> Undefined property: CodeIgniter\View\View::$card
in APPPATH\Views\pages\seminar.php on line 13.
 1 APPPATH\Views\pages\seminar.php(13): CodeIgniter\Debug\Exceptions->errorHandler(2, 'Undefined property: CodeIgniter\\View\\View::$card', 'APPPATH\\Views\\pages\\seminar.php', 13)
 2 SYSTEMPATH\View\View.php(213): include('APPPATH\\Views\\pages\\seminar.php')
 3 SYSTEMPATH\View\View.php(216): CodeIgniter\View\View->CodeIgniter\View\{closure}()
 4 SYSTEMPATH\Common.php(1135): CodeIgniter\View\View->render('pages/seminar', [], true)
 5 APPPATH\Controllers\Pages.php(20): view('pages/seminar', [...])
 6 SYSTEMPATH\CodeIgniter.php(898): App\Controllers\Pages->seminar()
 7 SYSTEMPATH\CodeIgniter.php(468): CodeIgniter\CodeIgniter->runController(Object(App\Controllers\Pages))
 8 SYSTEMPATH\CodeIgniter.php(351): CodeIgniter\CodeIgniter->handleRequest(null, Object(Config\Cache), false)
 9 FCPATH\index.php(55): CodeIgniter\CodeIgniter->run()
10 SYSTEMPATH\Commands\Server\rewrite.php(43): require_once('FCPATH\\index.php')
CRITICAL - 2022-06-16 02:49:14 --> Undefined variable $card
in APPPATH\Views\pages\seminar.php on line 13.
 1 APPPATH\Views\pages\seminar.php(13): CodeIgniter\Debug\Exceptions->errorHandler(2, 'Undefined variable $card', 'APPPATH\\Views\\pages\\seminar.php', 13)
 2 SYSTEMPATH\View\View.php(213): include('APPPATH\\Views\\pages\\seminar.php')
 3 SYSTEMPATH\View\View.php(216): CodeIgniter\View\View->CodeIgniter\View\{closure}()
 4 SYSTEMPATH\Common.php(1135): CodeIgniter\View\View->render('pages/seminar', [], true)
 5 APPPATH\Controllers\Pages.php(20): view('pages/seminar', [...])
 6 SYSTEMPATH\CodeIgniter.php(898): App\Controllers\Pages->seminar()
 7 SYSTEMPATH\CodeIgniter.php(468): CodeIgniter\CodeIgniter->runController(Object(App\Controllers\Pages))
 8 SYSTEMPATH\CodeIgniter.php(351): CodeIgniter\CodeIgniter->handleRequest(null, Object(Config\Cache), false)
 9 FCPATH\index.php(55): CodeIgniter\CodeIgniter->run()
10 SYSTEMPATH\Commands\Server\rewrite.php(43): require_once('FCPATH\\index.php')
CRITICAL - 2022-06-16 02:49:39 --> Undefined variable $card
in APPPATH\Views\pages\seminar.php on line 13.
 1 APPPATH\Views\pages\seminar.php(13): CodeIgniter\Debug\Exceptions->errorHandler(2, 'Undefined variable $card', 'APPPATH\\Views\\pages\\seminar.php', 13)
 2 SYSTEMPATH\View\View.php(213): include('APPPATH\\Views\\pages\\seminar.php')
 3 SYSTEMPATH\View\View.php(216): CodeIgniter\View\View->CodeIgniter\View\{closure}()
 4 SYSTEMPATH\Common.php(1135): CodeIgniter\View\View->render('pages/seminar', [], true)
 5 APPPATH\Controllers\Pages.php(20): view('pages/seminar', [...])
 6 SYSTEMPATH\CodeIgniter.php(898): App\Controllers\Pages->seminar()
 7 SYSTEMPATH\CodeIgniter.php(468): CodeIgniter\CodeIgniter->runController(Object(App\Controllers\Pages))
 8 SYSTEMPATH\CodeIgniter.php(351): CodeIgniter\CodeIgniter->handleRequest(null, Object(Config\Cache), false)
 9 FCPATH\index.php(55): CodeIgniter\CodeIgniter->run()
10 SYSTEMPATH\Commands\Server\rewrite.php(43): require_once('FCPATH\\index.php')
CRITICAL - 2022-06-16 02:50:10 --> include(App\admin.php): Failed to open stream: No such file or directory
in APPPATH\Views\pages\seminar.php on line 5.
 1 APPPATH\Views\pages\seminar.php(5): CodeIgniter\Debug\Exceptions->errorHandler(2, 'include(App\\admin.php): Failed to open stream: No such file or directory', 'APPPATH\\Views\\pages\\seminar.php', 5)
 2 APPPATH\Views\pages\seminar.php(5): include()
 3 SYSTEMPATH\View\View.php(213): include('APPPATH\\Views\\pages\\seminar.php')
 4 SYSTEMPATH\View\View.php(216): CodeIgniter\View\View->CodeIgniter\View\{closure}()
 5 SYSTEMPATH\Common.php(1135): CodeIgniter\View\View->render('pages/seminar', [], true)
 6 APPPATH\Controllers\Pages.php(20): view('pages/seminar', [...])
 7 SYSTEMPATH\CodeIgniter.php(898): App\Controllers\Pages->seminar()
 8 SYSTEMPATH\CodeIgniter.php(468): CodeIgniter\CodeIgniter->runController(Object(App\Controllers\Pages))
 9 SYSTEMPATH\CodeIgniter.php(351): CodeIgniter\CodeIgniter->handleRequest(null, Object(Config\Cache), false)
10 FCPATH\index.php(55): CodeIgniter\CodeIgniter->run()
11 SYSTEMPATH\Commands\Server\rewrite.php(43): require_once('FCPATH\\index.php')
CRITICAL - 2022-06-16 02:50:19 --> include(App\Admin.php): Failed to open stream: No such file or directory
in APPPATH\Views\pages\seminar.php on line 5.
 1 APPPATH\Views\pages\seminar.php(5): CodeIgniter\Debug\Exceptions->errorHandler(2, 'include(App\\Admin.php): Failed to open stream: No such file or directory', 'APPPATH\\Views\\pages\\seminar.php', 5)
 2 APPPATH\Views\pages\seminar.php(5): include()
 3 SYSTEMPATH\View\View.php(213): include('APPPATH\\Views\\pages\\seminar.php')
 4 SYSTEMPATH\View\View.php(216): CodeIgniter\View\View->CodeIgniter\View\{closure}()
 5 SYSTEMPATH\Common.php(1135): CodeIgniter\View\View->render('pages/seminar', [], true)
 6 APPPATH\Controllers\Pages.php(20): view('pages/seminar', [...])
 7 SYSTEMPATH\CodeIgniter.php(898): App\Controllers\Pages->seminar()
 8 SYSTEMPATH\CodeIgniter.php(468): CodeIgniter\CodeIgniter->runController(Object(App\Controllers\Pages))
 9 SYSTEMPATH\CodeIgniter.php(351): CodeIgniter\CodeIgniter->handleRequest(null, Object(Config\Cache), false)
10 FCPATH\index.php(55): CodeIgniter\CodeIgniter->run()
11 SYSTEMPATH\Commands\Server\rewrite.php(43): require_once('FCPATH\\index.php')
CRITICAL - 2022-06-16 02:50:30 --> include(App\Controller\Admin.php): Failed to open stream: No such file or directory
in APPPATH\Views\pages\seminar.php on line 5.
 1 APPPATH\Views\pages\seminar.php(5): CodeIgniter\Debug\Exceptions->errorHandler(2, 'include(App\\Controller\\Admin.php): Failed to open stream: No such file or directory', 'APPPATH\\Views\\pages\\seminar.php', 5)
 2 APPPATH\Views\pages\seminar.php(5): include()
 3 SYSTEMPATH\View\View.php(213): include('APPPATH\\Views\\pages\\seminar.php')
 4 SYSTEMPATH\View\View.php(216): CodeIgniter\View\View->CodeIgniter\View\{closure}()
 5 SYSTEMPATH\Common.php(1135): CodeIgniter\View\View->render('pages/seminar', [], true)
 6 APPPATH\Controllers\Pages.php(20): view('pages/seminar', [...])
 7 SYSTEMPATH\CodeIgniter.php(898): App\Controllers\Pages->seminar()
 8 SYSTEMPATH\CodeIgniter.php(468): CodeIgniter\CodeIgniter->runController(Object(App\Controllers\Pages))
 9 SYSTEMPATH\CodeIgniter.php(351): CodeIgniter\CodeIgniter->handleRequest(null, Object(Config\Cache), false)
10 FCPATH\index.php(55): CodeIgniter\CodeIgniter->run()
11 SYSTEMPATH\Commands\Server\rewrite.php(43): require_once('FCPATH\\index.php')
CRITICAL - 2022-06-16 02:50:38 --> include(App/Controller/Admin.php): Failed to open stream: No such file or directory
in APPPATH\Views\pages\seminar.php on line 5.
 1 APPPATH\Views\pages\seminar.php(5): CodeIgniter\Debug\Exceptions->errorHandler(2, 'include(App/Controller/Admin.php): Failed to open stream: No such file or directory', 'APPPATH\\Views\\pages\\seminar.php', 5)
 2 APPPATH\Views\pages\seminar.php(5): include()
 3 SYSTEMPATH\View\View.php(213): include('APPPATH\\Views\\pages\\seminar.php')
 4 SYSTEMPATH\View\View.php(216): CodeIgniter\View\View->CodeIgniter\View\{closure}()
 5 SYSTEMPATH\Common.php(1135): CodeIgniter\View\View->render('pages/seminar', [], true)
 6 APPPATH\Controllers\Pages.php(20): view('pages/seminar', [...])
 7 SYSTEMPATH\CodeIgniter.php(898): App\Controllers\Pages->seminar()
 8 SYSTEMPATH\CodeIgniter.php(468): CodeIgniter\CodeIgniter->runController(Object(App\Controllers\Pages))
 9 SYSTEMPATH\CodeIgniter.php(351): CodeIgniter\CodeIgniter->handleRequest(null, Object(Config\Cache), false)
10 FCPATH\index.php(55): CodeIgniter\CodeIgniter->run()
11 SYSTEMPATH\Commands\Server\rewrite.php(43): require_once('FCPATH\\index.php')
CRITICAL - 2022-06-16 02:50:47 --> Undefined variable $card
in APPPATH\Views\pages\seminar.php on line 13.
 1 APPPATH\Views\pages\seminar.php(13): CodeIgniter\Debug\Exceptions->errorHandler(2, 'Undefined variable $card', 'APPPATH\\Views\\pages\\seminar.php', 13)
 2 SYSTEMPATH\View\View.php(213): include('APPPATH\\Views\\pages\\seminar.php')
 3 SYSTEMPATH\View\View.php(216): CodeIgniter\View\View->CodeIgniter\View\{closure}()
 4 SYSTEMPATH\Common.php(1135): CodeIgniter\View\View->render('pages/seminar', [], true)
 5 APPPATH\Controllers\Pages.php(20): view('pages/seminar', [...])
 6 SYSTEMPATH\CodeIgniter.php(898): App\Controllers\Pages->seminar()
 7 SYSTEMPATH\CodeIgniter.php(468): CodeIgniter\CodeIgniter->runController(Object(App\Controllers\Pages))
 8 SYSTEMPATH\CodeIgniter.php(351): CodeIgniter\CodeIgniter->handleRequest(null, Object(Config\Cache), false)
 9 FCPATH\index.php(55): CodeIgniter\CodeIgniter->run()
10 SYSTEMPATH\Commands\Server\rewrite.php(43): require_once('FCPATH\\index.php')
CRITICAL - 2022-06-16 02:50:55 --> Undefined variable $card
in APPPATH\Views\pages\seminar.php on line 13.
 1 APPPATH\Views\pages\seminar.php(13): CodeIgniter\Debug\Exceptions->errorHandler(2, 'Undefined variable $card', 'APPPATH\\Views\\pages\\seminar.php', 13)
 2 SYSTEMPATH\View\View.php(213): include('APPPATH\\Views\\pages\\seminar.php')
 3 SYSTEMPATH\View\View.php(216): CodeIgniter\View\View->CodeIgniter\View\{closure}()
 4 SYSTEMPATH\Common.php(1135): CodeIgniter\View\View->render('pages/seminar', [], true)
 5 APPPATH\Controllers\Pages.php(20): view('pages/seminar', [...])
 6 SYSTEMPATH\CodeIgniter.php(898): App\Controllers\Pages->seminar()
 7 SYSTEMPATH\CodeIgniter.php(468): CodeIgniter\CodeIgniter->runController(Object(App\Controllers\Pages))
 8 SYSTEMPATH\CodeIgniter.php(351): CodeIgniter\CodeIgniter->handleRequest(null, Object(Config\Cache), false)
 9 FCPATH\index.php(55): CodeIgniter\CodeIgniter->run()
10 SYSTEMPATH\Commands\Server\rewrite.php(43): require_once('FCPATH\\index.php')
CRITICAL - 2022-06-16 02:54:06 --> Undefined variable $card
in APPPATH\Views\pages\seminar.php on line 13.
 1 APPPATH\Views\pages\seminar.php(13): CodeIgniter\Debug\Exceptions->errorHandler(2, 'Undefined variable $card', 'APPPATH\\Views\\pages\\seminar.php', 13)
 2 SYSTEMPATH\View\View.php(213): include('APPPATH\\Views\\pages\\seminar.php')
 3 SYSTEMPATH\View\View.php(216): CodeIgniter\View\View->CodeIgniter\View\{closure}()
 4 SYSTEMPATH\Common.php(1135): CodeIgniter\View\View->render('pages/seminar', [], true)
 5 APPPATH\Controllers\Pages.php(20): view('pages/seminar', [...])
 6 SYSTEMPATH\CodeIgniter.php(898): App\Controllers\Pages->seminar()
 7 SYSTEMPATH\CodeIgniter.php(468): CodeIgniter\CodeIgniter->runController(Object(App\Controllers\Pages))
 8 SYSTEMPATH\CodeIgniter.php(351): CodeIgniter\CodeIgniter->handleRequest(null, Object(Config\Cache), false)
 9 FCPATH\index.php(55): CodeIgniter\CodeIgniter->run()
10 SYSTEMPATH\Commands\Server\rewrite.php(43): require_once('FCPATH\\index.php')
CRITICAL - 2022-06-16 03:02:51 --> Undefined variable $card
in APPPATH\Views\pages\seminar.php on line 14.
 1 APPPATH\Views\pages\seminar.php(14): CodeIgniter\Debug\Exceptions->errorHandler(2, 'Undefined variable $card', 'APPPATH\\Views\\pages\\seminar.php', 14)
 2 SYSTEMPATH\View\View.php(213): include('APPPATH\\Views\\pages\\seminar.php')
 3 SYSTEMPATH\View\View.php(216): CodeIgniter\View\View->CodeIgniter\View\{closure}()
 4 SYSTEMPATH\Common.php(1135): CodeIgniter\View\View->render('pages/seminar', [], true)
 5 APPPATH\Controllers\Pages.php(20): view('pages/seminar', [...])
 6 SYSTEMPATH\CodeIgniter.php(898): App\Controllers\Pages->seminar()
 7 SYSTEMPATH\CodeIgniter.php(468): CodeIgniter\CodeIgniter->runController(Object(App\Controllers\Pages))
 8 SYSTEMPATH\CodeIgniter.php(351): CodeIgniter\CodeIgniter->handleRequest(null, Object(Config\Cache), false)
 9 FCPATH\index.php(55): CodeIgniter\CodeIgniter->run()
10 SYSTEMPATH\Commands\Server\rewrite.php(43): require_once('FCPATH\\index.php')
CRITICAL - 2022-06-16 03:03:01 --> Invalid file: /app/controller/admin.php
in SYSTEMPATH\Exceptions\FrameworkException.php on line 33.
 1 SYSTEMPATH\View\View.php(201): CodeIgniter\Exceptions\FrameworkException::forInvalidFile('/app/controller/admin.php')
 2 SYSTEMPATH\View\View.php(429): CodeIgniter\View\View->render('/app/controller/admin', null, true)
 3 APPPATH\Views\pages\seminar.php(2): CodeIgniter\View\View->include('/app/controller/admin')
 4 SYSTEMPATH\View\View.php(213): include('APPPATH\\Views\\pages\\seminar.php')
 5 SYSTEMPATH\View\View.php(216): CodeIgniter\View\View->CodeIgniter\View\{closure}()
 6 SYSTEMPATH\Common.php(1135): CodeIgniter\View\View->render('pages/seminar', [], true)
 7 APPPATH\Controllers\Pages.php(20): view('pages/seminar', [...])
 8 SYSTEMPATH\CodeIgniter.php(898): App\Controllers\Pages->seminar()
 9 SYSTEMPATH\CodeIgniter.php(468): CodeIgniter\CodeIgniter->runController(Object(App\Controllers\Pages))
10 SYSTEMPATH\CodeIgniter.php(351): CodeIgniter\CodeIgniter->handleRequest(null, Object(Config\Cache), false)
11 FCPATH\index.php(55): CodeIgniter\CodeIgniter->run()
12 SYSTEMPATH\Commands\Server\rewrite.php(43): require_once('FCPATH\\index.php')
CRITICAL - 2022-06-16 03:03:22 --> Invalid file: app/Controller/Admin.php
in SYSTEMPATH\Exceptions\FrameworkException.php on line 33.
 1 SYSTEMPATH\View\View.php(201): CodeIgniter\Exceptions\FrameworkException::forInvalidFile('app/Controller/Admin.php')
 2 SYSTEMPATH\View\View.php(429): CodeIgniter\View\View->render('app/Controller/Admin', null, true)
 3 APPPATH\Views\pages\seminar.php(2): CodeIgniter\View\View->include('app/Controller/Admin')
 4 SYSTEMPATH\View\View.php(213): include('APPPATH\\Views\\pages\\seminar.php')
 5 SYSTEMPATH\View\View.php(216): CodeIgniter\View\View->CodeIgniter\View\{closure}()
 6 SYSTEMPATH\Common.php(1135): CodeIgniter\View\View->render('pages/seminar', [], true)
 7 APPPATH\Controllers\Pages.php(20): view('pages/seminar', [...])
 8 SYSTEMPATH\CodeIgniter.php(898): App\Controllers\Pages->seminar()
 9 SYSTEMPATH\CodeIgniter.php(468): CodeIgniter\CodeIgniter->runController(Object(App\Controllers\Pages))
10 SYSTEMPATH\CodeIgniter.php(351): CodeIgniter\CodeIgniter->handleRequest(null, Object(Config\Cache), false)
11 FCPATH\index.php(55): CodeIgniter\CodeIgniter->run()
12 SYSTEMPATH\Commands\Server\rewrite.php(43): require_once('FCPATH\\index.php')
CRITICAL - 2022-06-16 03:03:27 --> Invalid file: /app/Controller/Admin.php
in SYSTEMPATH\Exceptions\FrameworkException.php on line 33.
 1 SYSTEMPATH\View\View.php(201): CodeIgniter\Exceptions\FrameworkException::forInvalidFile('/app/Controller/Admin.php')
 2 SYSTEMPATH\View\View.php(429): CodeIgniter\View\View->render('/app/Controller/Admin', null, true)
 3 APPPATH\Views\pages\seminar.php(2): CodeIgniter\View\View->include('/app/Controller/Admin')
 4 SYSTEMPATH\View\View.php(213): include('APPPATH\\Views\\pages\\seminar.php')
 5 SYSTEMPATH\View\View.php(216): CodeIgniter\View\View->CodeIgniter\View\{closure}()
 6 SYSTEMPATH\Common.php(1135): CodeIgniter\View\View->render('pages/seminar', [], true)
 7 APPPATH\Controllers\Pages.php(20): view('pages/seminar', [...])
 8 SYSTEMPATH\CodeIgniter.php(898): App\Controllers\Pages->seminar()
 9 SYSTEMPATH\CodeIgniter.php(468): CodeIgniter\CodeIgniter->runController(Object(App\Controllers\Pages))
10 SYSTEMPATH\CodeIgniter.php(351): CodeIgniter\CodeIgniter->handleRequest(null, Object(Config\Cache), false)
11 FCPATH\index.php(55): CodeIgniter\CodeIgniter->run()
12 SYSTEMPATH\Commands\Server\rewrite.php(43): require_once('FCPATH\\index.php')
CRITICAL - 2022-06-16 03:03:34 --> Invalid file: /Controller/Admin.php
in SYSTEMPATH\Exceptions\FrameworkException.php on line 33.
 1 SYSTEMPATH\View\View.php(201): CodeIgniter\Exceptions\FrameworkException::forInvalidFile('/Controller/Admin.php')
 2 SYSTEMPATH\View\View.php(429): CodeIgniter\View\View->render('/Controller/Admin', null, true)
 3 APPPATH\Views\pages\seminar.php(2): CodeIgniter\View\View->include('/Controller/Admin')
 4 SYSTEMPATH\View\View.php(213): include('APPPATH\\Views\\pages\\seminar.php')
 5 SYSTEMPATH\View\View.php(216): CodeIgniter\View\View->CodeIgniter\View\{closure}()
 6 SYSTEMPATH\Common.php(1135): CodeIgniter\View\View->render('pages/seminar', [], true)
 7 APPPATH\Controllers\Pages.php(20): view('pages/seminar', [...])
 8 SYSTEMPATH\CodeIgniter.php(898): App\Controllers\Pages->seminar()
 9 SYSTEMPATH\CodeIgniter.php(468): CodeIgniter\CodeIgniter->runController(Object(App\Controllers\Pages))
10 SYSTEMPATH\CodeIgniter.php(351): CodeIgniter\CodeIgniter->handleRequest(null, Object(Config\Cache), false)
11 FCPATH\index.php(55): CodeIgniter\CodeIgniter->run()
12 SYSTEMPATH\Commands\Server\rewrite.php(43): require_once('FCPATH\\index.php')
CRITICAL - 2022-06-16 03:03:47 --> include(/app/Controller/Admin): Failed to open stream: No such file or directory
in APPPATH\Views\pages\seminar.php on line 2.
 1 APPPATH\Views\pages\seminar.php(2): CodeIgniter\Debug\Exceptions->errorHandler(2, 'include(/app/Controller/Admin): Failed to open stream: No such file or directory', 'APPPATH\\Views\\pages\\seminar.php', 2)
 2 APPPATH\Views\pages\seminar.php(2): include()
 3 SYSTEMPATH\View\View.php(213): include('APPPATH\\Views\\pages\\seminar.php')
 4 SYSTEMPATH\View\View.php(216): CodeIgniter\View\View->CodeIgniter\View\{closure}()
 5 SYSTEMPATH\Common.php(1135): CodeIgniter\View\View->render('pages/seminar', [], true)
 6 APPPATH\Controllers\Pages.php(20): view('pages/seminar', [...])
 7 SYSTEMPATH\CodeIgniter.php(898): App\Controllers\Pages->seminar()
 8 SYSTEMPATH\CodeIgniter.php(468): CodeIgniter\CodeIgniter->runController(Object(App\Controllers\Pages))
 9 SYSTEMPATH\CodeIgniter.php(351): CodeIgniter\CodeIgniter->handleRequest(null, Object(Config\Cache), false)
10 FCPATH\index.php(55): CodeIgniter\CodeIgniter->run()
11 SYSTEMPATH\Commands\Server\rewrite.php(43): require_once('FCPATH\\index.php')
CRITICAL - 2022-06-16 03:04:05 --> include(app/Controller/Admin.php): Failed to open stream: No such file or directory
in APPPATH\Views\pages\seminar.php on line 2.
 1 APPPATH\Views\pages\seminar.php(2): CodeIgniter\Debug\Exceptions->errorHandler(2, 'include(app/Controller/Admin.php): Failed to open stream: No such file or directory', 'APPPATH\\Views\\pages\\seminar.php', 2)
 2 APPPATH\Views\pages\seminar.php(2): include()
 3 SYSTEMPATH\View\View.php(213): include('APPPATH\\Views\\pages\\seminar.php')
 4 SYSTEMPATH\View\View.php(216): CodeIgniter\View\View->CodeIgniter\View\{closure}()
 5 SYSTEMPATH\Common.php(1135): CodeIgniter\View\View->render('pages/seminar', [], true)
 6 APPPATH\Controllers\Pages.php(20): view('pages/seminar', [...])
 7 SYSTEMPATH\CodeIgniter.php(898): App\Controllers\Pages->seminar()
 8 SYSTEMPATH\CodeIgniter.php(468): CodeIgniter\CodeIgniter->runController(Object(App\Controllers\Pages))
 9 SYSTEMPATH\CodeIgniter.php(351): CodeIgniter\CodeIgniter->handleRequest(null, Object(Config\Cache), false)
10 FCPATH\index.php(55): CodeIgniter\CodeIgniter->run()
11 SYSTEMPATH\Commands\Server\rewrite.php(43): require_once('FCPATH\\index.php')
CRITICAL - 2022-06-16 03:05:26 --> Undefined variable $card
in APPPATH\Views\pages\seminar.php on line 13.
 1 APPPATH\Views\pages\seminar.php(13): CodeIgniter\Debug\Exceptions->errorHandler(2, 'Undefined variable $card', 'APPPATH\\Views\\pages\\seminar.php', 13)
 2 SYSTEMPATH\View\View.php(213): include('APPPATH\\Views\\pages\\seminar.php')
 3 SYSTEMPATH\View\View.php(216): CodeIgniter\View\View->CodeIgniter\View\{closure}()
 4 SYSTEMPATH\Common.php(1135): CodeIgniter\View\View->render('pages/seminar', [], true)
 5 APPPATH\Controllers\Pages.php(20): view('pages/seminar', [...])
 6 SYSTEMPATH\CodeIgniter.php(898): App\Controllers\Pages->seminar()
 7 SYSTEMPATH\CodeIgniter.php(468): CodeIgniter\CodeIgniter->runController(Object(App\Controllers\Pages))
 8 SYSTEMPATH\CodeIgniter.php(351): CodeIgniter\CodeIgniter->handleRequest(null, Object(Config\Cache), false)
 9 FCPATH\index.php(55): CodeIgniter\CodeIgniter->run()
10 SYSTEMPATH\Commands\Server\rewrite.php(43): require_once('FCPATH\\index.php')
CRITICAL - 2022-06-16 03:07:27 --> Undefined variable $card
in APPPATH\Views\pages\seminar.php on line 14.
 1 APPPATH\Views\pages\seminar.php(14): CodeIgniter\Debug\Exceptions->errorHandler(2, 'Undefined variable $card', 'APPPATH\\Views\\pages\\seminar.php', 14)
 2 SYSTEMPATH\View\View.php(213): include('APPPATH\\Views\\pages\\seminar.php')
 3 SYSTEMPATH\View\View.php(216): CodeIgniter\View\View->CodeIgniter\View\{closure}()
 4 SYSTEMPATH\Common.php(1135): CodeIgniter\View\View->render('pages/seminar', [], true)
 5 APPPATH\Controllers\Pages.php(20): view('pages/seminar', [...])
 6 SYSTEMPATH\CodeIgniter.php(898): App\Controllers\Pages->seminar()
 7 SYSTEMPATH\CodeIgniter.php(468): CodeIgniter\CodeIgniter->runController(Object(App\Controllers\Pages))
 8 SYSTEMPATH\CodeIgniter.php(351): CodeIgniter\CodeIgniter->handleRequest(null, Object(Config\Cache), false)
 9 FCPATH\index.php(55): CodeIgniter\CodeIgniter->run()
10 SYSTEMPATH\Commands\Server\rewrite.php(43): require_once('FCPATH\\index.php')
CRITICAL - 2022-06-16 03:07:47 --> syntax error, unexpected token ";"
in APPPATH\Views\pages\seminar.php on line 18.
 1 SYSTEMPATH\View\View.php(216): CodeIgniter\View\View->CodeIgniter\View\{closure}()
 2 SYSTEMPATH\Common.php(1135): CodeIgniter\View\View->render('pages/seminar', [], true)
 3 APPPATH\Controllers\Pages.php(20): view('pages/seminar', [...])
 4 SYSTEMPATH\CodeIgniter.php(898): App\Controllers\Pages->seminar()
 5 SYSTEMPATH\CodeIgniter.php(468): CodeIgniter\CodeIgniter->runController(Object(App\Controllers\Pages))
 6 SYSTEMPATH\CodeIgniter.php(351): CodeIgniter\CodeIgniter->handleRequest(null, Object(Config\Cache), false)
 7 FCPATH\index.php(55): CodeIgniter\CodeIgniter->run()
 8 SYSTEMPATH\Commands\Server\rewrite.php(43): require_once('FCPATH\\index.php')
CRITICAL - 2022-06-16 03:08:08 --> Undefined variable $card
in APPPATH\Views\admin\tes.php on line 13.
 1 APPPATH\Views\admin\tes.php(13): CodeIgniter\Debug\Exceptions->errorHandler(2, 'Undefined variable $card', 'APPPATH\\Views\\admin\\tes.php', 13)
 2 SYSTEMPATH\View\View.php(213): include('APPPATH\\Views\\admin\\tes.php')
 3 SYSTEMPATH\View\View.php(216): CodeIgniter\View\View->CodeIgniter\View\{closure}()
 4 SYSTEMPATH\View\View.php(229): CodeIgniter\View\View->render('admin/tes', [], true)
 5 SYSTEMPATH\Common.php(1135): CodeIgniter\View\View->render('pages/seminar', [], true)
 6 APPPATH\Controllers\Pages.php(20): view('pages/seminar', [...])
 7 SYSTEMPATH\CodeIgniter.php(898): App\Controllers\Pages->seminar()
 8 SYSTEMPATH\CodeIgniter.php(468): CodeIgniter\CodeIgniter->runController(Object(App\Controllers\Pages))
 9 SYSTEMPATH\CodeIgniter.php(351): CodeIgniter\CodeIgniter->handleRequest(null, Object(Config\Cache), false)
10 FCPATH\index.php(55): CodeIgniter\CodeIgniter->run()
11 SYSTEMPATH\Commands\Server\rewrite.php(43): require_once('FCPATH\\index.php')
CRITICAL - 2022-06-16 03:08:13 --> Undefined variable $card
in APPPATH\Views\admin\tes.php on line 13.
 1 APPPATH\Views\admin\tes.php(13): CodeIgniter\Debug\Exceptions->errorHandler(2, 'Undefined variable $card', 'APPPATH\\Views\\admin\\tes.php', 13)
 2 SYSTEMPATH\View\View.php(213): include('APPPATH\\Views\\admin\\tes.php')
 3 SYSTEMPATH\View\View.php(216): CodeIgniter\View\View->CodeIgniter\View\{closure}()
 4 SYSTEMPATH\View\View.php(229): CodeIgniter\View\View->render('admin/tes', [], true)
 5 SYSTEMPATH\Common.php(1135): CodeIgniter\View\View->render('pages/seminar', [], true)
 6 APPPATH\Controllers\Pages.php(20): view('pages/seminar', [...])
 7 SYSTEMPATH\CodeIgniter.php(898): App\Controllers\Pages->seminar()
 8 SYSTEMPATH\CodeIgniter.php(468): CodeIgniter\CodeIgniter->runController(Object(App\Controllers\Pages))
 9 SYSTEMPATH\CodeIgniter.php(351): CodeIgniter\CodeIgniter->handleRequest(null, Object(Config\Cache), false)
10 FCPATH\index.php(55): CodeIgniter\CodeIgniter->run()
11 SYSTEMPATH\Commands\Server\rewrite.php(43): require_once('FCPATH\\index.php')
CRITICAL - 2022-06-16 03:12:53 --> Undefined variable $card
in APPPATH\Views\pages\seminar.php on line 13.
 1 APPPATH\Views\pages\seminar.php(13): CodeIgniter\Debug\Exceptions->errorHandler(2, 'Undefined variable $card', 'APPPATH\\Views\\pages\\seminar.php', 13)
 2 SYSTEMPATH\View\View.php(213): include('APPPATH\\Views\\pages\\seminar.php')
 3 SYSTEMPATH\View\View.php(216): CodeIgniter\View\View->CodeIgniter\View\{closure}()
 4 SYSTEMPATH\Common.php(1135): CodeIgniter\View\View->render('pages/seminar', [], true)
 5 APPPATH\Controllers\Pages.php(20): view('pages/seminar', [...])
 6 SYSTEMPATH\CodeIgniter.php(898): App\Controllers\Pages->seminar()
 7 SYSTEMPATH\CodeIgniter.php(468): CodeIgniter\CodeIgniter->runController(Object(App\Controllers\Pages))
 8 SYSTEMPATH\CodeIgniter.php(351): CodeIgniter\CodeIgniter->handleRequest(null, Object(Config\Cache), false)
 9 FCPATH\index.php(55): CodeIgniter\CodeIgniter->run()
10 SYSTEMPATH\Commands\Server\rewrite.php(43): require_once('FCPATH\\index.php')
CRITICAL - 2022-06-16 03:14:07 --> Undefined variable $card
in APPPATH\Views\pages\seminar.php on line 13.
 1 APPPATH\Views\pages\seminar.php(13): CodeIgniter\Debug\Exceptions->errorHandler(2, 'Undefined variable $card', 'APPPATH\\Views\\pages\\seminar.php', 13)
 2 SYSTEMPATH\View\View.php(213): include('APPPATH\\Views\\pages\\seminar.php')
 3 SYSTEMPATH\View\View.php(216): CodeIgniter\View\View->CodeIgniter\View\{closure}()
 4 SYSTEMPATH\Common.php(1135): CodeIgniter\View\View->render('pages/seminar', [], true)
 5 APPPATH\Controllers\Pages.php(20): view('pages/seminar', [...])
 6 SYSTEMPATH\CodeIgniter.php(898): App\Controllers\Pages->seminar()
 7 SYSTEMPATH\CodeIgniter.php(468): CodeIgniter\CodeIgniter->runController(Object(App\Controllers\Pages))
 8 SYSTEMPATH\CodeIgniter.php(351): CodeIgniter\CodeIgniter->handleRequest(null, Object(Config\Cache), false)
 9 FCPATH\index.php(55): CodeIgniter\CodeIgniter->run()
10 SYSTEMPATH\Commands\Server\rewrite.php(43): require_once('FCPATH\\index.php')
CRITICAL - 2022-06-16 03:14:14 --> Undefined variable $card
in APPPATH\Views\pages\seminar.php on line 13.
 1 APPPATH\Views\pages\seminar.php(13): CodeIgniter\Debug\Exceptions->errorHandler(2, 'Undefined variable $card', 'APPPATH\\Views\\pages\\seminar.php', 13)
 2 SYSTEMPATH\View\View.php(213): include('APPPATH\\Views\\pages\\seminar.php')
 3 SYSTEMPATH\View\View.php(216): CodeIgniter\View\View->CodeIgniter\View\{closure}()
 4 SYSTEMPATH\Common.php(1135): CodeIgniter\View\View->render('pages/seminar', [], true)
 5 APPPATH\Controllers\Pages.php(20): view('pages/seminar', [...])
 6 SYSTEMPATH\CodeIgniter.php(898): App\Controllers\Pages->seminar()
 7 SYSTEMPATH\CodeIgniter.php(468): CodeIgniter\CodeIgniter->runController(Object(App\Controllers\Pages))
 8 SYSTEMPATH\CodeIgniter.php(351): CodeIgniter\CodeIgniter->handleRequest(null, Object(Config\Cache), false)
 9 FCPATH\index.php(55): CodeIgniter\CodeIgniter->run()
10 SYSTEMPATH\Commands\Server\rewrite.php(43): require_once('FCPATH\\index.php')
CRITICAL - 2022-06-16 03:14:29 --> Undefined variable $card
in APPPATH\Views\pages\seminar.php on line 13.
 1 APPPATH\Views\pages\seminar.php(13): CodeIgniter\Debug\Exceptions->errorHandler(2, 'Undefined variable $card', 'APPPATH\\Views\\pages\\seminar.php', 13)
 2 SYSTEMPATH\View\View.php(213): include('APPPATH\\Views\\pages\\seminar.php')
 3 SYSTEMPATH\View\View.php(216): CodeIgniter\View\View->CodeIgniter\View\{closure}()
 4 SYSTEMPATH\Common.php(1135): CodeIgniter\View\View->render('pages/seminar', [], true)
 5 APPPATH\Controllers\Pages.php(20): view('pages/seminar', [...])
 6 SYSTEMPATH\CodeIgniter.php(898): App\Controllers\Pages->seminar()
 7 SYSTEMPATH\CodeIgniter.php(468): CodeIgniter\CodeIgniter->runController(Object(App\Controllers\Pages))
 8 SYSTEMPATH\CodeIgniter.php(351): CodeIgniter\CodeIgniter->handleRequest(null, Object(Config\Cache), false)
 9 FCPATH\index.php(55): CodeIgniter\CodeIgniter->run()
10 SYSTEMPATH\Commands\Server\rewrite.php(43): require_once('FCPATH\\index.php')
CRITICAL - 2022-06-16 03:14:40 --> Undefined variable $card
in APPPATH\Views\pages\seminar.php on line 13.
 1 APPPATH\Views\pages\seminar.php(13): CodeIgniter\Debug\Exceptions->errorHandler(2, 'Undefined variable $card', 'APPPATH\\Views\\pages\\seminar.php', 13)
 2 SYSTEMPATH\View\View.php(213): include('APPPATH\\Views\\pages\\seminar.php')
 3 SYSTEMPATH\View\View.php(216): CodeIgniter\View\View->CodeIgniter\View\{closure}()
 4 SYSTEMPATH\Common.php(1135): CodeIgniter\View\View->render('pages/seminar', [], true)
 5 APPPATH\Controllers\Pages.php(20): view('pages/seminar', [...])
 6 SYSTEMPATH\CodeIgniter.php(898): App\Controllers\Pages->seminar()
 7 SYSTEMPATH\CodeIgniter.php(468): CodeIgniter\CodeIgniter->runController(Object(App\Controllers\Pages))
 8 SYSTEMPATH\CodeIgniter.php(351): CodeIgniter\CodeIgniter->handleRequest(null, Object(Config\Cache), false)
 9 FCPATH\index.php(55): CodeIgniter\CodeIgniter->run()
10 SYSTEMPATH\Commands\Server\rewrite.php(43): require_once('FCPATH\\index.php')
CRITICAL - 2022-06-16 03:14:51 --> Undefined variable $card
in APPPATH\Views\pages\seminar.php on line 13.
 1 APPPATH\Views\pages\seminar.php(13): CodeIgniter\Debug\Exceptions->errorHandler(2, 'Undefined variable $card', 'APPPATH\\Views\\pages\\seminar.php', 13)
 2 SYSTEMPATH\View\View.php(213): include('APPPATH\\Views\\pages\\seminar.php')
 3 SYSTEMPATH\View\View.php(216): CodeIgniter\View\View->CodeIgniter\View\{closure}()
 4 SYSTEMPATH\Common.php(1135): CodeIgniter\View\View->render('pages/seminar', [], true)
 5 APPPATH\Controllers\Pages.php(20): view('pages/seminar', [...])
 6 SYSTEMPATH\CodeIgniter.php(898): App\Controllers\Pages->seminar()
 7 SYSTEMPATH\CodeIgniter.php(468): CodeIgniter\CodeIgniter->runController(Object(App\Controllers\Pages))
 8 SYSTEMPATH\CodeIgniter.php(351): CodeIgniter\CodeIgniter->handleRequest(null, Object(Config\Cache), false)
 9 FCPATH\index.php(55): CodeIgniter\CodeIgniter->run()
10 SYSTEMPATH\Commands\Server\rewrite.php(43): require_once('FCPATH\\index.php')
CRITICAL - 2022-06-16 03:16:01 --> Undefined variable $card
in APPPATH\Views\pages\seminar.php on line 13.
 1 APPPATH\Views\pages\seminar.php(13): CodeIgniter\Debug\Exceptions->errorHandler(2, 'Undefined variable $card', 'APPPATH\\Views\\pages\\seminar.php', 13)
 2 SYSTEMPATH\View\View.php(213): include('APPPATH\\Views\\pages\\seminar.php')
 3 SYSTEMPATH\View\View.php(216): CodeIgniter\View\View->CodeIgniter\View\{closure}()
 4 SYSTEMPATH\Common.php(1135): CodeIgniter\View\View->render('pages/seminar', [], true)
 5 APPPATH\Controllers\Pages.php(20): view('pages/seminar', [...])
 6 SYSTEMPATH\CodeIgniter.php(898): App\Controllers\Pages->seminar()
 7 SYSTEMPATH\CodeIgniter.php(468): CodeIgniter\CodeIgniter->runController(Object(App\Controllers\Pages))
 8 SYSTEMPATH\CodeIgniter.php(351): CodeIgniter\CodeIgniter->handleRequest(null, Object(Config\Cache), false)
 9 FCPATH\index.php(55): CodeIgniter\CodeIgniter->run()
10 SYSTEMPATH\Commands\Server\rewrite.php(43): require_once('FCPATH\\index.php')
CRITICAL - 2022-06-16 03:16:34 --> Undefined variable $card
in APPPATH\Views\pages\seminar.php on line 13.
 1 APPPATH\Views\pages\seminar.php(13): CodeIgniter\Debug\Exceptions->errorHandler(2, 'Undefined variable $card', 'APPPATH\\Views\\pages\\seminar.php', 13)
 2 SYSTEMPATH\View\View.php(213): include('APPPATH\\Views\\pages\\seminar.php')
 3 SYSTEMPATH\View\View.php(216): CodeIgniter\View\View->CodeIgniter\View\{closure}()
 4 SYSTEMPATH\Common.php(1135): CodeIgniter\View\View->render('pages/seminar', [], true)
 5 APPPATH\Controllers\Pages.php(20): view('pages/seminar', [...])
 6 SYSTEMPATH\CodeIgniter.php(898): App\Controllers\Pages->seminar()
 7 SYSTEMPATH\CodeIgniter.php(468): CodeIgniter\CodeIgniter->runController(Object(App\Controllers\Pages))
 8 SYSTEMPATH\CodeIgniter.php(351): CodeIgniter\CodeIgniter->handleRequest(null, Object(Config\Cache), false)
 9 FCPATH\index.php(55): CodeIgniter\CodeIgniter->run()
10 SYSTEMPATH\Commands\Server\rewrite.php(43): require_once('FCPATH\\index.php')
CRITICAL - 2022-06-16 03:17:17 --> Undefined variable $card
in APPPATH\Views\pages\seminar.php on line 13.
 1 APPPATH\Views\pages\seminar.php(13): CodeIgniter\Debug\Exceptions->errorHandler(2, 'Undefined variable $card', 'APPPATH\\Views\\pages\\seminar.php', 13)
 2 SYSTEMPATH\View\View.php(213): include('APPPATH\\Views\\pages\\seminar.php')
 3 SYSTEMPATH\View\View.php(216): CodeIgniter\View\View->CodeIgniter\View\{closure}()
 4 SYSTEMPATH\Common.php(1135): CodeIgniter\View\View->render('pages/seminar', [], true)
 5 APPPATH\Controllers\Pages.php(22): view('pages/seminar', [...])
 6 SYSTEMPATH\CodeIgniter.php(898): App\Controllers\Pages->seminar()
 7 SYSTEMPATH\CodeIgniter.php(468): CodeIgniter\CodeIgniter->runController(Object(App\Controllers\Pages))
 8 SYSTEMPATH\CodeIgniter.php(351): CodeIgniter\CodeIgniter->handleRequest(null, Object(Config\Cache), false)
 9 FCPATH\index.php(55): CodeIgniter\CodeIgniter->run()
10 SYSTEMPATH\Commands\Server\rewrite.php(43): require_once('FCPATH\\index.php')
CRITICAL - 2022-06-16 03:20:18 --> Undefined variable $card
in APPPATH\Views\pages\seminar.php on line 13.
 1 APPPATH\Views\pages\seminar.php(13): CodeIgniter\Debug\Exceptions->errorHandler(2, 'Undefined variable $card', 'APPPATH\\Views\\pages\\seminar.php', 13)
 2 SYSTEMPATH\View\View.php(213): include('APPPATH\\Views\\pages\\seminar.php')
 3 SYSTEMPATH\View\View.php(216): CodeIgniter\View\View->CodeIgniter\View\{closure}()
 4 SYSTEMPATH\Common.php(1135): CodeIgniter\View\View->render('pages/seminar', [], true)
 5 APPPATH\Controllers\Pages.php(20): view('pages/seminar', [...])
 6 SYSTEMPATH\CodeIgniter.php(898): App\Controllers\Pages->seminar()
 7 SYSTEMPATH\CodeIgniter.php(468): CodeIgniter\CodeIgniter->runController(Object(App\Controllers\Pages))
 8 SYSTEMPATH\CodeIgniter.php(351): CodeIgniter\CodeIgniter->handleRequest(null, Object(Config\Cache), false)
 9 FCPATH\index.php(55): CodeIgniter\CodeIgniter->run()
10 SYSTEMPATH\Commands\Server\rewrite.php(43): require_once('FCPATH\\index.php')
CRITICAL - 2022-06-16 03:20:26 --> Undefined variable $card
in APPPATH\Views\pages\seminar.php on line 13.
 1 APPPATH\Views\pages\seminar.php(13): CodeIgniter\Debug\Exceptions->errorHandler(2, 'Undefined variable $card', 'APPPATH\\Views\\pages\\seminar.php', 13)
 2 SYSTEMPATH\View\View.php(213): include('APPPATH\\Views\\pages\\seminar.php')
 3 SYSTEMPATH\View\View.php(216): CodeIgniter\View\View->CodeIgniter\View\{closure}()
 4 SYSTEMPATH\Common.php(1135): CodeIgniter\View\View->render('pages/seminar', [], true)
 5 APPPATH\Controllers\Pages.php(20): view('pages/seminar', [...])
 6 SYSTEMPATH\CodeIgniter.php(898): App\Controllers\Pages->seminar()
 7 SYSTEMPATH\CodeIgniter.php(468): CodeIgniter\CodeIgniter->runController(Object(App\Controllers\Pages))
 8 SYSTEMPATH\CodeIgniter.php(351): CodeIgniter\CodeIgniter->handleRequest(null, Object(Config\Cache), false)
 9 FCPATH\index.php(55): CodeIgniter\CodeIgniter->run()
10 SYSTEMPATH\Commands\Server\rewrite.php(43): require_once('FCPATH\\index.php')
CRITICAL - 2022-06-16 03:24:19 --> Undefined variable $card
in APPPATH\Views\pages\seminar.php on line 13.
 1 APPPATH\Views\pages\seminar.php(13): CodeIgniter\Debug\Exceptions->errorHandler(2, 'Undefined variable $card', 'APPPATH\\Views\\pages\\seminar.php', 13)
 2 SYSTEMPATH\View\View.php(213): include('APPPATH\\Views\\pages\\seminar.php')
 3 SYSTEMPATH\View\View.php(216): CodeIgniter\View\View->CodeIgniter\View\{closure}()
 4 SYSTEMPATH\Common.php(1135): CodeIgniter\View\View->render('pages/seminar', [], true)
 5 APPPATH\Controllers\Pages.php(20): view('pages/seminar', [...])
 6 SYSTEMPATH\CodeIgniter.php(898): App\Controllers\Pages->seminar()
 7 SYSTEMPATH\CodeIgniter.php(468): CodeIgniter\CodeIgniter->runController(Object(App\Controllers\Pages))
 8 SYSTEMPATH\CodeIgniter.php(351): CodeIgniter\CodeIgniter->handleRequest(null, Object(Config\Cache), false)
 9 FCPATH\index.php(55): CodeIgniter\CodeIgniter->run()
10 SYSTEMPATH\Commands\Server\rewrite.php(43): require_once('FCPATH\\index.php')
CRITICAL - 2022-06-16 03:24:21 --> Undefined variable $card
in APPPATH\Views\pages\seminar.php on line 13.
 1 APPPATH\Views\pages\seminar.php(13): CodeIgniter\Debug\Exceptions->errorHandler(2, 'Undefined variable $card', 'APPPATH\\Views\\pages\\seminar.php', 13)
 2 SYSTEMPATH\View\View.php(213): include('APPPATH\\Views\\pages\\seminar.php')
 3 SYSTEMPATH\View\View.php(216): CodeIgniter\View\View->CodeIgniter\View\{closure}()
 4 SYSTEMPATH\Common.php(1135): CodeIgniter\View\View->render('pages/seminar', [], true)
 5 APPPATH\Controllers\Pages.php(20): view('pages/seminar', [...])
 6 SYSTEMPATH\CodeIgniter.php(898): App\Controllers\Pages->seminar()
 7 SYSTEMPATH\CodeIgniter.php(468): CodeIgniter\CodeIgniter->runController(Object(App\Controllers\Pages))
 8 SYSTEMPATH\CodeIgniter.php(351): CodeIgniter\CodeIgniter->handleRequest(null, Object(Config\Cache), false)
 9 FCPATH\index.php(55): CodeIgniter\CodeIgniter->run()
10 SYSTEMPATH\Commands\Server\rewrite.php(43): require_once('FCPATH\\index.php')
CRITICAL - 2022-06-16 03:24:22 --> Undefined variable $card
in APPPATH\Views\pages\seminar.php on line 13.
 1 APPPATH\Views\pages\seminar.php(13): CodeIgniter\Debug\Exceptions->errorHandler(2, 'Undefined variable $card', 'APPPATH\\Views\\pages\\seminar.php', 13)
 2 SYSTEMPATH\View\View.php(213): include('APPPATH\\Views\\pages\\seminar.php')
 3 SYSTEMPATH\View\View.php(216): CodeIgniter\View\View->CodeIgniter\View\{closure}()
 4 SYSTEMPATH\Common.php(1135): CodeIgniter\View\View->render('pages/seminar', [], true)
 5 APPPATH\Controllers\Pages.php(20): view('pages/seminar', [...])
 6 SYSTEMPATH\CodeIgniter.php(898): App\Controllers\Pages->seminar()
 7 SYSTEMPATH\CodeIgniter.php(468): CodeIgniter\CodeIgniter->runController(Object(App\Controllers\Pages))
 8 SYSTEMPATH\CodeIgniter.php(351): CodeIgniter\CodeIgniter->handleRequest(null, Object(Config\Cache), false)
 9 FCPATH\index.php(55): CodeIgniter\CodeIgniter->run()
10 SYSTEMPATH\Commands\Server\rewrite.php(43): require_once('FCPATH\\index.php')
CRITICAL - 2022-06-16 03:25:00 --> Undefined variable $card
in APPPATH\Views\pages\seminar.php on line 13.
 1 APPPATH\Views\pages\seminar.php(13): CodeIgniter\Debug\Exceptions->errorHandler(2, 'Undefined variable $card', 'APPPATH\\Views\\pages\\seminar.php', 13)
 2 SYSTEMPATH\View\View.php(213): include('APPPATH\\Views\\pages\\seminar.php')
 3 SYSTEMPATH\View\View.php(216): CodeIgniter\View\View->CodeIgniter\View\{closure}()
 4 SYSTEMPATH\Common.php(1135): CodeIgniter\View\View->render('pages/seminar', [], true)
 5 APPPATH\Controllers\Pages.php(20): view('pages/seminar', [...])
 6 SYSTEMPATH\CodeIgniter.php(898): App\Controllers\Pages->seminar()
 7 SYSTEMPATH\CodeIgniter.php(468): CodeIgniter\CodeIgniter->runController(Object(App\Controllers\Pages))
 8 SYSTEMPATH\CodeIgniter.php(351): CodeIgniter\CodeIgniter->handleRequest(null, Object(Config\Cache), false)
 9 FCPATH\index.php(55): CodeIgniter\CodeIgniter->run()
10 SYSTEMPATH\Commands\Server\rewrite.php(43): require_once('FCPATH\\index.php')
CRITICAL - 2022-06-16 03:25:12 --> Undefined variable $card
in APPPATH\Views\pages\seminar.php on line 13.
 1 APPPATH\Views\pages\seminar.php(13): CodeIgniter\Debug\Exceptions->errorHandler(2, 'Undefined variable $card', 'APPPATH\\Views\\pages\\seminar.php', 13)
 2 SYSTEMPATH\View\View.php(213): include('APPPATH\\Views\\pages\\seminar.php')
 3 SYSTEMPATH\View\View.php(216): CodeIgniter\View\View->CodeIgniter\View\{closure}()
 4 SYSTEMPATH\Common.php(1135): CodeIgniter\View\View->render('pages/seminar', [], true)
 5 APPPATH\Controllers\Pages.php(20): view('pages/seminar', [...])
 6 SYSTEMPATH\CodeIgniter.php(898): App\Controllers\Pages->seminar()
 7 SYSTEMPATH\CodeIgniter.php(468): CodeIgniter\CodeIgniter->runController(Object(App\Controllers\Pages))
 8 SYSTEMPATH\CodeIgniter.php(351): CodeIgniter\CodeIgniter->handleRequest(null, Object(Config\Cache), false)
 9 FCPATH\index.php(55): CodeIgniter\CodeIgniter->run()
10 SYSTEMPATH\Commands\Server\rewrite.php(43): require_once('FCPATH\\index.php')
CRITICAL - 2022-06-16 03:37:57 --> Undefined property: CodeIgniter\View\View::$card
in APPPATH\Views\pages\seminar.php on line 13.
 1 APPPATH\Views\pages\seminar.php(13): CodeIgniter\Debug\Exceptions->errorHandler(2, 'Undefined property: CodeIgniter\\View\\View::$card', 'APPPATH\\Views\\pages\\seminar.php', 13)
 2 SYSTEMPATH\View\View.php(213): include('APPPATH\\Views\\pages\\seminar.php')
 3 SYSTEMPATH\View\View.php(216): CodeIgniter\View\View->CodeIgniter\View\{closure}()
 4 SYSTEMPATH\Common.php(1135): CodeIgniter\View\View->render('pages/seminar', [], true)
 5 APPPATH\Controllers\Pages.php(20): view('pages/seminar', [...])
 6 SYSTEMPATH\CodeIgniter.php(898): App\Controllers\Pages->seminar()
 7 SYSTEMPATH\CodeIgniter.php(468): CodeIgniter\CodeIgniter->runController(Object(App\Controllers\Pages))
 8 SYSTEMPATH\CodeIgniter.php(351): CodeIgniter\CodeIgniter->handleRequest(null, Object(Config\Cache), false)
 9 FCPATH\index.php(55): CodeIgniter\CodeIgniter->run()
10 SYSTEMPATH\Commands\Server\rewrite.php(43): require_once('FCPATH\\index.php')
CRITICAL - 2022-06-16 22:08:46 --> Undefined variable $card
in APPPATH\Views\pages\seminar.php on line 13.
 1 APPPATH\Views\pages\seminar.php(13): CodeIgniter\Debug\Exceptions->errorHandler(2, 'Undefined variable $card', 'APPPATH\\Views\\pages\\seminar.php', 13)
 2 SYSTEMPATH\View\View.php(213): include('APPPATH\\Views\\pages\\seminar.php')
 3 SYSTEMPATH\View\View.php(216): CodeIgniter\View\View->CodeIgniter\View\{closure}()
 4 SYSTEMPATH\Common.php(1135): CodeIgniter\View\View->render('pages/seminar', [], true)
 5 APPPATH\Controllers\Pages.php(20): view('pages/seminar', [...])
 6 SYSTEMPATH\CodeIgniter.php(898): App\Controllers\Pages->seminar()
 7 SYSTEMPATH\CodeIgniter.php(468): CodeIgniter\CodeIgniter->runController(Object(App\Controllers\Pages))
 8 SYSTEMPATH\CodeIgniter.php(351): CodeIgniter\CodeIgniter->handleRequest(null, Object(Config\Cache), false)
 9 FCPATH\index.php(55): CodeIgniter\CodeIgniter->run()
10 SYSTEMPATH\Commands\Server\rewrite.php(43): require_once('FCPATH\\index.php')
CRITICAL - 2022-06-16 22:12:45 --> syntax error, unexpected token "extends", expecting "{"
in APPPATH\Controllers\Pages.php on line 5.
 1 SYSTEMPATH\Autoloader\Autoloader.php(261): CodeIgniter\Autoloader\Autoloader->includeFile('APPPATH\\Controllers\\Pages.php')
 2 SYSTEMPATH\Autoloader\Autoloader.php(239): CodeIgniter\Autoloader\Autoloader->loadInNamespace('App\\Controllers\\Pages')
 3 [internal function]: CodeIgniter\Autoloader\Autoloader->loadClass('App\\Controllers\\Pages')
 4 SYSTEMPATH\CodeIgniter.php(848): class_exists('\\App\\Controllers\\Pages', true)
 5 SYSTEMPATH\CodeIgniter.php(455): CodeIgniter\CodeIgniter->startController()
 6 SYSTEMPATH\CodeIgniter.php(351): CodeIgniter\CodeIgniter->handleRequest(null, Object(Config\Cache), false)
 7 FCPATH\index.php(55): CodeIgniter\CodeIgniter->run()
 8 SYSTEMPATH\Commands\Server\rewrite.php(43): require_once('FCPATH\\index.php')
CRITICAL - 2022-06-16 22:13:02 --> syntax error, unexpected token "extends", expecting "{"
in APPPATH\Controllers\Pages.php on line 5.
 1 SYSTEMPATH\Autoloader\Autoloader.php(261): CodeIgniter\Autoloader\Autoloader->includeFile('APPPATH\\Controllers\\Pages.php')
 2 SYSTEMPATH\Autoloader\Autoloader.php(239): CodeIgniter\Autoloader\Autoloader->loadInNamespace('App\\Controllers\\Pages')
 3 [internal function]: CodeIgniter\Autoloader\Autoloader->loadClass('App\\Controllers\\Pages')
 4 SYSTEMPATH\CodeIgniter.php(848): class_exists('\\App\\Controllers\\Pages', true)
 5 SYSTEMPATH\CodeIgniter.php(455): CodeIgniter\CodeIgniter->startController()
 6 SYSTEMPATH\CodeIgniter.php(351): CodeIgniter\CodeIgniter->handleRequest(null, Object(Config\Cache), false)
 7 FCPATH\index.php(55): CodeIgniter\CodeIgniter->run()
 8 SYSTEMPATH\Commands\Server\rewrite.php(43): require_once('FCPATH\\index.php')
CRITICAL - 2022-06-16 22:15:51 --> Undefined variable $card
in APPPATH\Views\pages\seminar.php on line 13.
 1 APPPATH\Views\pages\seminar.php(13): CodeIgniter\Debug\Exceptions->errorHandler(2, 'Undefined variable $card', 'APPPATH\\Views\\pages\\seminar.php', 13)
 2 SYSTEMPATH\View\View.php(213): include('APPPATH\\Views\\pages\\seminar.php')
 3 SYSTEMPATH\View\View.php(216): CodeIgniter\View\View->CodeIgniter\View\{closure}()
 4 SYSTEMPATH\Common.php(1135): CodeIgniter\View\View->render('pages/seminar', [], true)
 5 APPPATH\Controllers\Pages.php(20): view('pages/seminar', [...])
 6 SYSTEMPATH\CodeIgniter.php(898): App\Controllers\Pages->seminar()
 7 SYSTEMPATH\CodeIgniter.php(468): CodeIgniter\CodeIgniter->runController(Object(App\Controllers\Pages))
 8 SYSTEMPATH\CodeIgniter.php(351): CodeIgniter\CodeIgniter->handleRequest(null, Object(Config\Cache), false)
 9 FCPATH\index.php(55): CodeIgniter\CodeIgniter->run()
10 SYSTEMPATH\Commands\Server\rewrite.php(43): require_once('FCPATH\\index.php')
CRITICAL - 2022-06-16 22:17:35 --> Invalid file: pages/seminar.php
in SYSTEMPATH\Exceptions\FrameworkException.php on line 33.
 1 SYSTEMPATH\View\View.php(201): CodeIgniter\Exceptions\FrameworkException::forInvalidFile('pages/seminar.php')
 2 SYSTEMPATH\Common.php(1135): CodeIgniter\View\View->render('pages/seminar', [], true)
 3 APPPATH\Controllers\Pages.php(20): view('pages/seminar', [...])
 4 SYSTEMPATH\CodeIgniter.php(898): App\Controllers\Pages->seminar()
 5 SYSTEMPATH\CodeIgniter.php(468): CodeIgniter\CodeIgniter->runController(Object(App\Controllers\Pages))
 6 SYSTEMPATH\CodeIgniter.php(351): CodeIgniter\CodeIgniter->handleRequest(null, Object(Config\Cache), false)
 7 FCPATH\index.php(55): CodeIgniter\CodeIgniter->run()
 8 SYSTEMPATH\Commands\Server\rewrite.php(43): require_once('FCPATH\\index.php')
CRITICAL - 2022-06-16 22:17:41 --> Invalid file: pages/seminar.php
in SYSTEMPATH\Exceptions\FrameworkException.php on line 33.
 1 SYSTEMPATH\View\View.php(201): CodeIgniter\Exceptions\FrameworkException::forInvalidFile('pages/seminar.php')
 2 SYSTEMPATH\Common.php(1135): CodeIgniter\View\View->render('pages/seminar', [], true)
 3 APPPATH\Controllers\Pages.php(20): view('pages/seminar', [...])
 4 SYSTEMPATH\CodeIgniter.php(898): App\Controllers\Pages->seminar()
 5 SYSTEMPATH\CodeIgniter.php(468): CodeIgniter\CodeIgniter->runController(Object(App\Controllers\Pages))
 6 SYSTEMPATH\CodeIgniter.php(351): CodeIgniter\CodeIgniter->handleRequest(null, Object(Config\Cache), false)
 7 FCPATH\index.php(55): CodeIgniter\CodeIgniter->run()
 8 SYSTEMPATH\Commands\Server\rewrite.php(43): require_once('FCPATH\\index.php')
CRITICAL - 2022-06-16 22:17:46 --> Invalid file: pages/seminar.php
in SYSTEMPATH\Exceptions\FrameworkException.php on line 33.
 1 SYSTEMPATH\View\View.php(201): CodeIgniter\Exceptions\FrameworkException::forInvalidFile('pages/seminar.php')
 2 SYSTEMPATH\Common.php(1135): CodeIgniter\View\View->render('pages/seminar', [], true)
 3 APPPATH\Controllers\Pages.php(20): view('pages/seminar', [...])
 4 SYSTEMPATH\CodeIgniter.php(898): App\Controllers\Pages->seminar()
 5 SYSTEMPATH\CodeIgniter.php(468): CodeIgniter\CodeIgniter->runController(Object(App\Controllers\Pages))
 6 SYSTEMPATH\CodeIgniter.php(351): CodeIgniter\CodeIgniter->handleRequest(null, Object(Config\Cache), false)
 7 FCPATH\index.php(55): CodeIgniter\CodeIgniter->run()
 8 SYSTEMPATH\Commands\Server\rewrite.php(43): require_once('FCPATH\\index.php')
CRITICAL - 2022-06-16 22:18:12 --> Invalid file: pages/seminar.php
in SYSTEMPATH\Exceptions\FrameworkException.php on line 33.
 1 SYSTEMPATH\View\View.php(201): CodeIgniter\Exceptions\FrameworkException::forInvalidFile('pages/seminar.php')
 2 SYSTEMPATH\Common.php(1135): CodeIgniter\View\View->render('pages/seminar', [], true)
 3 APPPATH\Controllers\Pages.php(20): view('pages/seminar', [...])
 4 SYSTEMPATH\CodeIgniter.php(898): App\Controllers\Pages->seminar()
 5 SYSTEMPATH\CodeIgniter.php(468): CodeIgniter\CodeIgniter->runController(Object(App\Controllers\Pages))
 6 SYSTEMPATH\CodeIgniter.php(351): CodeIgniter\CodeIgniter->handleRequest(null, Object(Config\Cache), false)
 7 FCPATH\index.php(55): CodeIgniter\CodeIgniter->run()
 8 SYSTEMPATH\Commands\Server\rewrite.php(43): require_once('FCPATH\\index.php')
CRITICAL - 2022-06-16 22:18:51 --> Invalid file: pages/seminar.php
in SYSTEMPATH\Exceptions\FrameworkException.php on line 33.
 1 SYSTEMPATH\View\View.php(201): CodeIgniter\Exceptions\FrameworkException::forInvalidFile('pages/seminar.php')
 2 SYSTEMPATH\Common.php(1135): CodeIgniter\View\View->render('pages/seminar', [], true)
 3 APPPATH\Controllers\Pages.php(20): view('pages/seminar', [...])
 4 SYSTEMPATH\CodeIgniter.php(898): App\Controllers\Pages->seminar()
 5 SYSTEMPATH\CodeIgniter.php(468): CodeIgniter\CodeIgniter->runController(Object(App\Controllers\Pages))
 6 SYSTEMPATH\CodeIgniter.php(351): CodeIgniter\CodeIgniter->handleRequest(null, Object(Config\Cache), false)
 7 FCPATH\index.php(55): CodeIgniter\CodeIgniter->run()
 8 SYSTEMPATH\Commands\Server\rewrite.php(43): require_once('FCPATH\\index.php')
