ERROR - 2022-11-14 21:53:24 --> Got error 194 "Tablespace is missing for a table" from storage engine InnoDB
CRITICAL - 2022-11-14 21:53:24 --> Got error 194 "Tablespace is missing for a table" from storage engine InnoDB
in SYSTEMPATH\Database\MySQLi\Connection.php on line 292.
 1 SYSTEMPATH\Database\MySQLi\Connection.php(292): mysqli->query('SELECT *
FROM `card`', 0)
 2 SYSTEMPATH\Database\BaseConnection.php(678): CodeIgniter\Database\MySQLi\Connection->execute('SELECT *
FROM `card`')
 3 SYSTEMPATH\Database\BaseConnection.php(606): CodeIgniter\Database\BaseConnection->simpleQuery('SELECT *
FROM `card`')
 4 SYSTEMPATH\Database\BaseBuilder.php(1585): CodeIgniter\Database\BaseConnection->query('SELECT *
FROM `card`', [], false)
 5 SYSTEMPATH\Model.php(222): CodeIgniter\Database\BaseBuilder->get()
 6 SYSTEMPATH\BaseModel.php(584): CodeIgniter\Model->doFindAll(0, 0)
 7 APPPATH\Controllers\Pages.php(12): CodeIgniter\BaseModel->findAll()
 8 SYSTEMPATH\CodeIgniter.php(898): App\Controllers\Pages->index()
 9 SYSTEMPATH\CodeIgniter.php(468): CodeIgniter\CodeIgniter->runController(Object(App\Controllers\Pages))
10 SYSTEMPATH\CodeIgniter.php(351): CodeIgniter\CodeIgniter->handleRequest(null, Object(Config\Cache), false)
11 FCPATH\index.php(55): CodeIgniter\CodeIgniter->run()
12 SYSTEMPATH\Commands\Server\rewrite.php(43): require_once('FCPATH\\index.php')
ERROR - 2022-11-14 21:53:33 --> Got error 194 "Tablespace is missing for a table" from storage engine InnoDB
CRITICAL - 2022-11-14 21:53:33 --> Got error 194 "Tablespace is missing for a table" from storage engine InnoDB
in SYSTEMPATH\Database\MySQLi\Connection.php on line 292.
 1 SYSTEMPATH\Database\MySQLi\Connection.php(292): mysqli->query('SELECT *
FROM `card`', 0)
 2 SYSTEMPATH\Database\BaseConnection.php(678): CodeIgniter\Database\MySQLi\Connection->execute('SELECT *
FROM `card`')
 3 SYSTEMPATH\Database\BaseConnection.php(606): CodeIgniter\Database\BaseConnection->simpleQuery('SELECT *
FROM `card`')
 4 SYSTEMPATH\Database\BaseBuilder.php(1585): CodeIgniter\Database\BaseConnection->query('SELECT *
FROM `card`', [], false)
 5 SYSTEMPATH\Model.php(222): CodeIgniter\Database\BaseBuilder->get()
 6 SYSTEMPATH\BaseModel.php(584): CodeIgniter\Model->doFindAll(0, 0)
 7 APPPATH\Controllers\Pages.php(12): CodeIgniter\BaseModel->findAll()
 8 SYSTEMPATH\CodeIgniter.php(898): App\Controllers\Pages->index()
 9 SYSTEMPATH\CodeIgniter.php(468): CodeIgniter\CodeIgniter->runController(Object(App\Controllers\Pages))
10 SYSTEMPATH\CodeIgniter.php(351): CodeIgniter\CodeIgniter->handleRequest(null, Object(Config\Cache), false)
11 FCPATH\index.php(55): CodeIgniter\CodeIgniter->run()
12 SYSTEMPATH\Commands\Server\rewrite.php(43): require_once('FCPATH\\index.php')
ERROR - 2022-11-14 21:55:14 --> Got error 194 "Tablespace is missing for a table" from storage engine InnoDB
CRITICAL - 2022-11-14 21:55:14 --> Got error 194 "Tablespace is missing for a table" from storage engine InnoDB
in SYSTEMPATH\Database\MySQLi\Connection.php on line 292.
 1 SYSTEMPATH\Database\MySQLi\Connection.php(292): mysqli->query('SELECT *
FROM `card`', 0)
 2 SYSTEMPATH\Database\BaseConnection.php(678): CodeIgniter\Database\MySQLi\Connection->execute('SELECT *
FROM `card`')
 3 SYSTEMPATH\Database\BaseConnection.php(606): CodeIgniter\Database\BaseConnection->simpleQuery('SELECT *
FROM `card`')
 4 SYSTEMPATH\Database\BaseBuilder.php(1585): CodeIgniter\Database\BaseConnection->query('SELECT *
FROM `card`', [], false)
 5 SYSTEMPATH\Model.php(222): CodeIgniter\Database\BaseBuilder->get()
 6 SYSTEMPATH\BaseModel.php(584): CodeIgniter\Model->doFindAll(0, 0)
 7 APPPATH\Controllers\Pages.php(12): CodeIgniter\BaseModel->findAll()
 8 SYSTEMPATH\CodeIgniter.php(898): App\Controllers\Pages->index()
 9 SYSTEMPATH\CodeIgniter.php(468): CodeIgniter\CodeIgniter->runController(Object(App\Controllers\Pages))
10 SYSTEMPATH\CodeIgniter.php(351): CodeIgniter\CodeIgniter->handleRequest(null, Object(Config\Cache), false)
11 FCPATH\index.php(55): CodeIgniter\CodeIgniter->run()
12 SYSTEMPATH\Commands\Server\rewrite.php(43): require_once('FCPATH\\index.php')
ERROR - 2022-11-14 21:55:32 --> Got error 194 "Tablespace is missing for a table" from storage engine InnoDB
CRITICAL - 2022-11-14 21:55:32 --> Got error 194 "Tablespace is missing for a table" from storage engine InnoDB
in SYSTEMPATH\Database\MySQLi\Connection.php on line 292.
 1 SYSTEMPATH\Database\MySQLi\Connection.php(292): mysqli->query('SELECT *
FROM `card`', 0)
 2 SYSTEMPATH\Database\BaseConnection.php(678): CodeIgniter\Database\MySQLi\Connection->execute('SELECT *
FROM `card`')
 3 SYSTEMPATH\Database\BaseConnection.php(606): CodeIgniter\Database\BaseConnection->simpleQuery('SELECT *
FROM `card`')
 4 SYSTEMPATH\Database\BaseBuilder.php(1585): CodeIgniter\Database\BaseConnection->query('SELECT *
FROM `card`', [], false)
 5 SYSTEMPATH\Model.php(222): CodeIgniter\Database\BaseBuilder->get()
 6 SYSTEMPATH\BaseModel.php(584): CodeIgniter\Model->doFindAll(0, 0)
 7 APPPATH\Controllers\Pages.php(12): CodeIgniter\BaseModel->findAll()
 8 SYSTEMPATH\CodeIgniter.php(898): App\Controllers\Pages->index()
 9 SYSTEMPATH\CodeIgniter.php(468): CodeIgniter\CodeIgniter->runController(Object(App\Controllers\Pages))
10 SYSTEMPATH\CodeIgniter.php(351): CodeIgniter\CodeIgniter->handleRequest(null, Object(Config\Cache), false)
11 FCPATH\index.php(55): CodeIgniter\CodeIgniter->run()
12 SYSTEMPATH\Commands\Server\rewrite.php(43): require_once('FCPATH\\index.php')
ERROR - 2022-11-14 21:55:39 --> Got error 194 "Tablespace is missing for a table" from storage engine InnoDB
CRITICAL - 2022-11-14 21:55:39 --> Got error 194 "Tablespace is missing for a table" from storage engine InnoDB
in SYSTEMPATH\Database\MySQLi\Connection.php on line 292.
 1 SYSTEMPATH\Database\MySQLi\Connection.php(292): mysqli->query('SELECT *
FROM `card`', 0)
 2 SYSTEMPATH\Database\BaseConnection.php(678): CodeIgniter\Database\MySQLi\Connection->execute('SELECT *
FROM `card`')
 3 SYSTEMPATH\Database\BaseConnection.php(606): CodeIgniter\Database\BaseConnection->simpleQuery('SELECT *
FROM `card`')
 4 SYSTEMPATH\Database\BaseBuilder.php(1585): CodeIgniter\Database\BaseConnection->query('SELECT *
FROM `card`', [], false)
 5 SYSTEMPATH\Model.php(222): CodeIgniter\Database\BaseBuilder->get()
 6 SYSTEMPATH\BaseModel.php(584): CodeIgniter\Model->doFindAll(0, 0)
 7 APPPATH\Controllers\Pages.php(12): CodeIgniter\BaseModel->findAll()
 8 SYSTEMPATH\CodeIgniter.php(898): App\Controllers\Pages->index()
 9 SYSTEMPATH\CodeIgniter.php(468): CodeIgniter\CodeIgniter->runController(Object(App\Controllers\Pages))
10 SYSTEMPATH\CodeIgniter.php(351): CodeIgniter\CodeIgniter->handleRequest(null, Object(Config\Cache), false)
11 FCPATH\index.php(55): CodeIgniter\CodeIgniter->run()
12 SYSTEMPATH\Commands\Server\rewrite.php(43): require_once('FCPATH\\index.php')
ERROR - 2022-11-14 21:56:37 --> Got error 194 "Tablespace is missing for a table" from storage engine InnoDB
CRITICAL - 2022-11-14 21:56:37 --> Got error 194 "Tablespace is missing for a table" from storage engine InnoDB
in SYSTEMPATH\Database\MySQLi\Connection.php on line 292.
 1 SYSTEMPATH\Database\MySQLi\Connection.php(292): mysqli->query('SELECT *
FROM `card`', 0)
 2 SYSTEMPATH\Database\BaseConnection.php(678): CodeIgniter\Database\MySQLi\Connection->execute('SELECT *
FROM `card`')
 3 SYSTEMPATH\Database\BaseConnection.php(606): CodeIgniter\Database\BaseConnection->simpleQuery('SELECT *
FROM `card`')
 4 SYSTEMPATH\Database\BaseBuilder.php(1585): CodeIgniter\Database\BaseConnection->query('SELECT *
FROM `card`', [], false)
 5 SYSTEMPATH\Model.php(222): CodeIgniter\Database\BaseBuilder->get()
 6 SYSTEMPATH\BaseModel.php(584): CodeIgniter\Model->doFindAll(0, 0)
 7 APPPATH\Controllers\Pages.php(12): CodeIgniter\BaseModel->findAll()
 8 SYSTEMPATH\CodeIgniter.php(898): App\Controllers\Pages->index()
 9 SYSTEMPATH\CodeIgniter.php(468): CodeIgniter\CodeIgniter->runController(Object(App\Controllers\Pages))
10 SYSTEMPATH\CodeIgniter.php(351): CodeIgniter\CodeIgniter->handleRequest(null, Object(Config\Cache), false)
11 FCPATH\index.php(55): CodeIgniter\CodeIgniter->run()
12 SYSTEMPATH\Commands\Server\rewrite.php(43): require_once('FCPATH\\index.php')
ERROR - 2022-11-14 21:56:45 --> Got error 194 "Tablespace is missing for a table" from storage engine InnoDB
CRITICAL - 2022-11-14 21:56:45 --> Got error 194 "Tablespace is missing for a table" from storage engine InnoDB
in SYSTEMPATH\Database\MySQLi\Connection.php on line 292.
 1 SYSTEMPATH\Database\MySQLi\Connection.php(292): mysqli->query('SELECT *
FROM `card`', 0)
 2 SYSTEMPATH\Database\BaseConnection.php(678): CodeIgniter\Database\MySQLi\Connection->execute('SELECT *
FROM `card`')
 3 SYSTEMPATH\Database\BaseConnection.php(606): CodeIgniter\Database\BaseConnection->simpleQuery('SELECT *
FROM `card`')
 4 SYSTEMPATH\Database\BaseBuilder.php(1585): CodeIgniter\Database\BaseConnection->query('SELECT *
FROM `card`', [], false)
 5 SYSTEMPATH\Model.php(222): CodeIgniter\Database\BaseBuilder->get()
 6 SYSTEMPATH\BaseModel.php(584): CodeIgniter\Model->doFindAll(0, 0)
 7 APPPATH\Controllers\Pages.php(12): CodeIgniter\BaseModel->findAll()
 8 SYSTEMPATH\CodeIgniter.php(898): App\Controllers\Pages->index()
 9 SYSTEMPATH\CodeIgniter.php(468): CodeIgniter\CodeIgniter->runController(Object(App\Controllers\Pages))
10 SYSTEMPATH\CodeIgniter.php(351): CodeIgniter\CodeIgniter->handleRequest(null, Object(Config\Cache), false)
11 FCPATH\index.php(55): CodeIgniter\CodeIgniter->run()
12 SYSTEMPATH\Commands\Server\rewrite.php(43): require_once('FCPATH\\index.php')
ERROR - 2022-11-14 21:58:05 --> Got error 194 "Tablespace is missing for a table" from storage engine InnoDB
CRITICAL - 2022-11-14 21:58:05 --> Got error 194 "Tablespace is missing for a table" from storage engine InnoDB
in SYSTEMPATH\Database\MySQLi\Connection.php on line 292.
 1 SYSTEMPATH\Database\MySQLi\Connection.php(292): mysqli->query('SELECT * FROM card ORDER BY id DESC', 0)
 2 SYSTEMPATH\Database\BaseConnection.php(678): CodeIgniter\Database\MySQLi\Connection->execute('SELECT * FROM card ORDER BY id DESC')
 3 SYSTEMPATH\Database\BaseConnection.php(606): CodeIgniter\Database\BaseConnection->simpleQuery('SELECT * FROM card ORDER BY id DESC')
 4 APPPATH\Controllers\ShowCard.php(22): CodeIgniter\Database\BaseConnection->query('SELECT * FROM card ORDER BY id DESC')
 5 SYSTEMPATH\CodeIgniter.php(898): App\Controllers\ShowCard->download()
 6 SYSTEMPATH\CodeIgniter.php(468): CodeIgniter\CodeIgniter->runController(Object(App\Controllers\ShowCard))
 7 SYSTEMPATH\CodeIgniter.php(351): CodeIgniter\CodeIgniter->handleRequest(null, Object(Config\Cache), false)
 8 FCPATH\index.php(55): CodeIgniter\CodeIgniter->run()
 9 SYSTEMPATH\Commands\Server\rewrite.php(43): require_once('FCPATH\\index.php')
ERROR - 2022-11-14 21:58:20 --> Got error 194 "Tablespace is missing for a table" from storage engine InnoDB
CRITICAL - 2022-11-14 21:58:20 --> Got error 194 "Tablespace is missing for a table" from storage engine InnoDB
in SYSTEMPATH\Database\MySQLi\Connection.php on line 292.
 1 SYSTEMPATH\Database\MySQLi\Connection.php(292): mysqli->query('SELECT * FROM contact ORDER BY id DESC', 0)
 2 SYSTEMPATH\Database\BaseConnection.php(678): CodeIgniter\Database\MySQLi\Connection->execute('SELECT * FROM contact ORDER BY id DESC')
 3 SYSTEMPATH\Database\BaseConnection.php(606): CodeIgniter\Database\BaseConnection->simpleQuery('SELECT * FROM contact ORDER BY id DESC')
 4 APPPATH\Controllers\ThankYou.php(11): CodeIgniter\Database\BaseConnection->query('SELECT * FROM contact ORDER BY id DESC')
 5 SYSTEMPATH\CodeIgniter.php(898): App\Controllers\ThankYou->contact()
 6 SYSTEMPATH\CodeIgniter.php(468): CodeIgniter\CodeIgniter->runController(Object(App\Controllers\ThankYou))
 7 SYSTEMPATH\CodeIgniter.php(351): CodeIgniter\CodeIgniter->handleRequest(null, Object(Config\Cache), false)
 8 FCPATH\index.php(55): CodeIgniter\CodeIgniter->run()
 9 SYSTEMPATH\Commands\Server\rewrite.php(43): require_once('FCPATH\\index.php')
CRITICAL - 2022-11-14 22:21:41 --> Trying to access array offset on value of type null
in APPPATH\Views\card\detailDoc.php on line 10.
 1 APPPATH\Views\card\detailDoc.php(10): CodeIgniter\Debug\Exceptions->errorHandler(2, 'Trying to access array offset on value of type null', 'APPPATH\\Views\\card\\detailDoc.php', 10)
 2 SYSTEMPATH\View\View.php(213): include('APPPATH\\Views\\card\\detailDoc.php')
 3 SYSTEMPATH\View\View.php(216): CodeIgniter\View\View->CodeIgniter\View\{closure}()
 4 SYSTEMPATH\Common.php(1135): CodeIgniter\View\View->render('card/detailDoc', [], true)
 5 APPPATH\Controllers\ShowDoc.php(27): view('card/detailDoc', [...])
 6 SYSTEMPATH\CodeIgniter.php(898): App\Controllers\ShowDoc->detailDoc('FCPATH\\assets', 'bootstrap', 'js', 'bootstrap.min.js')
 7 SYSTEMPATH\CodeIgniter.php(468): CodeIgniter\CodeIgniter->runController(Object(App\Controllers\ShowDoc))
 8 SYSTEMPATH\CodeIgniter.php(351): CodeIgniter\CodeIgniter->handleRequest(null, Object(Config\Cache), false)
 9 FCPATH\index.php(55): CodeIgniter\CodeIgniter->run()
10 SYSTEMPATH\Commands\Server\rewrite.php(43): require_once('FCPATH\\index.php')
