CRITICAL - 2022-07-06 03:41:46 --> Trying to access array offset on value of type null
in APPPATH\Views\card\detail.php on line 71.
 1 APPPATH\Views\card\detail.php(71): CodeIgniter\Debug\Exceptions->errorHandler(2, 'Trying to access array offset on value of type null', 'APPPATH\\Views\\card\\detail.php', 71)
 2 SYSTEMPATH\View\View.php(213): include('APPPATH\\Views\\card\\detail.php')
 3 SYSTEMPATH\View\View.php(216): CodeIgniter\View\View->CodeIgniter\View\{closure}()
 4 SYSTEMPATH\Common.php(1135): CodeIgniter\View\View->render('card/detail', [], true)
 5 APPPATH\Controllers\ShowCard.php(27): view('card/detail', [...])
 6 SYSTEMPATH\CodeIgniter.php(898): App\Controllers\ShowCard->detail('FCPATH\\assets', 'bootstrap', 'js', 'bootstrap.min.js')
 7 SYSTEMPATH\CodeIgniter.php(468): CodeIgniter\CodeIgniter->runController(Object(App\Controllers\ShowCard))
 8 SYSTEMPATH\CodeIgniter.php(351): CodeIgniter\CodeIgniter->handleRequest(null, Object(Config\Cache), false)
 9 FCPATH\index.php(55): CodeIgniter\CodeIgniter->run()
10 SYSTEMPATH\Commands\Server\rewrite.php(43): require_once('FCPATH\\index.php')
CRITICAL - 2022-07-06 03:41:50 --> Trying to access array offset on value of type null
in APPPATH\Views\card\detail.php on line 71.
 1 APPPATH\Views\card\detail.php(71): CodeIgniter\Debug\Exceptions->errorHandler(2, 'Trying to access array offset on value of type null', 'APPPATH\\Views\\card\\detail.php', 71)
 2 SYSTEMPATH\View\View.php(213): include('APPPATH\\Views\\card\\detail.php')
 3 SYSTEMPATH\View\View.php(216): CodeIgniter\View\View->CodeIgniter\View\{closure}()
 4 SYSTEMPATH\Common.php(1135): CodeIgniter\View\View->render('card/detail', [], true)
 5 APPPATH\Controllers\ShowCard.php(27): view('card/detail', [...])
 6 SYSTEMPATH\CodeIgniter.php(898): App\Controllers\ShowCard->detail('FCPATH\\assets', 'bootstrap', 'js', 'bootstrap.min.js')
 7 SYSTEMPATH\CodeIgniter.php(468): CodeIgniter\CodeIgniter->runController(Object(App\Controllers\ShowCard))
 8 SYSTEMPATH\CodeIgniter.php(351): CodeIgniter\CodeIgniter->handleRequest(null, Object(Config\Cache), false)
 9 FCPATH\index.php(55): CodeIgniter\CodeIgniter->run()
10 SYSTEMPATH\Commands\Server\rewrite.php(43): require_once('FCPATH\\index.php')
CRITICAL - 2022-07-06 03:41:55 --> Trying to access array offset on value of type null
in APPPATH\Views\card\detail.php on line 71.
 1 APPPATH\Views\card\detail.php(71): CodeIgniter\Debug\Exceptions->errorHandler(2, 'Trying to access array offset on value of type null', 'APPPATH\\Views\\card\\detail.php', 71)
 2 SYSTEMPATH\View\View.php(213): include('APPPATH\\Views\\card\\detail.php')
 3 SYSTEMPATH\View\View.php(216): CodeIgniter\View\View->CodeIgniter\View\{closure}()
 4 SYSTEMPATH\Common.php(1135): CodeIgniter\View\View->render('card/detail', [], true)
 5 APPPATH\Controllers\ShowCard.php(27): view('card/detail', [...])
 6 SYSTEMPATH\CodeIgniter.php(898): App\Controllers\ShowCard->detail('FCPATH\\assets', 'bootstrap', 'js', 'bootstrap.min.js')
 7 SYSTEMPATH\CodeIgniter.php(468): CodeIgniter\CodeIgniter->runController(Object(App\Controllers\ShowCard))
 8 SYSTEMPATH\CodeIgniter.php(351): CodeIgniter\CodeIgniter->handleRequest(null, Object(Config\Cache), false)
 9 FCPATH\index.php(55): CodeIgniter\CodeIgniter->run()
10 SYSTEMPATH\Commands\Server\rewrite.php(43): require_once('FCPATH\\index.php')
CRITICAL - 2022-07-06 03:41:57 --> Trying to access array offset on value of type null
in APPPATH\Views\card\detail.php on line 71.
 1 APPPATH\Views\card\detail.php(71): CodeIgniter\Debug\Exceptions->errorHandler(2, 'Trying to access array offset on value of type null', 'APPPATH\\Views\\card\\detail.php', 71)
 2 SYSTEMPATH\View\View.php(213): include('APPPATH\\Views\\card\\detail.php')
 3 SYSTEMPATH\View\View.php(216): CodeIgniter\View\View->CodeIgniter\View\{closure}()
 4 SYSTEMPATH\Common.php(1135): CodeIgniter\View\View->render('card/detail', [], true)
 5 APPPATH\Controllers\ShowCard.php(27): view('card/detail', [...])
 6 SYSTEMPATH\CodeIgniter.php(898): App\Controllers\ShowCard->detail('FCPATH\\assets', 'bootstrap', 'js', 'bootstrap.min.js')
 7 SYSTEMPATH\CodeIgniter.php(468): CodeIgniter\CodeIgniter->runController(Object(App\Controllers\ShowCard))
 8 SYSTEMPATH\CodeIgniter.php(351): CodeIgniter\CodeIgniter->handleRequest(null, Object(Config\Cache), false)
 9 FCPATH\index.php(55): CodeIgniter\CodeIgniter->run()
10 SYSTEMPATH\Commands\Server\rewrite.php(43): require_once('FCPATH\\index.php')
CRITICAL - 2022-07-06 03:41:58 --> Trying to access array offset on value of type null
in APPPATH\Views\card\detail.php on line 71.
 1 APPPATH\Views\card\detail.php(71): CodeIgniter\Debug\Exceptions->errorHandler(2, 'Trying to access array offset on value of type null', 'APPPATH\\Views\\card\\detail.php', 71)
 2 SYSTEMPATH\View\View.php(213): include('APPPATH\\Views\\card\\detail.php')
 3 SYSTEMPATH\View\View.php(216): CodeIgniter\View\View->CodeIgniter\View\{closure}()
 4 SYSTEMPATH\Common.php(1135): CodeIgniter\View\View->render('card/detail', [], true)
 5 APPPATH\Controllers\ShowCard.php(27): view('card/detail', [...])
 6 SYSTEMPATH\CodeIgniter.php(898): App\Controllers\ShowCard->detail('FCPATH\\assets', 'bootstrap', 'js', 'bootstrap.min.js')
 7 SYSTEMPATH\CodeIgniter.php(468): CodeIgniter\CodeIgniter->runController(Object(App\Controllers\ShowCard))
 8 SYSTEMPATH\CodeIgniter.php(351): CodeIgniter\CodeIgniter->handleRequest(null, Object(Config\Cache), false)
 9 FCPATH\index.php(55): CodeIgniter\CodeIgniter->run()
10 SYSTEMPATH\Commands\Server\rewrite.php(43): require_once('FCPATH\\index.php')
CRITICAL - 2022-07-06 03:42:01 --> Trying to access array offset on value of type null
in APPPATH\Views\card\detail.php on line 71.
 1 APPPATH\Views\card\detail.php(71): CodeIgniter\Debug\Exceptions->errorHandler(2, 'Trying to access array offset on value of type null', 'APPPATH\\Views\\card\\detail.php', 71)
 2 SYSTEMPATH\View\View.php(213): include('APPPATH\\Views\\card\\detail.php')
 3 SYSTEMPATH\View\View.php(216): CodeIgniter\View\View->CodeIgniter\View\{closure}()
 4 SYSTEMPATH\Common.php(1135): CodeIgniter\View\View->render('card/detail', [], true)
 5 APPPATH\Controllers\ShowCard.php(27): view('card/detail', [...])
 6 SYSTEMPATH\CodeIgniter.php(898): App\Controllers\ShowCard->detail('FCPATH\\assets', 'bootstrap', 'js', 'bootstrap.min.js')
 7 SYSTEMPATH\CodeIgniter.php(468): CodeIgniter\CodeIgniter->runController(Object(App\Controllers\ShowCard))
 8 SYSTEMPATH\CodeIgniter.php(351): CodeIgniter\CodeIgniter->handleRequest(null, Object(Config\Cache), false)
 9 FCPATH\index.php(55): CodeIgniter\CodeIgniter->run()
10 SYSTEMPATH\Commands\Server\rewrite.php(43): require_once('FCPATH\\index.php')
CRITICAL - 2022-07-06 03:42:12 --> Trying to access array offset on value of type null
in APPPATH\Views\card\detail.php on line 71.
 1 APPPATH\Views\card\detail.php(71): CodeIgniter\Debug\Exceptions->errorHandler(2, 'Trying to access array offset on value of type null', 'APPPATH\\Views\\card\\detail.php', 71)
 2 SYSTEMPATH\View\View.php(213): include('APPPATH\\Views\\card\\detail.php')
 3 SYSTEMPATH\View\View.php(216): CodeIgniter\View\View->CodeIgniter\View\{closure}()
 4 SYSTEMPATH\Common.php(1135): CodeIgniter\View\View->render('card/detail', [], true)
 5 APPPATH\Controllers\ShowCard.php(27): view('card/detail', [...])
 6 SYSTEMPATH\CodeIgniter.php(898): App\Controllers\ShowCard->detail('FCPATH\\assets', 'bootstrap', 'js', 'bootstrap.min.js')
 7 SYSTEMPATH\CodeIgniter.php(468): CodeIgniter\CodeIgniter->runController(Object(App\Controllers\ShowCard))
 8 SYSTEMPATH\CodeIgniter.php(351): CodeIgniter\CodeIgniter->handleRequest(null, Object(Config\Cache), false)
 9 FCPATH\index.php(55): CodeIgniter\CodeIgniter->run()
10 SYSTEMPATH\Commands\Server\rewrite.php(43): require_once('FCPATH\\index.php')
CRITICAL - 2022-07-06 03:43:03 --> Trying to access array offset on value of type null
in APPPATH\Views\card\detail.php on line 71.
 1 APPPATH\Views\card\detail.php(71): CodeIgniter\Debug\Exceptions->errorHandler(2, 'Trying to access array offset on value of type null', 'APPPATH\\Views\\card\\detail.php', 71)
 2 SYSTEMPATH\View\View.php(213): include('APPPATH\\Views\\card\\detail.php')
 3 SYSTEMPATH\View\View.php(216): CodeIgniter\View\View->CodeIgniter\View\{closure}()
 4 SYSTEMPATH\Common.php(1135): CodeIgniter\View\View->render('card/detail', [], true)
 5 APPPATH\Controllers\ShowCard.php(27): view('card/detail', [...])
 6 SYSTEMPATH\CodeIgniter.php(898): App\Controllers\ShowCard->detail('FCPATH\\assets', 'bootstrap', 'js', 'bootstrap.min.js')
 7 SYSTEMPATH\CodeIgniter.php(468): CodeIgniter\CodeIgniter->runController(Object(App\Controllers\ShowCard))
 8 SYSTEMPATH\CodeIgniter.php(351): CodeIgniter\CodeIgniter->handleRequest(null, Object(Config\Cache), false)
 9 FCPATH\index.php(55): CodeIgniter\CodeIgniter->run()
10 SYSTEMPATH\Commands\Server\rewrite.php(43): require_once('FCPATH\\index.php')
CRITICAL - 2022-07-06 03:43:45 --> Undefined variable $card
in APPPATH\Views\pendaftar\formPendaftar.php on line 17.
 1 APPPATH\Views\pendaftar\formPendaftar.php(17): CodeIgniter\Debug\Exceptions->errorHandler(2, 'Undefined variable $card', 'APPPATH\\Views\\pendaftar\\formPendaftar.php', 17)
 2 SYSTEMPATH\View\View.php(213): include('APPPATH\\Views\\pendaftar\\formPendaftar.php')
 3 SYSTEMPATH\View\View.php(216): CodeIgniter\View\View->CodeIgniter\View\{closure}()
 4 SYSTEMPATH\Common.php(1135): CodeIgniter\View\View->render('pendaftar/formPendaftar', [], true)
 5 APPPATH\Controllers\Pendaftar.php(20): view('pendaftar/formPendaftar', [...])
 6 SYSTEMPATH\CodeIgniter.php(898): App\Controllers\Pendaftar->daftar()
 7 SYSTEMPATH\CodeIgniter.php(468): CodeIgniter\CodeIgniter->runController(Object(App\Controllers\Pendaftar))
 8 SYSTEMPATH\CodeIgniter.php(351): CodeIgniter\CodeIgniter->handleRequest(null, Object(Config\Cache), false)
 9 FCPATH\index.php(55): CodeIgniter\CodeIgniter->run()
10 SYSTEMPATH\Commands\Server\rewrite.php(43): require_once('FCPATH\\index.php')
CRITICAL - 2022-07-06 03:43:45 --> Undefined variable $card
in APPPATH\Views\pendaftar\formPendaftar.php on line 17.
 1 APPPATH\Views\pendaftar\formPendaftar.php(17): CodeIgniter\Debug\Exceptions->errorHandler(2, 'Undefined variable $card', 'APPPATH\\Views\\pendaftar\\formPendaftar.php', 17)
 2 SYSTEMPATH\View\View.php(213): include('APPPATH\\Views\\pendaftar\\formPendaftar.php')
 3 SYSTEMPATH\View\View.php(216): CodeIgniter\View\View->CodeIgniter\View\{closure}()
 4 SYSTEMPATH\Common.php(1135): CodeIgniter\View\View->render('pendaftar/formPendaftar', [], true)
 5 APPPATH\Controllers\Pendaftar.php(20): view('pendaftar/formPendaftar', [...])
 6 SYSTEMPATH\CodeIgniter.php(898): App\Controllers\Pendaftar->daftar()
 7 SYSTEMPATH\CodeIgniter.php(468): CodeIgniter\CodeIgniter->runController(Object(App\Controllers\Pendaftar))
 8 SYSTEMPATH\CodeIgniter.php(351): CodeIgniter\CodeIgniter->handleRequest(null, Object(Config\Cache), false)
 9 FCPATH\index.php(55): CodeIgniter\CodeIgniter->run()
10 SYSTEMPATH\Commands\Server\rewrite.php(43): require_once('FCPATH\\index.php')
CRITICAL - 2022-07-06 03:45:18 --> Undefined variable $card
in APPPATH\Views\card\detail.php on line 71.
 1 APPPATH\Views\card\detail.php(71): CodeIgniter\Debug\Exceptions->errorHandler(2, 'Undefined variable $card', 'APPPATH\\Views\\card\\detail.php', 71)
 2 SYSTEMPATH\View\View.php(213): include('APPPATH\\Views\\card\\detail.php')
 3 SYSTEMPATH\View\View.php(216): CodeIgniter\View\View->CodeIgniter\View\{closure}()
 4 SYSTEMPATH\View\View.php(429): CodeIgniter\View\View->render('card/detail', null, true)
 5 APPPATH\Views\pendaftar\formPendaftar.php(18): CodeIgniter\View\View->include('card/detail')
 6 SYSTEMPATH\View\View.php(213): include('APPPATH\\Views\\pendaftar\\formPendaftar.php')
 7 SYSTEMPATH\View\View.php(216): CodeIgniter\View\View->CodeIgniter\View\{closure}()
 8 SYSTEMPATH\Common.php(1135): CodeIgniter\View\View->render('pendaftar/formPendaftar', [], true)
 9 APPPATH\Controllers\Pendaftar.php(20): view('pendaftar/formPendaftar', [...])
10 SYSTEMPATH\CodeIgniter.php(898): App\Controllers\Pendaftar->daftar()
11 SYSTEMPATH\CodeIgniter.php(468): CodeIgniter\CodeIgniter->runController(Object(App\Controllers\Pendaftar))
12 SYSTEMPATH\CodeIgniter.php(351): CodeIgniter\CodeIgniter->handleRequest(null, Object(Config\Cache), false)
13 FCPATH\index.php(55): CodeIgniter\CodeIgniter->run()
14 SYSTEMPATH\Commands\Server\rewrite.php(43): require_once('FCPATH\\index.php')
CRITICAL - 2022-07-06 03:45:37 --> Undefined variable $card
in APPPATH\Views\card\detail.php on line 71.
 1 APPPATH\Views\card\detail.php(71): CodeIgniter\Debug\Exceptions->errorHandler(2, 'Undefined variable $card', 'APPPATH\\Views\\card\\detail.php', 71)
 2 SYSTEMPATH\View\View.php(213): include('APPPATH\\Views\\card\\detail.php')
 3 SYSTEMPATH\View\View.php(216): CodeIgniter\View\View->CodeIgniter\View\{closure}()
 4 SYSTEMPATH\View\View.php(429): CodeIgniter\View\View->render('card/detail', null, true)
 5 APPPATH\Views\pendaftar\formPendaftar.php(4): CodeIgniter\View\View->include('card/detail')
 6 SYSTEMPATH\View\View.php(213): include('APPPATH\\Views\\pendaftar\\formPendaftar.php')
 7 SYSTEMPATH\View\View.php(216): CodeIgniter\View\View->CodeIgniter\View\{closure}()
 8 SYSTEMPATH\Common.php(1135): CodeIgniter\View\View->render('pendaftar/formPendaftar', [], true)
 9 APPPATH\Controllers\Pendaftar.php(20): view('pendaftar/formPendaftar', [...])
10 SYSTEMPATH\CodeIgniter.php(898): App\Controllers\Pendaftar->daftar()
11 SYSTEMPATH\CodeIgniter.php(468): CodeIgniter\CodeIgniter->runController(Object(App\Controllers\Pendaftar))
12 SYSTEMPATH\CodeIgniter.php(351): CodeIgniter\CodeIgniter->handleRequest(null, Object(Config\Cache), false)
13 FCPATH\index.php(55): CodeIgniter\CodeIgniter->run()
14 SYSTEMPATH\Commands\Server\rewrite.php(43): require_once('FCPATH\\index.php')
CRITICAL - 2022-07-06 03:45:46 --> Undefined variable $card
in APPPATH\Views\card\detail.php on line 71.
 1 APPPATH\Views\card\detail.php(71): CodeIgniter\Debug\Exceptions->errorHandler(2, 'Undefined variable $card', 'APPPATH\\Views\\card\\detail.php', 71)
 2 SYSTEMPATH\View\View.php(213): include('APPPATH\\Views\\card\\detail.php')
 3 SYSTEMPATH\View\View.php(216): CodeIgniter\View\View->CodeIgniter\View\{closure}()
 4 SYSTEMPATH\View\View.php(429): CodeIgniter\View\View->render('card/detail', null, true)
 5 APPPATH\Views\pendaftar\formPendaftar.php(13): CodeIgniter\View\View->include('card/detail')
 6 SYSTEMPATH\View\View.php(213): include('APPPATH\\Views\\pendaftar\\formPendaftar.php')
 7 SYSTEMPATH\View\View.php(216): CodeIgniter\View\View->CodeIgniter\View\{closure}()
 8 SYSTEMPATH\Common.php(1135): CodeIgniter\View\View->render('pendaftar/formPendaftar', [], true)
 9 APPPATH\Controllers\Pendaftar.php(20): view('pendaftar/formPendaftar', [...])
10 SYSTEMPATH\CodeIgniter.php(898): App\Controllers\Pendaftar->daftar()
11 SYSTEMPATH\CodeIgniter.php(468): CodeIgniter\CodeIgniter->runController(Object(App\Controllers\Pendaftar))
12 SYSTEMPATH\CodeIgniter.php(351): CodeIgniter\CodeIgniter->handleRequest(null, Object(Config\Cache), false)
13 FCPATH\index.php(55): CodeIgniter\CodeIgniter->run()
14 SYSTEMPATH\Commands\Server\rewrite.php(43): require_once('FCPATH\\index.php')
CRITICAL - 2022-07-06 03:45:53 --> Undefined variable $card
in APPPATH\Views\pendaftar\formPendaftar.php on line 19.
 1 APPPATH\Views\pendaftar\formPendaftar.php(19): CodeIgniter\Debug\Exceptions->errorHandler(2, 'Undefined variable $card', 'APPPATH\\Views\\pendaftar\\formPendaftar.php', 19)
 2 SYSTEMPATH\View\View.php(213): include('APPPATH\\Views\\pendaftar\\formPendaftar.php')
 3 SYSTEMPATH\View\View.php(216): CodeIgniter\View\View->CodeIgniter\View\{closure}()
 4 SYSTEMPATH\Common.php(1135): CodeIgniter\View\View->render('pendaftar/formPendaftar', [], true)
 5 APPPATH\Controllers\Pendaftar.php(20): view('pendaftar/formPendaftar', [...])
 6 SYSTEMPATH\CodeIgniter.php(898): App\Controllers\Pendaftar->daftar()
 7 SYSTEMPATH\CodeIgniter.php(468): CodeIgniter\CodeIgniter->runController(Object(App\Controllers\Pendaftar))
 8 SYSTEMPATH\CodeIgniter.php(351): CodeIgniter\CodeIgniter->handleRequest(null, Object(Config\Cache), false)
 9 FCPATH\index.php(55): CodeIgniter\CodeIgniter->run()
10 SYSTEMPATH\Commands\Server\rewrite.php(43): require_once('FCPATH\\index.php')
CRITICAL - 2022-07-06 03:46:11 --> Undefined variable $card
in APPPATH\Views\card\detail.php on line 71.
 1 APPPATH\Views\card\detail.php(71): CodeIgniter\Debug\Exceptions->errorHandler(2, 'Undefined variable $card', 'APPPATH\\Views\\card\\detail.php', 71)
 2 SYSTEMPATH\View\View.php(213): include('APPPATH\\Views\\card\\detail.php')
 3 SYSTEMPATH\View\View.php(216): CodeIgniter\View\View->CodeIgniter\View\{closure}()
 4 SYSTEMPATH\View\View.php(429): CodeIgniter\View\View->render('card/detail', null, true)
 5 APPPATH\Views\pendaftar\formPendaftar.php(19): CodeIgniter\View\View->include('card/detail')
 6 SYSTEMPATH\View\View.php(213): include('APPPATH\\Views\\pendaftar\\formPendaftar.php')
 7 SYSTEMPATH\View\View.php(216): CodeIgniter\View\View->CodeIgniter\View\{closure}()
 8 SYSTEMPATH\Common.php(1135): CodeIgniter\View\View->render('pendaftar/formPendaftar', [], true)
 9 APPPATH\Controllers\Pendaftar.php(20): view('pendaftar/formPendaftar', [...])
10 SYSTEMPATH\CodeIgniter.php(898): App\Controllers\Pendaftar->daftar()
11 SYSTEMPATH\CodeIgniter.php(468): CodeIgniter\CodeIgniter->runController(Object(App\Controllers\Pendaftar))
12 SYSTEMPATH\CodeIgniter.php(351): CodeIgniter\CodeIgniter->handleRequest(null, Object(Config\Cache), false)
13 FCPATH\index.php(55): CodeIgniter\CodeIgniter->run()
14 SYSTEMPATH\Commands\Server\rewrite.php(43): require_once('FCPATH\\index.php')
CRITICAL - 2022-07-06 03:46:17 --> Undefined variable $card
in APPPATH\Views\card\detail.php on line 71.
 1 APPPATH\Views\card\detail.php(71): CodeIgniter\Debug\Exceptions->errorHandler(2, 'Undefined variable $card', 'APPPATH\\Views\\card\\detail.php', 71)
 2 SYSTEMPATH\View\View.php(213): include('APPPATH\\Views\\card\\detail.php')
 3 SYSTEMPATH\View\View.php(216): CodeIgniter\View\View->CodeIgniter\View\{closure}()
 4 SYSTEMPATH\View\View.php(429): CodeIgniter\View\View->render('card/detail', null, true)
 5 APPPATH\Views\pendaftar\formPendaftar.php(18): CodeIgniter\View\View->include('card/detail')
 6 SYSTEMPATH\View\View.php(213): include('APPPATH\\Views\\pendaftar\\formPendaftar.php')
 7 SYSTEMPATH\View\View.php(216): CodeIgniter\View\View->CodeIgniter\View\{closure}()
 8 SYSTEMPATH\Common.php(1135): CodeIgniter\View\View->render('pendaftar/formPendaftar', [], true)
 9 APPPATH\Controllers\Pendaftar.php(20): view('pendaftar/formPendaftar', [...])
10 SYSTEMPATH\CodeIgniter.php(898): App\Controllers\Pendaftar->daftar()
11 SYSTEMPATH\CodeIgniter.php(468): CodeIgniter\CodeIgniter->runController(Object(App\Controllers\Pendaftar))
12 SYSTEMPATH\CodeIgniter.php(351): CodeIgniter\CodeIgniter->handleRequest(null, Object(Config\Cache), false)
13 FCPATH\index.php(55): CodeIgniter\CodeIgniter->run()
14 SYSTEMPATH\Commands\Server\rewrite.php(43): require_once('FCPATH\\index.php')
CRITICAL - 2022-07-06 03:47:26 --> Undefined variable $card
in APPPATH\Views\card\detail.php on line 71.
 1 APPPATH\Views\card\detail.php(71): CodeIgniter\Debug\Exceptions->errorHandler(2, 'Undefined variable $card', 'APPPATH\\Views\\card\\detail.php', 71)
 2 SYSTEMPATH\View\View.php(213): include('APPPATH\\Views\\card\\detail.php')
 3 SYSTEMPATH\View\View.php(216): CodeIgniter\View\View->CodeIgniter\View\{closure}()
 4 SYSTEMPATH\View\View.php(429): CodeIgniter\View\View->render('card/detail', null, true)
 5 APPPATH\Views\pendaftar\formPendaftar.php(18): CodeIgniter\View\View->include('card/detail')
 6 SYSTEMPATH\View\View.php(213): include('APPPATH\\Views\\pendaftar\\formPendaftar.php')
 7 SYSTEMPATH\View\View.php(216): CodeIgniter\View\View->CodeIgniter\View\{closure}()
 8 SYSTEMPATH\Common.php(1135): CodeIgniter\View\View->render('pendaftar/formPendaftar', [], true)
 9 APPPATH\Controllers\Pendaftar.php(20): view('pendaftar/formPendaftar', [...])
10 SYSTEMPATH\CodeIgniter.php(898): App\Controllers\Pendaftar->daftar()
11 SYSTEMPATH\CodeIgniter.php(468): CodeIgniter\CodeIgniter->runController(Object(App\Controllers\Pendaftar))
12 SYSTEMPATH\CodeIgniter.php(351): CodeIgniter\CodeIgniter->handleRequest(null, Object(Config\Cache), false)
13 FCPATH\index.php(55): CodeIgniter\CodeIgniter->run()
14 SYSTEMPATH\Commands\Server\rewrite.php(43): require_once('FCPATH\\index.php')
CRITICAL - 2022-07-06 03:47:31 --> Undefined variable $card
in APPPATH\Views\pendaftar\formPendaftar.php on line 19.
 1 APPPATH\Views\pendaftar\formPendaftar.php(19): CodeIgniter\Debug\Exceptions->errorHandler(2, 'Undefined variable $card', 'APPPATH\\Views\\pendaftar\\formPendaftar.php', 19)
 2 SYSTEMPATH\View\View.php(213): include('APPPATH\\Views\\pendaftar\\formPendaftar.php')
 3 SYSTEMPATH\View\View.php(216): CodeIgniter\View\View->CodeIgniter\View\{closure}()
 4 SYSTEMPATH\Common.php(1135): CodeIgniter\View\View->render('pendaftar/formPendaftar', [], true)
 5 APPPATH\Controllers\Pendaftar.php(20): view('pendaftar/formPendaftar', [...])
 6 SYSTEMPATH\CodeIgniter.php(898): App\Controllers\Pendaftar->daftar()
 7 SYSTEMPATH\CodeIgniter.php(468): CodeIgniter\CodeIgniter->runController(Object(App\Controllers\Pendaftar))
 8 SYSTEMPATH\CodeIgniter.php(351): CodeIgniter\CodeIgniter->handleRequest(null, Object(Config\Cache), false)
 9 FCPATH\index.php(55): CodeIgniter\CodeIgniter->run()
10 SYSTEMPATH\Commands\Server\rewrite.php(43): require_once('FCPATH\\index.php')
CRITICAL - 2022-07-06 03:48:34 --> Undefined variable $card
in APPPATH\Views\pendaftar\formPendaftar.php on line 17.
 1 APPPATH\Views\pendaftar\formPendaftar.php(17): CodeIgniter\Debug\Exceptions->errorHandler(2, 'Undefined variable $card', 'APPPATH\\Views\\pendaftar\\formPendaftar.php', 17)
 2 SYSTEMPATH\View\View.php(213): include('APPPATH\\Views\\pendaftar\\formPendaftar.php')
 3 SYSTEMPATH\View\View.php(216): CodeIgniter\View\View->CodeIgniter\View\{closure}()
 4 SYSTEMPATH\Common.php(1135): CodeIgniter\View\View->render('pendaftar/formPendaftar', [], true)
 5 APPPATH\Controllers\Pendaftar.php(20): view('pendaftar/formPendaftar', [...])
 6 SYSTEMPATH\CodeIgniter.php(898): App\Controllers\Pendaftar->daftar()
 7 SYSTEMPATH\CodeIgniter.php(468): CodeIgniter\CodeIgniter->runController(Object(App\Controllers\Pendaftar))
 8 SYSTEMPATH\CodeIgniter.php(351): CodeIgniter\CodeIgniter->handleRequest(null, Object(Config\Cache), false)
 9 FCPATH\index.php(55): CodeIgniter\CodeIgniter->run()
10 SYSTEMPATH\Commands\Server\rewrite.php(43): require_once('FCPATH\\index.php')
CRITICAL - 2022-07-06 03:48:35 --> Undefined variable $card
in APPPATH\Views\pendaftar\formPendaftar.php on line 17.
 1 APPPATH\Views\pendaftar\formPendaftar.php(17): CodeIgniter\Debug\Exceptions->errorHandler(2, 'Undefined variable $card', 'APPPATH\\Views\\pendaftar\\formPendaftar.php', 17)
 2 SYSTEMPATH\View\View.php(213): include('APPPATH\\Views\\pendaftar\\formPendaftar.php')
 3 SYSTEMPATH\View\View.php(216): CodeIgniter\View\View->CodeIgniter\View\{closure}()
 4 SYSTEMPATH\Common.php(1135): CodeIgniter\View\View->render('pendaftar/formPendaftar', [], true)
 5 APPPATH\Controllers\Pendaftar.php(20): view('pendaftar/formPendaftar', [...])
 6 SYSTEMPATH\CodeIgniter.php(898): App\Controllers\Pendaftar->daftar()
 7 SYSTEMPATH\CodeIgniter.php(468): CodeIgniter\CodeIgniter->runController(Object(App\Controllers\Pendaftar))
 8 SYSTEMPATH\CodeIgniter.php(351): CodeIgniter\CodeIgniter->handleRequest(null, Object(Config\Cache), false)
 9 FCPATH\index.php(55): CodeIgniter\CodeIgniter->run()
10 SYSTEMPATH\Commands\Server\rewrite.php(43): require_once('FCPATH\\index.php')
CRITICAL - 2022-07-06 03:48:35 --> Undefined variable $card
in APPPATH\Views\pendaftar\formPendaftar.php on line 17.
 1 APPPATH\Views\pendaftar\formPendaftar.php(17): CodeIgniter\Debug\Exceptions->errorHandler(2, 'Undefined variable $card', 'APPPATH\\Views\\pendaftar\\formPendaftar.php', 17)
 2 SYSTEMPATH\View\View.php(213): include('APPPATH\\Views\\pendaftar\\formPendaftar.php')
 3 SYSTEMPATH\View\View.php(216): CodeIgniter\View\View->CodeIgniter\View\{closure}()
 4 SYSTEMPATH\Common.php(1135): CodeIgniter\View\View->render('pendaftar/formPendaftar', [], true)
 5 APPPATH\Controllers\Pendaftar.php(20): view('pendaftar/formPendaftar', [...])
 6 SYSTEMPATH\CodeIgniter.php(898): App\Controllers\Pendaftar->daftar()
 7 SYSTEMPATH\CodeIgniter.php(468): CodeIgniter\CodeIgniter->runController(Object(App\Controllers\Pendaftar))
 8 SYSTEMPATH\CodeIgniter.php(351): CodeIgniter\CodeIgniter->handleRequest(null, Object(Config\Cache), false)
 9 FCPATH\index.php(55): CodeIgniter\CodeIgniter->run()
10 SYSTEMPATH\Commands\Server\rewrite.php(43): require_once('FCPATH\\index.php')
CRITICAL - 2022-07-06 03:48:36 --> Undefined variable $card
in APPPATH\Views\pendaftar\formPendaftar.php on line 17.
 1 APPPATH\Views\pendaftar\formPendaftar.php(17): CodeIgniter\Debug\Exceptions->errorHandler(2, 'Undefined variable $card', 'APPPATH\\Views\\pendaftar\\formPendaftar.php', 17)
 2 SYSTEMPATH\View\View.php(213): include('APPPATH\\Views\\pendaftar\\formPendaftar.php')
 3 SYSTEMPATH\View\View.php(216): CodeIgniter\View\View->CodeIgniter\View\{closure}()
 4 SYSTEMPATH\Common.php(1135): CodeIgniter\View\View->render('pendaftar/formPendaftar', [], true)
 5 APPPATH\Controllers\Pendaftar.php(20): view('pendaftar/formPendaftar', [...])
 6 SYSTEMPATH\CodeIgniter.php(898): App\Controllers\Pendaftar->daftar()
 7 SYSTEMPATH\CodeIgniter.php(468): CodeIgniter\CodeIgniter->runController(Object(App\Controllers\Pendaftar))
 8 SYSTEMPATH\CodeIgniter.php(351): CodeIgniter\CodeIgniter->handleRequest(null, Object(Config\Cache), false)
 9 FCPATH\index.php(55): CodeIgniter\CodeIgniter->run()
10 SYSTEMPATH\Commands\Server\rewrite.php(43): require_once('FCPATH\\index.php')
CRITICAL - 2022-07-06 03:50:15 --> Undefined variable $card
in APPPATH\Views\pendaftar\formPendaftar.php on line 17.
 1 APPPATH\Views\pendaftar\formPendaftar.php(17): CodeIgniter\Debug\Exceptions->errorHandler(2, 'Undefined variable $card', 'APPPATH\\Views\\pendaftar\\formPendaftar.php', 17)
 2 SYSTEMPATH\View\View.php(213): include('APPPATH\\Views\\pendaftar\\formPendaftar.php')
 3 SYSTEMPATH\View\View.php(216): CodeIgniter\View\View->CodeIgniter\View\{closure}()
 4 SYSTEMPATH\Common.php(1135): CodeIgniter\View\View->render('pendaftar/formPendaftar', [], true)
 5 APPPATH\Controllers\Pendaftar.php(20): view('pendaftar/formPendaftar', [...])
 6 SYSTEMPATH\CodeIgniter.php(898): App\Controllers\Pendaftar->daftar()
 7 SYSTEMPATH\CodeIgniter.php(468): CodeIgniter\CodeIgniter->runController(Object(App\Controllers\Pendaftar))
 8 SYSTEMPATH\CodeIgniter.php(351): CodeIgniter\CodeIgniter->handleRequest(null, Object(Config\Cache), false)
 9 FCPATH\index.php(55): CodeIgniter\CodeIgniter->run()
10 SYSTEMPATH\Commands\Server\rewrite.php(43): require_once('FCPATH\\index.php')
CRITICAL - 2022-07-06 03:52:10 --> Undefined variable $card
in APPPATH\Views\pendaftar\formPendaftar.php on line 17.
 1 APPPATH\Views\pendaftar\formPendaftar.php(17): CodeIgniter\Debug\Exceptions->errorHandler(2, 'Undefined variable $card', 'APPPATH\\Views\\pendaftar\\formPendaftar.php', 17)
 2 SYSTEMPATH\View\View.php(213): include('APPPATH\\Views\\pendaftar\\formPendaftar.php')
 3 SYSTEMPATH\View\View.php(216): CodeIgniter\View\View->CodeIgniter\View\{closure}()
 4 SYSTEMPATH\Common.php(1135): CodeIgniter\View\View->render('pendaftar/formPendaftar', [], true)
 5 APPPATH\Controllers\Pendaftar.php(20): view('pendaftar/formPendaftar', [...])
 6 SYSTEMPATH\CodeIgniter.php(898): App\Controllers\Pendaftar->daftar()
 7 SYSTEMPATH\CodeIgniter.php(468): CodeIgniter\CodeIgniter->runController(Object(App\Controllers\Pendaftar))
 8 SYSTEMPATH\CodeIgniter.php(351): CodeIgniter\CodeIgniter->handleRequest(null, Object(Config\Cache), false)
 9 FCPATH\index.php(55): CodeIgniter\CodeIgniter->run()
10 SYSTEMPATH\Commands\Server\rewrite.php(43): require_once('FCPATH\\index.php')
CRITICAL - 2022-07-06 03:54:23 --> Trying to access array offset on value of type null
in APPPATH\Views\card\detail.php on line 71.
 1 APPPATH\Views\card\detail.php(71): CodeIgniter\Debug\Exceptions->errorHandler(2, 'Trying to access array offset on value of type null', 'APPPATH\\Views\\card\\detail.php', 71)
 2 SYSTEMPATH\View\View.php(213): include('APPPATH\\Views\\card\\detail.php')
 3 SYSTEMPATH\View\View.php(216): CodeIgniter\View\View->CodeIgniter\View\{closure}()
 4 SYSTEMPATH\Common.php(1135): CodeIgniter\View\View->render('card/detail', [], true)
 5 APPPATH\Controllers\ShowCard.php(27): view('card/detail', [...])
 6 SYSTEMPATH\CodeIgniter.php(898): App\Controllers\ShowCard->detail('FCPATH\\assets', 'bootstrap', 'js', 'bootstrap.min.js')
 7 SYSTEMPATH\CodeIgniter.php(468): CodeIgniter\CodeIgniter->runController(Object(App\Controllers\ShowCard))
 8 SYSTEMPATH\CodeIgniter.php(351): CodeIgniter\CodeIgniter->handleRequest(null, Object(Config\Cache), false)
 9 FCPATH\index.php(55): CodeIgniter\CodeIgniter->run()
10 SYSTEMPATH\Commands\Server\rewrite.php(43): require_once('FCPATH\\index.php')
CRITICAL - 2022-07-06 03:54:25 --> require_once(../card/detail.php): Failed to open stream: No such file or directory
in APPPATH\Views\pendaftar\formPendaftar.php on line 5.
 1 APPPATH\Views\pendaftar\formPendaftar.php(5): CodeIgniter\Debug\Exceptions->errorHandler(2, 'require_once(../card/detail.php): Failed to open stream: No such file or directory', 'APPPATH\\Views\\pendaftar\\formPendaftar.php', 5)
 2 APPPATH\Views\pendaftar\formPendaftar.php(5): require_once()
 3 SYSTEMPATH\View\View.php(213): include('APPPATH\\Views\\pendaftar\\formPendaftar.php')
 4 SYSTEMPATH\View\View.php(216): CodeIgniter\View\View->CodeIgniter\View\{closure}()
 5 SYSTEMPATH\Common.php(1135): CodeIgniter\View\View->render('pendaftar/formPendaftar', [], true)
 6 APPPATH\Controllers\Pendaftar.php(20): view('pendaftar/formPendaftar', [...])
 7 SYSTEMPATH\CodeIgniter.php(898): App\Controllers\Pendaftar->daftar()
 8 SYSTEMPATH\CodeIgniter.php(468): CodeIgniter\CodeIgniter->runController(Object(App\Controllers\Pendaftar))
 9 SYSTEMPATH\CodeIgniter.php(351): CodeIgniter\CodeIgniter->handleRequest(null, Object(Config\Cache), false)
10 FCPATH\index.php(55): CodeIgniter\CodeIgniter->run()
11 SYSTEMPATH\Commands\Server\rewrite.php(43): require_once('FCPATH\\index.php')
