ERROR - 2022-08-01 00:20:56 --> Error connecting to the database: No connection could be made because the target machine actively refused it
CRITICAL - 2022-08-01 00:20:56 --> Unable to connect to the database.
Main connection [MySQLi]: No connection could be made because the target machine actively refused it
in SYSTEMPATH\Database\BaseConnection.php on line 415.
 1 SYSTEMPATH\Database\BaseConnection.php(585): CodeIgniter\Database\BaseConnection->initialize()
 2 APPPATH\Controllers\Pages.php(11): CodeIgniter\Database\BaseConnection->query('SELECT * FROM card ORDER BY id DESC')
 3 SYSTEMPATH\CodeIgniter.php(898): App\Controllers\Pages->index()
 4 SYSTEMPATH\CodeIgniter.php(468): CodeIgniter\CodeIgniter->runController(Object(App\Controllers\Pages))
 5 SYSTEMPATH\CodeIgniter.php(351): CodeIgniter\CodeIgniter->handleRequest(null, Object(Config\Cache), false)
 6 FCPATH\index.php(55): CodeIgniter\CodeIgniter->run()
 7 SYSTEMPATH\Commands\Server\rewrite.php(43): require_once('FCPATH\\index.php')
CRITICAL - 2022-08-01 00:21:37 --> Trying to access array offset on value of type null
in APPPATH\Views\card\detailDoc.php on line 10.
 1 APPPATH\Views\card\detailDoc.php(10): CodeIgniter\Debug\Exceptions->errorHandler(2, 'Trying to access array offset on value of type null', 'APPPATH\\Views\\card\\detailDoc.php', 10)
 2 SYSTEMPATH\View\View.php(213): include('APPPATH\\Views\\card\\detailDoc.php')
 3 SYSTEMPATH\View\View.php(216): CodeIgniter\View\View->CodeIgniter\View\{closure}()
 4 SYSTEMPATH\Common.php(1135): CodeIgniter\View\View->render('card/detailDoc', [], true)
 5 APPPATH\Controllers\ShowDoc.php(27): view('card/detailDoc', [...])
 6 SYSTEMPATH\CodeIgniter.php(898): App\Controllers\ShowDoc->detailDoc('FCPATH\\assets', 'bootstrap', 'js', 'bootstrap.min.js')
 7 SYSTEMPATH\CodeIgniter.php(468): CodeIgniter\CodeIgniter->runController(Object(App\Controllers\ShowDoc))
 8 SYSTEMPATH\CodeIgniter.php(351): CodeIgniter\CodeIgniter->handleRequest(null, Object(Config\Cache), false)
 9 FCPATH\index.php(55): CodeIgniter\CodeIgniter->run()
10 SYSTEMPATH\Commands\Server\rewrite.php(43): require_once('FCPATH\\index.php')
CRITICAL - 2022-08-01 00:24:06 --> Trying to access array offset on value of type null
in APPPATH\Views\card\detailDoc.php on line 10.
 1 APPPATH\Views\card\detailDoc.php(10): CodeIgniter\Debug\Exceptions->errorHandler(2, 'Trying to access array offset on value of type null', 'APPPATH\\Views\\card\\detailDoc.php', 10)
 2 SYSTEMPATH\View\View.php(213): include('APPPATH\\Views\\card\\detailDoc.php')
 3 SYSTEMPATH\View\View.php(216): CodeIgniter\View\View->CodeIgniter\View\{closure}()
 4 SYSTEMPATH\Common.php(1135): CodeIgniter\View\View->render('card/detailDoc', [], true)
 5 APPPATH\Controllers\ShowDoc.php(27): view('card/detailDoc', [...])
 6 SYSTEMPATH\CodeIgniter.php(898): App\Controllers\ShowDoc->detailDoc('FCPATH\\assets', 'bootstrap', 'js', 'bootstrap.min.js')
 7 SYSTEMPATH\CodeIgniter.php(468): CodeIgniter\CodeIgniter->runController(Object(App\Controllers\ShowDoc))
 8 SYSTEMPATH\CodeIgniter.php(351): CodeIgniter\CodeIgniter->handleRequest(null, Object(Config\Cache), false)
 9 FCPATH\index.php(55): CodeIgniter\CodeIgniter->run()
10 SYSTEMPATH\Commands\Server\rewrite.php(43): require_once('FCPATH\\index.php')
CRITICAL - 2022-08-01 00:28:32 --> syntax error, unexpected variable "$namePPT"
in APPPATH\Controllers\Admin.php on line 134.
 1 SYSTEMPATH\Autoloader\Autoloader.php(261): CodeIgniter\Autoloader\Autoloader->includeFile('APPPATH\\Controllers\\Admin.php')
 2 SYSTEMPATH\Autoloader\Autoloader.php(239): CodeIgniter\Autoloader\Autoloader->loadInNamespace('App\\Controllers\\Admin')
 3 [internal function]: CodeIgniter\Autoloader\Autoloader->loadClass('App\\Controllers\\Admin')
 4 SYSTEMPATH\CodeIgniter.php(848): class_exists('\\App\\Controllers\\Admin', true)
 5 SYSTEMPATH\CodeIgniter.php(455): CodeIgniter\CodeIgniter->startController()
 6 SYSTEMPATH\CodeIgniter.php(351): CodeIgniter\CodeIgniter->handleRequest(null, Object(Config\Cache), false)
 7 FCPATH\index.php(55): CodeIgniter\CodeIgniter->run()
 8 SYSTEMPATH\Commands\Server\rewrite.php(43): require_once('FCPATH\\index.php')
CRITICAL - 2022-08-01 00:30:17 --> syntax error, unexpected variable "$namePPT"
in APPPATH\Controllers\Admin.php on line 134.
 1 SYSTEMPATH\Autoloader\Autoloader.php(261): CodeIgniter\Autoloader\Autoloader->includeFile('APPPATH\\Controllers\\Admin.php')
 2 SYSTEMPATH\Autoloader\Autoloader.php(239): CodeIgniter\Autoloader\Autoloader->loadInNamespace('App\\Controllers\\Admin')
 3 [internal function]: CodeIgniter\Autoloader\Autoloader->loadClass('App\\Controllers\\Admin')
 4 SYSTEMPATH\CodeIgniter.php(848): class_exists('\\App\\Controllers\\Admin', true)
 5 SYSTEMPATH\CodeIgniter.php(455): CodeIgniter\CodeIgniter->startController()
 6 SYSTEMPATH\CodeIgniter.php(351): CodeIgniter\CodeIgniter->handleRequest(null, Object(Config\Cache), false)
 7 FCPATH\index.php(55): CodeIgniter\CodeIgniter->run()
 8 SYSTEMPATH\Commands\Server\rewrite.php(43): require_once('FCPATH\\index.php')
CRITICAL - 2022-08-01 00:30:21 --> syntax error, unexpected variable "$namePPT"
in APPPATH\Controllers\Admin.php on line 134.
 1 SYSTEMPATH\Autoloader\Autoloader.php(261): CodeIgniter\Autoloader\Autoloader->includeFile('APPPATH\\Controllers\\Admin.php')
 2 SYSTEMPATH\Autoloader\Autoloader.php(239): CodeIgniter\Autoloader\Autoloader->loadInNamespace('App\\Controllers\\Admin')
 3 [internal function]: CodeIgniter\Autoloader\Autoloader->loadClass('App\\Controllers\\Admin')
 4 SYSTEMPATH\CodeIgniter.php(848): class_exists('\\App\\Controllers\\Admin', true)
 5 SYSTEMPATH\CodeIgniter.php(455): CodeIgniter\CodeIgniter->startController()
 6 SYSTEMPATH\CodeIgniter.php(351): CodeIgniter\CodeIgniter->handleRequest(null, Object(Config\Cache), false)
 7 FCPATH\index.php(55): CodeIgniter\CodeIgniter->run()
 8 SYSTEMPATH\Commands\Server\rewrite.php(43): require_once('FCPATH\\index.php')
CRITICAL - 2022-08-01 00:30:55 --> syntax error, unexpected variable "$name_ppt"
in APPPATH\Controllers\Admin.php on line 134.
 1 SYSTEMPATH\Autoloader\Autoloader.php(261): CodeIgniter\Autoloader\Autoloader->includeFile('APPPATH\\Controllers\\Admin.php')
 2 SYSTEMPATH\Autoloader\Autoloader.php(239): CodeIgniter\Autoloader\Autoloader->loadInNamespace('App\\Controllers\\Admin')
 3 [internal function]: CodeIgniter\Autoloader\Autoloader->loadClass('App\\Controllers\\Admin')
 4 SYSTEMPATH\CodeIgniter.php(848): class_exists('\\App\\Controllers\\Admin', true)
 5 SYSTEMPATH\CodeIgniter.php(455): CodeIgniter\CodeIgniter->startController()
 6 SYSTEMPATH\CodeIgniter.php(351): CodeIgniter\CodeIgniter->handleRequest(null, Object(Config\Cache), false)
 7 FCPATH\index.php(55): CodeIgniter\CodeIgniter->run()
 8 SYSTEMPATH\Commands\Server\rewrite.php(43): require_once('FCPATH\\index.php')
CRITICAL - 2022-08-01 00:31:01 --> syntax error, unexpected variable "$name_ppt"
in APPPATH\Controllers\Admin.php on line 134.
 1 SYSTEMPATH\Autoloader\Autoloader.php(261): CodeIgniter\Autoloader\Autoloader->includeFile('APPPATH\\Controllers\\Admin.php')
 2 SYSTEMPATH\Autoloader\Autoloader.php(239): CodeIgniter\Autoloader\Autoloader->loadInNamespace('App\\Controllers\\Admin')
 3 APPPATH\Controllers\ShowCard.php(5): CodeIgniter\Autoloader\Autoloader->loadClass('App\\Controllers\\Admin')
 4 SYSTEMPATH\Autoloader\Autoloader.php(284): include_once('APPPATH\\Controllers\\ShowCard.php')
 5 SYSTEMPATH\Autoloader\Autoloader.php(261): CodeIgniter\Autoloader\Autoloader->includeFile('APPPATH\\Controllers\\ShowCard.php')
 6 SYSTEMPATH\Autoloader\Autoloader.php(239): CodeIgniter\Autoloader\Autoloader->loadInNamespace('App\\Controllers\\ShowCard')
 7 APPPATH\Controllers\Pages.php(5): CodeIgniter\Autoloader\Autoloader->loadClass('App\\Controllers\\ShowCard')
 8 SYSTEMPATH\Autoloader\Autoloader.php(284): include_once('APPPATH\\Controllers\\Pages.php')
 9 SYSTEMPATH\Autoloader\Autoloader.php(261): CodeIgniter\Autoloader\Autoloader->includeFile('APPPATH\\Controllers\\Pages.php')
10 SYSTEMPATH\Autoloader\Autoloader.php(239): CodeIgniter\Autoloader\Autoloader->loadInNamespace('App\\Controllers\\Pages')
11 [internal function]: CodeIgniter\Autoloader\Autoloader->loadClass('App\\Controllers\\Pages')
12 SYSTEMPATH\CodeIgniter.php(848): class_exists('\\App\\Controllers\\Pages', true)
13 SYSTEMPATH\CodeIgniter.php(455): CodeIgniter\CodeIgniter->startController()
14 SYSTEMPATH\CodeIgniter.php(351): CodeIgniter\CodeIgniter->handleRequest(null, Object(Config\Cache), false)
15 FCPATH\index.php(55): CodeIgniter\CodeIgniter->run()
16 SYSTEMPATH\Commands\Server\rewrite.php(43): require_once('FCPATH\\index.php')
CRITICAL - 2022-08-01 00:31:08 --> syntax error, unexpected variable "$name_ppt"
in APPPATH\Controllers\Admin.php on line 134.
 1 SYSTEMPATH\Autoloader\Autoloader.php(261): CodeIgniter\Autoloader\Autoloader->includeFile('APPPATH\\Controllers\\Admin.php')
 2 SYSTEMPATH\Autoloader\Autoloader.php(239): CodeIgniter\Autoloader\Autoloader->loadInNamespace('App\\Controllers\\Admin')
 3 APPPATH\Controllers\ShowDoc.php(5): CodeIgniter\Autoloader\Autoloader->loadClass('App\\Controllers\\Admin')
 4 SYSTEMPATH\Router\AutoRouter.php(147): include_once('APPPATH\\Controllers\\ShowDoc.php')
 5 SYSTEMPATH\Router\Router.php(499): CodeIgniter\Router\AutoRouter->getRoute('ShowDoc/doc')
 6 SYSTEMPATH\Router\Router.php(205): CodeIgniter\Router\Router->autoRoute('ShowDoc/doc')
 7 SYSTEMPATH\CodeIgniter.php(773): CodeIgniter\Router\Router->handle('ShowDoc/doc')
 8 SYSTEMPATH\CodeIgniter.php(417): CodeIgniter\CodeIgniter->tryToRouteIt(Object(CodeIgniter\Router\RouteCollection))
 9 SYSTEMPATH\CodeIgniter.php(351): CodeIgniter\CodeIgniter->handleRequest(null, Object(Config\Cache), false)
10 FCPATH\index.php(55): CodeIgniter\CodeIgniter->run()
11 SYSTEMPATH\Commands\Server\rewrite.php(43): require_once('FCPATH\\index.php')
CRITICAL - 2022-08-01 00:31:12 --> syntax error, unexpected variable "$name_ppt"
in APPPATH\Controllers\Admin.php on line 134.
 1 SYSTEMPATH\Autoloader\Autoloader.php(261): CodeIgniter\Autoloader\Autoloader->includeFile('APPPATH\\Controllers\\Admin.php')
 2 SYSTEMPATH\Autoloader\Autoloader.php(239): CodeIgniter\Autoloader\Autoloader->loadInNamespace('App\\Controllers\\Admin')
 3 APPPATH\Controllers\ShowCard.php(5): CodeIgniter\Autoloader\Autoloader->loadClass('App\\Controllers\\Admin')
 4 SYSTEMPATH\Autoloader\Autoloader.php(284): include_once('APPPATH\\Controllers\\ShowCard.php')
 5 SYSTEMPATH\Autoloader\Autoloader.php(261): CodeIgniter\Autoloader\Autoloader->includeFile('APPPATH\\Controllers\\ShowCard.php')
 6 SYSTEMPATH\Autoloader\Autoloader.php(239): CodeIgniter\Autoloader\Autoloader->loadInNamespace('App\\Controllers\\ShowCard')
 7 APPPATH\Controllers\Pages.php(5): CodeIgniter\Autoloader\Autoloader->loadClass('App\\Controllers\\ShowCard')
 8 SYSTEMPATH\Autoloader\Autoloader.php(284): include_once('APPPATH\\Controllers\\Pages.php')
 9 SYSTEMPATH\Autoloader\Autoloader.php(261): CodeIgniter\Autoloader\Autoloader->includeFile('APPPATH\\Controllers\\Pages.php')
10 SYSTEMPATH\Autoloader\Autoloader.php(239): CodeIgniter\Autoloader\Autoloader->loadInNamespace('App\\Controllers\\Pages')
11 [internal function]: CodeIgniter\Autoloader\Autoloader->loadClass('App\\Controllers\\Pages')
12 SYSTEMPATH\CodeIgniter.php(848): class_exists('\\App\\Controllers\\Pages', true)
13 SYSTEMPATH\CodeIgniter.php(455): CodeIgniter\CodeIgniter->startController()
14 SYSTEMPATH\CodeIgniter.php(351): CodeIgniter\CodeIgniter->handleRequest(null, Object(Config\Cache), false)
15 FCPATH\index.php(55): CodeIgniter\CodeIgniter->run()
16 SYSTEMPATH\Commands\Server\rewrite.php(43): require_once('FCPATH\\index.php')
CRITICAL - 2022-08-01 00:33:14 --> syntax error, unexpected variable "$namePPT"
in APPPATH\Controllers\Admin.php on line 134.
 1 SYSTEMPATH\Autoloader\Autoloader.php(261): CodeIgniter\Autoloader\Autoloader->includeFile('APPPATH\\Controllers\\Admin.php')
 2 SYSTEMPATH\Autoloader\Autoloader.php(239): CodeIgniter\Autoloader\Autoloader->loadInNamespace('App\\Controllers\\Admin')
 3 APPPATH\Controllers\ShowCard.php(5): CodeIgniter\Autoloader\Autoloader->loadClass('App\\Controllers\\Admin')
 4 SYSTEMPATH\Autoloader\Autoloader.php(284): include_once('APPPATH\\Controllers\\ShowCard.php')
 5 SYSTEMPATH\Autoloader\Autoloader.php(261): CodeIgniter\Autoloader\Autoloader->includeFile('APPPATH\\Controllers\\ShowCard.php')
 6 SYSTEMPATH\Autoloader\Autoloader.php(239): CodeIgniter\Autoloader\Autoloader->loadInNamespace('App\\Controllers\\ShowCard')
 7 APPPATH\Controllers\Pages.php(5): CodeIgniter\Autoloader\Autoloader->loadClass('App\\Controllers\\ShowCard')
 8 SYSTEMPATH\Autoloader\Autoloader.php(284): include_once('APPPATH\\Controllers\\Pages.php')
 9 SYSTEMPATH\Autoloader\Autoloader.php(261): CodeIgniter\Autoloader\Autoloader->includeFile('APPPATH\\Controllers\\Pages.php')
10 SYSTEMPATH\Autoloader\Autoloader.php(239): CodeIgniter\Autoloader\Autoloader->loadInNamespace('App\\Controllers\\Pages')
11 [internal function]: CodeIgniter\Autoloader\Autoloader->loadClass('App\\Controllers\\Pages')
12 SYSTEMPATH\CodeIgniter.php(848): class_exists('\\App\\Controllers\\Pages', true)
13 SYSTEMPATH\CodeIgniter.php(455): CodeIgniter\CodeIgniter->startController()
14 SYSTEMPATH\CodeIgniter.php(351): CodeIgniter\CodeIgniter->handleRequest(null, Object(Config\Cache), false)
15 FCPATH\index.php(55): CodeIgniter\CodeIgniter->run()
16 SYSTEMPATH\Commands\Server\rewrite.php(43): require_once('FCPATH\\index.php')
CRITICAL - 2022-08-01 00:33:24 --> syntax error, unexpected variable "$namePPT"
in APPPATH\Controllers\Admin.php on line 134.
 1 SYSTEMPATH\Autoloader\Autoloader.php(261): CodeIgniter\Autoloader\Autoloader->includeFile('APPPATH\\Controllers\\Admin.php')
 2 SYSTEMPATH\Autoloader\Autoloader.php(239): CodeIgniter\Autoloader\Autoloader->loadInNamespace('App\\Controllers\\Admin')
 3 APPPATH\Controllers\ShowCard.php(5): CodeIgniter\Autoloader\Autoloader->loadClass('App\\Controllers\\Admin')
 4 SYSTEMPATH\Autoloader\Autoloader.php(284): include_once('APPPATH\\Controllers\\ShowCard.php')
 5 SYSTEMPATH\Autoloader\Autoloader.php(261): CodeIgniter\Autoloader\Autoloader->includeFile('APPPATH\\Controllers\\ShowCard.php')
 6 SYSTEMPATH\Autoloader\Autoloader.php(239): CodeIgniter\Autoloader\Autoloader->loadInNamespace('App\\Controllers\\ShowCard')
 7 APPPATH\Controllers\Pages.php(5): CodeIgniter\Autoloader\Autoloader->loadClass('App\\Controllers\\ShowCard')
 8 SYSTEMPATH\Autoloader\Autoloader.php(284): include_once('APPPATH\\Controllers\\Pages.php')
 9 SYSTEMPATH\Autoloader\Autoloader.php(261): CodeIgniter\Autoloader\Autoloader->includeFile('APPPATH\\Controllers\\Pages.php')
10 SYSTEMPATH\Autoloader\Autoloader.php(239): CodeIgniter\Autoloader\Autoloader->loadInNamespace('App\\Controllers\\Pages')
11 [internal function]: CodeIgniter\Autoloader\Autoloader->loadClass('App\\Controllers\\Pages')
12 SYSTEMPATH\CodeIgniter.php(848): class_exists('\\App\\Controllers\\Pages', true)
13 SYSTEMPATH\CodeIgniter.php(455): CodeIgniter\CodeIgniter->startController()
14 SYSTEMPATH\CodeIgniter.php(351): CodeIgniter\CodeIgniter->handleRequest(null, Object(Config\Cache), false)
15 FCPATH\index.php(55): CodeIgniter\CodeIgniter->run()
16 SYSTEMPATH\Commands\Server\rewrite.php(43): require_once('FCPATH\\index.php')
CRITICAL - 2022-08-01 00:36:25 --> Trying to access array offset on value of type null
in APPPATH\Views\card\detailDoc.php on line 10.
 1 APPPATH\Views\card\detailDoc.php(10): CodeIgniter\Debug\Exceptions->errorHandler(2, 'Trying to access array offset on value of type null', 'APPPATH\\Views\\card\\detailDoc.php', 10)
 2 SYSTEMPATH\View\View.php(213): include('APPPATH\\Views\\card\\detailDoc.php')
 3 SYSTEMPATH\View\View.php(216): CodeIgniter\View\View->CodeIgniter\View\{closure}()
 4 SYSTEMPATH\Common.php(1135): CodeIgniter\View\View->render('card/detailDoc', [], true)
 5 APPPATH\Controllers\ShowDoc.php(27): view('card/detailDoc', [...])
 6 SYSTEMPATH\CodeIgniter.php(898): App\Controllers\ShowDoc->detailDoc('FCPATH\\assets', 'bootstrap', 'js', 'bootstrap.min.js')
 7 SYSTEMPATH\CodeIgniter.php(468): CodeIgniter\CodeIgniter->runController(Object(App\Controllers\ShowDoc))
 8 SYSTEMPATH\CodeIgniter.php(351): CodeIgniter\CodeIgniter->handleRequest(null, Object(Config\Cache), false)
 9 FCPATH\index.php(55): CodeIgniter\CodeIgniter->run()
10 SYSTEMPATH\Commands\Server\rewrite.php(43): require_once('FCPATH\\index.php')
CRITICAL - 2022-08-01 00:37:20 --> Trying to access array offset on value of type null
in APPPATH\Views\card\detailDoc.php on line 10.
 1 APPPATH\Views\card\detailDoc.php(10): CodeIgniter\Debug\Exceptions->errorHandler(2, 'Trying to access array offset on value of type null', 'APPPATH\\Views\\card\\detailDoc.php', 10)
 2 SYSTEMPATH\View\View.php(213): include('APPPATH\\Views\\card\\detailDoc.php')
 3 SYSTEMPATH\View\View.php(216): CodeIgniter\View\View->CodeIgniter\View\{closure}()
 4 SYSTEMPATH\Common.php(1135): CodeIgniter\View\View->render('card/detailDoc', [], true)
 5 APPPATH\Controllers\ShowDoc.php(27): view('card/detailDoc', [...])
 6 SYSTEMPATH\CodeIgniter.php(898): App\Controllers\ShowDoc->detailDoc('FCPATH\\assets', 'bootstrap', 'js', 'bootstrap.min.js')
 7 SYSTEMPATH\CodeIgniter.php(468): CodeIgniter\CodeIgniter->runController(Object(App\Controllers\ShowDoc))
 8 SYSTEMPATH\CodeIgniter.php(351): CodeIgniter\CodeIgniter->handleRequest(null, Object(Config\Cache), false)
 9 FCPATH\index.php(55): CodeIgniter\CodeIgniter->run()
10 SYSTEMPATH\Commands\Server\rewrite.php(43): require_once('FCPATH\\index.php')
CRITICAL - 2022-08-01 00:38:23 --> Trying to access array offset on value of type null
in APPPATH\Views\card\detailDoc.php on line 10.
 1 APPPATH\Views\card\detailDoc.php(10): CodeIgniter\Debug\Exceptions->errorHandler(2, 'Trying to access array offset on value of type null', 'APPPATH\\Views\\card\\detailDoc.php', 10)
 2 SYSTEMPATH\View\View.php(213): include('APPPATH\\Views\\card\\detailDoc.php')
 3 SYSTEMPATH\View\View.php(216): CodeIgniter\View\View->CodeIgniter\View\{closure}()
 4 SYSTEMPATH\Common.php(1135): CodeIgniter\View\View->render('card/detailDoc', [], true)
 5 APPPATH\Controllers\ShowDoc.php(27): view('card/detailDoc', [...])
 6 SYSTEMPATH\CodeIgniter.php(898): App\Controllers\ShowDoc->detailDoc('FCPATH\\assets', 'bootstrap', 'js', 'bootstrap.min.js')
 7 SYSTEMPATH\CodeIgniter.php(468): CodeIgniter\CodeIgniter->runController(Object(App\Controllers\ShowDoc))
 8 SYSTEMPATH\CodeIgniter.php(351): CodeIgniter\CodeIgniter->handleRequest(null, Object(Config\Cache), false)
 9 FCPATH\index.php(55): CodeIgniter\CodeIgniter->run()
10 SYSTEMPATH\Commands\Server\rewrite.php(43): require_once('FCPATH\\index.php')
CRITICAL - 2022-08-01 00:38:24 --> Trying to access array offset on value of type null
in APPPATH\Views\card\detailDoc.php on line 10.
 1 APPPATH\Views\card\detailDoc.php(10): CodeIgniter\Debug\Exceptions->errorHandler(2, 'Trying to access array offset on value of type null', 'APPPATH\\Views\\card\\detailDoc.php', 10)
 2 SYSTEMPATH\View\View.php(213): include('APPPATH\\Views\\card\\detailDoc.php')
 3 SYSTEMPATH\View\View.php(216): CodeIgniter\View\View->CodeIgniter\View\{closure}()
 4 SYSTEMPATH\Common.php(1135): CodeIgniter\View\View->render('card/detailDoc', [], true)
 5 APPPATH\Controllers\ShowDoc.php(27): view('card/detailDoc', [...])
 6 SYSTEMPATH\CodeIgniter.php(898): App\Controllers\ShowDoc->detailDoc('FCPATH\\assets', 'bootstrap', 'js', 'bootstrap.min.js')
 7 SYSTEMPATH\CodeIgniter.php(468): CodeIgniter\CodeIgniter->runController(Object(App\Controllers\ShowDoc))
 8 SYSTEMPATH\CodeIgniter.php(351): CodeIgniter\CodeIgniter->handleRequest(null, Object(Config\Cache), false)
 9 FCPATH\index.php(55): CodeIgniter\CodeIgniter->run()
10 SYSTEMPATH\Commands\Server\rewrite.php(43): require_once('FCPATH\\index.php')
CRITICAL - 2022-08-01 00:39:21 --> Trying to access array offset on value of type null
in APPPATH\Views\card\detailDoc.php on line 10.
 1 APPPATH\Views\card\detailDoc.php(10): CodeIgniter\Debug\Exceptions->errorHandler(2, 'Trying to access array offset on value of type null', 'APPPATH\\Views\\card\\detailDoc.php', 10)
 2 SYSTEMPATH\View\View.php(213): include('APPPATH\\Views\\card\\detailDoc.php')
 3 SYSTEMPATH\View\View.php(216): CodeIgniter\View\View->CodeIgniter\View\{closure}()
 4 SYSTEMPATH\Common.php(1135): CodeIgniter\View\View->render('card/detailDoc', [], true)
 5 APPPATH\Controllers\ShowDoc.php(27): view('card/detailDoc', [...])
 6 SYSTEMPATH\CodeIgniter.php(898): App\Controllers\ShowDoc->detailDoc('FCPATH\\assets', 'bootstrap', 'js', 'bootstrap.min.js')
 7 SYSTEMPATH\CodeIgniter.php(468): CodeIgniter\CodeIgniter->runController(Object(App\Controllers\ShowDoc))
 8 SYSTEMPATH\CodeIgniter.php(351): CodeIgniter\CodeIgniter->handleRequest(null, Object(Config\Cache), false)
 9 FCPATH\index.php(55): CodeIgniter\CodeIgniter->run()
10 SYSTEMPATH\Commands\Server\rewrite.php(43): require_once('FCPATH\\index.php')
CRITICAL - 2022-08-01 00:39:44 --> Trying to access array offset on value of type null
in APPPATH\Views\card\detailDoc.php on line 10.
 1 APPPATH\Views\card\detailDoc.php(10): CodeIgniter\Debug\Exceptions->errorHandler(2, 'Trying to access array offset on value of type null', 'APPPATH\\Views\\card\\detailDoc.php', 10)
 2 SYSTEMPATH\View\View.php(213): include('APPPATH\\Views\\card\\detailDoc.php')
 3 SYSTEMPATH\View\View.php(216): CodeIgniter\View\View->CodeIgniter\View\{closure}()
 4 SYSTEMPATH\Common.php(1135): CodeIgniter\View\View->render('card/detailDoc', [], true)
 5 APPPATH\Controllers\ShowDoc.php(27): view('card/detailDoc', [...])
 6 SYSTEMPATH\CodeIgniter.php(898): App\Controllers\ShowDoc->detailDoc('FCPATH\\assets', 'bootstrap', 'js', 'bootstrap.min.js')
 7 SYSTEMPATH\CodeIgniter.php(468): CodeIgniter\CodeIgniter->runController(Object(App\Controllers\ShowDoc))
 8 SYSTEMPATH\CodeIgniter.php(351): CodeIgniter\CodeIgniter->handleRequest(null, Object(Config\Cache), false)
 9 FCPATH\index.php(55): CodeIgniter\CodeIgniter->run()
10 SYSTEMPATH\Commands\Server\rewrite.php(43): require_once('FCPATH\\index.php')
CRITICAL - 2022-08-01 00:39:58 --> Trying to access array offset on value of type null
in APPPATH\Views\card\detailDoc.php on line 10.
 1 APPPATH\Views\card\detailDoc.php(10): CodeIgniter\Debug\Exceptions->errorHandler(2, 'Trying to access array offset on value of type null', 'APPPATH\\Views\\card\\detailDoc.php', 10)
 2 SYSTEMPATH\View\View.php(213): include('APPPATH\\Views\\card\\detailDoc.php')
 3 SYSTEMPATH\View\View.php(216): CodeIgniter\View\View->CodeIgniter\View\{closure}()
 4 SYSTEMPATH\Common.php(1135): CodeIgniter\View\View->render('card/detailDoc', [], true)
 5 APPPATH\Controllers\ShowDoc.php(27): view('card/detailDoc', [...])
 6 SYSTEMPATH\CodeIgniter.php(898): App\Controllers\ShowDoc->detailDoc('FCPATH\\assets', 'bootstrap', 'js', 'bootstrap.min.js')
 7 SYSTEMPATH\CodeIgniter.php(468): CodeIgniter\CodeIgniter->runController(Object(App\Controllers\ShowDoc))
 8 SYSTEMPATH\CodeIgniter.php(351): CodeIgniter\CodeIgniter->handleRequest(null, Object(Config\Cache), false)
 9 FCPATH\index.php(55): CodeIgniter\CodeIgniter->run()
10 SYSTEMPATH\Commands\Server\rewrite.php(43): require_once('FCPATH\\index.php')
CRITICAL - 2022-08-01 00:40:14 --> Trying to access array offset on value of type null
in APPPATH\Views\card\detailDoc.php on line 10.
 1 APPPATH\Views\card\detailDoc.php(10): CodeIgniter\Debug\Exceptions->errorHandler(2, 'Trying to access array offset on value of type null', 'APPPATH\\Views\\card\\detailDoc.php', 10)
 2 SYSTEMPATH\View\View.php(213): include('APPPATH\\Views\\card\\detailDoc.php')
 3 SYSTEMPATH\View\View.php(216): CodeIgniter\View\View->CodeIgniter\View\{closure}()
 4 SYSTEMPATH\Common.php(1135): CodeIgniter\View\View->render('card/detailDoc', [], true)
 5 APPPATH\Controllers\ShowDoc.php(27): view('card/detailDoc', [...])
 6 SYSTEMPATH\CodeIgniter.php(898): App\Controllers\ShowDoc->detailDoc('FCPATH\\assets', 'bootstrap', 'js', 'bootstrap.min.js')
 7 SYSTEMPATH\CodeIgniter.php(468): CodeIgniter\CodeIgniter->runController(Object(App\Controllers\ShowDoc))
 8 SYSTEMPATH\CodeIgniter.php(351): CodeIgniter\CodeIgniter->handleRequest(null, Object(Config\Cache), false)
 9 FCPATH\index.php(55): CodeIgniter\CodeIgniter->run()
10 SYSTEMPATH\Commands\Server\rewrite.php(43): require_once('FCPATH\\index.php')
CRITICAL - 2022-08-01 00:40:16 --> Trying to access array offset on value of type null
in APPPATH\Views\card\detailDoc.php on line 10.
 1 APPPATH\Views\card\detailDoc.php(10): CodeIgniter\Debug\Exceptions->errorHandler(2, 'Trying to access array offset on value of type null', 'APPPATH\\Views\\card\\detailDoc.php', 10)
 2 SYSTEMPATH\View\View.php(213): include('APPPATH\\Views\\card\\detailDoc.php')
 3 SYSTEMPATH\View\View.php(216): CodeIgniter\View\View->CodeIgniter\View\{closure}()
 4 SYSTEMPATH\Common.php(1135): CodeIgniter\View\View->render('card/detailDoc', [], true)
 5 APPPATH\Controllers\ShowDoc.php(27): view('card/detailDoc', [...])
 6 SYSTEMPATH\CodeIgniter.php(898): App\Controllers\ShowDoc->detailDoc('FCPATH\\assets', 'bootstrap', 'js', 'bootstrap.min.js')
 7 SYSTEMPATH\CodeIgniter.php(468): CodeIgniter\CodeIgniter->runController(Object(App\Controllers\ShowDoc))
 8 SYSTEMPATH\CodeIgniter.php(351): CodeIgniter\CodeIgniter->handleRequest(null, Object(Config\Cache), false)
 9 FCPATH\index.php(55): CodeIgniter\CodeIgniter->run()
10 SYSTEMPATH\Commands\Server\rewrite.php(43): require_once('FCPATH\\index.php')
CRITICAL - 2022-08-01 00:40:31 --> Trying to access array offset on value of type null
in APPPATH\Views\card\detailDoc.php on line 10.
 1 APPPATH\Views\card\detailDoc.php(10): CodeIgniter\Debug\Exceptions->errorHandler(2, 'Trying to access array offset on value of type null', 'APPPATH\\Views\\card\\detailDoc.php', 10)
 2 SYSTEMPATH\View\View.php(213): include('APPPATH\\Views\\card\\detailDoc.php')
 3 SYSTEMPATH\View\View.php(216): CodeIgniter\View\View->CodeIgniter\View\{closure}()
 4 SYSTEMPATH\Common.php(1135): CodeIgniter\View\View->render('card/detailDoc', [], true)
 5 APPPATH\Controllers\ShowDoc.php(27): view('card/detailDoc', [...])
 6 SYSTEMPATH\CodeIgniter.php(898): App\Controllers\ShowDoc->detailDoc('FCPATH\\assets', 'bootstrap', 'js', 'bootstrap.min.js')
 7 SYSTEMPATH\CodeIgniter.php(468): CodeIgniter\CodeIgniter->runController(Object(App\Controllers\ShowDoc))
 8 SYSTEMPATH\CodeIgniter.php(351): CodeIgniter\CodeIgniter->handleRequest(null, Object(Config\Cache), false)
 9 FCPATH\index.php(55): CodeIgniter\CodeIgniter->run()
10 SYSTEMPATH\Commands\Server\rewrite.php(43): require_once('FCPATH\\index.php')
CRITICAL - 2022-08-01 00:41:10 --> Trying to access array offset on value of type null
in APPPATH\Views\card\detailDoc.php on line 10.
 1 APPPATH\Views\card\detailDoc.php(10): CodeIgniter\Debug\Exceptions->errorHandler(2, 'Trying to access array offset on value of type null', 'APPPATH\\Views\\card\\detailDoc.php', 10)
 2 SYSTEMPATH\View\View.php(213): include('APPPATH\\Views\\card\\detailDoc.php')
 3 SYSTEMPATH\View\View.php(216): CodeIgniter\View\View->CodeIgniter\View\{closure}()
 4 SYSTEMPATH\Common.php(1135): CodeIgniter\View\View->render('card/detailDoc', [], true)
 5 APPPATH\Controllers\ShowDoc.php(27): view('card/detailDoc', [...])
 6 SYSTEMPATH\CodeIgniter.php(898): App\Controllers\ShowDoc->detailDoc('FCPATH\\assets', 'bootstrap', 'js', 'bootstrap.min.js')
 7 SYSTEMPATH\CodeIgniter.php(468): CodeIgniter\CodeIgniter->runController(Object(App\Controllers\ShowDoc))
 8 SYSTEMPATH\CodeIgniter.php(351): CodeIgniter\CodeIgniter->handleRequest(null, Object(Config\Cache), false)
 9 FCPATH\index.php(55): CodeIgniter\CodeIgniter->run()
10 SYSTEMPATH\Commands\Server\rewrite.php(43): require_once('FCPATH\\index.php')
CRITICAL - 2022-08-01 00:41:21 --> Trying to access array offset on value of type null
in APPPATH\Views\card\detailDoc.php on line 10.
 1 APPPATH\Views\card\detailDoc.php(10): CodeIgniter\Debug\Exceptions->errorHandler(2, 'Trying to access array offset on value of type null', 'APPPATH\\Views\\card\\detailDoc.php', 10)
 2 SYSTEMPATH\View\View.php(213): include('APPPATH\\Views\\card\\detailDoc.php')
 3 SYSTEMPATH\View\View.php(216): CodeIgniter\View\View->CodeIgniter\View\{closure}()
 4 SYSTEMPATH\Common.php(1135): CodeIgniter\View\View->render('card/detailDoc', [], true)
 5 APPPATH\Controllers\ShowDoc.php(27): view('card/detailDoc', [...])
 6 SYSTEMPATH\CodeIgniter.php(898): App\Controllers\ShowDoc->detailDoc('FCPATH\\assets', 'bootstrap', 'js', 'bootstrap.min.js')
 7 SYSTEMPATH\CodeIgniter.php(468): CodeIgniter\CodeIgniter->runController(Object(App\Controllers\ShowDoc))
 8 SYSTEMPATH\CodeIgniter.php(351): CodeIgniter\CodeIgniter->handleRequest(null, Object(Config\Cache), false)
 9 FCPATH\index.php(55): CodeIgniter\CodeIgniter->run()
10 SYSTEMPATH\Commands\Server\rewrite.php(43): require_once('FCPATH\\index.php')
CRITICAL - 2022-08-01 00:41:30 --> Trying to access array offset on value of type null
in APPPATH\Views\card\detailDoc.php on line 10.
 1 APPPATH\Views\card\detailDoc.php(10): CodeIgniter\Debug\Exceptions->errorHandler(2, 'Trying to access array offset on value of type null', 'APPPATH\\Views\\card\\detailDoc.php', 10)
 2 SYSTEMPATH\View\View.php(213): include('APPPATH\\Views\\card\\detailDoc.php')
 3 SYSTEMPATH\View\View.php(216): CodeIgniter\View\View->CodeIgniter\View\{closure}()
 4 SYSTEMPATH\Common.php(1135): CodeIgniter\View\View->render('card/detailDoc', [], true)
 5 APPPATH\Controllers\ShowDoc.php(27): view('card/detailDoc', [...])
 6 SYSTEMPATH\CodeIgniter.php(898): App\Controllers\ShowDoc->detailDoc('FCPATH\\assets', 'bootstrap', 'js', 'bootstrap.min.js')
 7 SYSTEMPATH\CodeIgniter.php(468): CodeIgniter\CodeIgniter->runController(Object(App\Controllers\ShowDoc))
 8 SYSTEMPATH\CodeIgniter.php(351): CodeIgniter\CodeIgniter->handleRequest(null, Object(Config\Cache), false)
 9 FCPATH\index.php(55): CodeIgniter\CodeIgniter->run()
10 SYSTEMPATH\Commands\Server\rewrite.php(43): require_once('FCPATH\\index.php')
CRITICAL - 2022-08-01 00:41:50 --> Trying to access array offset on value of type null
in APPPATH\Views\card\detailDoc.php on line 10.
 1 APPPATH\Views\card\detailDoc.php(10): CodeIgniter\Debug\Exceptions->errorHandler(2, 'Trying to access array offset on value of type null', 'APPPATH\\Views\\card\\detailDoc.php', 10)
 2 SYSTEMPATH\View\View.php(213): include('APPPATH\\Views\\card\\detailDoc.php')
 3 SYSTEMPATH\View\View.php(216): CodeIgniter\View\View->CodeIgniter\View\{closure}()
 4 SYSTEMPATH\Common.php(1135): CodeIgniter\View\View->render('card/detailDoc', [], true)
 5 APPPATH\Controllers\ShowDoc.php(27): view('card/detailDoc', [...])
 6 SYSTEMPATH\CodeIgniter.php(898): App\Controllers\ShowDoc->detailDoc('FCPATH\\assets', 'bootstrap', 'js', 'bootstrap.min.js')
 7 SYSTEMPATH\CodeIgniter.php(468): CodeIgniter\CodeIgniter->runController(Object(App\Controllers\ShowDoc))
 8 SYSTEMPATH\CodeIgniter.php(351): CodeIgniter\CodeIgniter->handleRequest(null, Object(Config\Cache), false)
 9 FCPATH\index.php(55): CodeIgniter\CodeIgniter->run()
10 SYSTEMPATH\Commands\Server\rewrite.php(43): require_once('FCPATH\\index.php')
CRITICAL - 2022-08-01 00:42:00 --> Trying to access array offset on value of type null
in APPPATH\Views\card\detailDoc.php on line 10.
 1 APPPATH\Views\card\detailDoc.php(10): CodeIgniter\Debug\Exceptions->errorHandler(2, 'Trying to access array offset on value of type null', 'APPPATH\\Views\\card\\detailDoc.php', 10)
 2 SYSTEMPATH\View\View.php(213): include('APPPATH\\Views\\card\\detailDoc.php')
 3 SYSTEMPATH\View\View.php(216): CodeIgniter\View\View->CodeIgniter\View\{closure}()
 4 SYSTEMPATH\Common.php(1135): CodeIgniter\View\View->render('card/detailDoc', [], true)
 5 APPPATH\Controllers\ShowDoc.php(27): view('card/detailDoc', [...])
 6 SYSTEMPATH\CodeIgniter.php(898): App\Controllers\ShowDoc->detailDoc('FCPATH\\assets', 'bootstrap', 'js', 'bootstrap.min.js')
 7 SYSTEMPATH\CodeIgniter.php(468): CodeIgniter\CodeIgniter->runController(Object(App\Controllers\ShowDoc))
 8 SYSTEMPATH\CodeIgniter.php(351): CodeIgniter\CodeIgniter->handleRequest(null, Object(Config\Cache), false)
 9 FCPATH\index.php(55): CodeIgniter\CodeIgniter->run()
10 SYSTEMPATH\Commands\Server\rewrite.php(43): require_once('FCPATH\\index.php')
CRITICAL - 2022-08-01 00:42:09 --> Trying to access array offset on value of type null
in APPPATH\Views\card\detailDoc.php on line 10.
 1 APPPATH\Views\card\detailDoc.php(10): CodeIgniter\Debug\Exceptions->errorHandler(2, 'Trying to access array offset on value of type null', 'APPPATH\\Views\\card\\detailDoc.php', 10)
 2 SYSTEMPATH\View\View.php(213): include('APPPATH\\Views\\card\\detailDoc.php')
 3 SYSTEMPATH\View\View.php(216): CodeIgniter\View\View->CodeIgniter\View\{closure}()
 4 SYSTEMPATH\Common.php(1135): CodeIgniter\View\View->render('card/detailDoc', [], true)
 5 APPPATH\Controllers\ShowDoc.php(27): view('card/detailDoc', [...])
 6 SYSTEMPATH\CodeIgniter.php(898): App\Controllers\ShowDoc->detailDoc('FCPATH\\assets', 'bootstrap', 'js', 'bootstrap.min.js')
 7 SYSTEMPATH\CodeIgniter.php(468): CodeIgniter\CodeIgniter->runController(Object(App\Controllers\ShowDoc))
 8 SYSTEMPATH\CodeIgniter.php(351): CodeIgniter\CodeIgniter->handleRequest(null, Object(Config\Cache), false)
 9 FCPATH\index.php(55): CodeIgniter\CodeIgniter->run()
10 SYSTEMPATH\Commands\Server\rewrite.php(43): require_once('FCPATH\\index.php')
CRITICAL - 2022-08-01 00:42:17 --> Trying to access array offset on value of type null
in APPPATH\Views\card\detailDoc.php on line 10.
 1 APPPATH\Views\card\detailDoc.php(10): CodeIgniter\Debug\Exceptions->errorHandler(2, 'Trying to access array offset on value of type null', 'APPPATH\\Views\\card\\detailDoc.php', 10)
 2 SYSTEMPATH\View\View.php(213): include('APPPATH\\Views\\card\\detailDoc.php')
 3 SYSTEMPATH\View\View.php(216): CodeIgniter\View\View->CodeIgniter\View\{closure}()
 4 SYSTEMPATH\Common.php(1135): CodeIgniter\View\View->render('card/detailDoc', [], true)
 5 APPPATH\Controllers\ShowDoc.php(27): view('card/detailDoc', [...])
 6 SYSTEMPATH\CodeIgniter.php(898): App\Controllers\ShowDoc->detailDoc('FCPATH\\assets', 'bootstrap', 'js', 'bootstrap.min.js')
 7 SYSTEMPATH\CodeIgniter.php(468): CodeIgniter\CodeIgniter->runController(Object(App\Controllers\ShowDoc))
 8 SYSTEMPATH\CodeIgniter.php(351): CodeIgniter\CodeIgniter->handleRequest(null, Object(Config\Cache), false)
 9 FCPATH\index.php(55): CodeIgniter\CodeIgniter->run()
10 SYSTEMPATH\Commands\Server\rewrite.php(43): require_once('FCPATH\\index.php')
CRITICAL - 2022-08-01 00:42:45 --> Trying to access array offset on value of type null
in APPPATH\Views\card\detailDoc.php on line 10.
 1 APPPATH\Views\card\detailDoc.php(10): CodeIgniter\Debug\Exceptions->errorHandler(2, 'Trying to access array offset on value of type null', 'APPPATH\\Views\\card\\detailDoc.php', 10)
 2 SYSTEMPATH\View\View.php(213): include('APPPATH\\Views\\card\\detailDoc.php')
 3 SYSTEMPATH\View\View.php(216): CodeIgniter\View\View->CodeIgniter\View\{closure}()
 4 SYSTEMPATH\Common.php(1135): CodeIgniter\View\View->render('card/detailDoc', [], true)
 5 APPPATH\Controllers\ShowDoc.php(27): view('card/detailDoc', [...])
 6 SYSTEMPATH\CodeIgniter.php(898): App\Controllers\ShowDoc->detailDoc('FCPATH\\assets', 'bootstrap', 'js', 'bootstrap.min.js')
 7 SYSTEMPATH\CodeIgniter.php(468): CodeIgniter\CodeIgniter->runController(Object(App\Controllers\ShowDoc))
 8 SYSTEMPATH\CodeIgniter.php(351): CodeIgniter\CodeIgniter->handleRequest(null, Object(Config\Cache), false)
 9 FCPATH\index.php(55): CodeIgniter\CodeIgniter->run()
10 SYSTEMPATH\Commands\Server\rewrite.php(43): require_once('FCPATH\\index.php')
CRITICAL - 2022-08-01 00:43:08 --> Trying to access array offset on value of type null
in APPPATH\Views\card\detailDoc.php on line 10.
 1 APPPATH\Views\card\detailDoc.php(10): CodeIgniter\Debug\Exceptions->errorHandler(2, 'Trying to access array offset on value of type null', 'APPPATH\\Views\\card\\detailDoc.php', 10)
 2 SYSTEMPATH\View\View.php(213): include('APPPATH\\Views\\card\\detailDoc.php')
 3 SYSTEMPATH\View\View.php(216): CodeIgniter\View\View->CodeIgniter\View\{closure}()
 4 SYSTEMPATH\Common.php(1135): CodeIgniter\View\View->render('card/detailDoc', [], true)
 5 APPPATH\Controllers\ShowDoc.php(27): view('card/detailDoc', [...])
 6 SYSTEMPATH\CodeIgniter.php(898): App\Controllers\ShowDoc->detailDoc('FCPATH\\assets', 'bootstrap', 'js', 'bootstrap.min.js')
 7 SYSTEMPATH\CodeIgniter.php(468): CodeIgniter\CodeIgniter->runController(Object(App\Controllers\ShowDoc))
 8 SYSTEMPATH\CodeIgniter.php(351): CodeIgniter\CodeIgniter->handleRequest(null, Object(Config\Cache), false)
 9 FCPATH\index.php(55): CodeIgniter\CodeIgniter->run()
10 SYSTEMPATH\Commands\Server\rewrite.php(43): require_once('FCPATH\\index.php')
CRITICAL - 2022-08-01 00:43:36 --> Trying to access array offset on value of type null
in APPPATH\Views\card\detailDoc.php on line 10.
 1 APPPATH\Views\card\detailDoc.php(10): CodeIgniter\Debug\Exceptions->errorHandler(2, 'Trying to access array offset on value of type null', 'APPPATH\\Views\\card\\detailDoc.php', 10)
 2 SYSTEMPATH\View\View.php(213): include('APPPATH\\Views\\card\\detailDoc.php')
 3 SYSTEMPATH\View\View.php(216): CodeIgniter\View\View->CodeIgniter\View\{closure}()
 4 SYSTEMPATH\Common.php(1135): CodeIgniter\View\View->render('card/detailDoc', [], true)
 5 APPPATH\Controllers\ShowDoc.php(27): view('card/detailDoc', [...])
 6 SYSTEMPATH\CodeIgniter.php(898): App\Controllers\ShowDoc->detailDoc('FCPATH\\assets', 'bootstrap', 'js', 'bootstrap.min.js')
 7 SYSTEMPATH\CodeIgniter.php(468): CodeIgniter\CodeIgniter->runController(Object(App\Controllers\ShowDoc))
 8 SYSTEMPATH\CodeIgniter.php(351): CodeIgniter\CodeIgniter->handleRequest(null, Object(Config\Cache), false)
 9 FCPATH\index.php(55): CodeIgniter\CodeIgniter->run()
10 SYSTEMPATH\Commands\Server\rewrite.php(43): require_once('FCPATH\\index.php')
CRITICAL - 2022-08-01 00:44:00 --> Trying to access array offset on value of type null
in APPPATH\Views\card\detailDoc.php on line 10.
 1 APPPATH\Views\card\detailDoc.php(10): CodeIgniter\Debug\Exceptions->errorHandler(2, 'Trying to access array offset on value of type null', 'APPPATH\\Views\\card\\detailDoc.php', 10)
 2 SYSTEMPATH\View\View.php(213): include('APPPATH\\Views\\card\\detailDoc.php')
 3 SYSTEMPATH\View\View.php(216): CodeIgniter\View\View->CodeIgniter\View\{closure}()
 4 SYSTEMPATH\Common.php(1135): CodeIgniter\View\View->render('card/detailDoc', [], true)
 5 APPPATH\Controllers\ShowDoc.php(27): view('card/detailDoc', [...])
 6 SYSTEMPATH\CodeIgniter.php(898): App\Controllers\ShowDoc->detailDoc('FCPATH\\assets', 'bootstrap', 'js', 'bootstrap.min.js')
 7 SYSTEMPATH\CodeIgniter.php(468): CodeIgniter\CodeIgniter->runController(Object(App\Controllers\ShowDoc))
 8 SYSTEMPATH\CodeIgniter.php(351): CodeIgniter\CodeIgniter->handleRequest(null, Object(Config\Cache), false)
 9 FCPATH\index.php(55): CodeIgniter\CodeIgniter->run()
10 SYSTEMPATH\Commands\Server\rewrite.php(43): require_once('FCPATH\\index.php')
CRITICAL - 2022-08-01 00:44:28 --> Trying to access array offset on value of type null
in APPPATH\Views\card\detailDoc.php on line 10.
 1 APPPATH\Views\card\detailDoc.php(10): CodeIgniter\Debug\Exceptions->errorHandler(2, 'Trying to access array offset on value of type null', 'APPPATH\\Views\\card\\detailDoc.php', 10)
 2 SYSTEMPATH\View\View.php(213): include('APPPATH\\Views\\card\\detailDoc.php')
 3 SYSTEMPATH\View\View.php(216): CodeIgniter\View\View->CodeIgniter\View\{closure}()
 4 SYSTEMPATH\Common.php(1135): CodeIgniter\View\View->render('card/detailDoc', [], true)
 5 APPPATH\Controllers\ShowDoc.php(27): view('card/detailDoc', [...])
 6 SYSTEMPATH\CodeIgniter.php(898): App\Controllers\ShowDoc->detailDoc('FCPATH\\assets', 'bootstrap', 'js', 'bootstrap.min.js')
 7 SYSTEMPATH\CodeIgniter.php(468): CodeIgniter\CodeIgniter->runController(Object(App\Controllers\ShowDoc))
 8 SYSTEMPATH\CodeIgniter.php(351): CodeIgniter\CodeIgniter->handleRequest(null, Object(Config\Cache), false)
 9 FCPATH\index.php(55): CodeIgniter\CodeIgniter->run()
10 SYSTEMPATH\Commands\Server\rewrite.php(43): require_once('FCPATH\\index.php')
CRITICAL - 2022-08-01 00:44:39 --> Trying to access array offset on value of type null
in APPPATH\Views\card\detailDoc.php on line 10.
 1 APPPATH\Views\card\detailDoc.php(10): CodeIgniter\Debug\Exceptions->errorHandler(2, 'Trying to access array offset on value of type null', 'APPPATH\\Views\\card\\detailDoc.php', 10)
 2 SYSTEMPATH\View\View.php(213): include('APPPATH\\Views\\card\\detailDoc.php')
 3 SYSTEMPATH\View\View.php(216): CodeIgniter\View\View->CodeIgniter\View\{closure}()
 4 SYSTEMPATH\Common.php(1135): CodeIgniter\View\View->render('card/detailDoc', [], true)
 5 APPPATH\Controllers\ShowDoc.php(27): view('card/detailDoc', [...])
 6 SYSTEMPATH\CodeIgniter.php(898): App\Controllers\ShowDoc->detailDoc('FCPATH\\assets', 'bootstrap', 'js', 'bootstrap.min.js')
 7 SYSTEMPATH\CodeIgniter.php(468): CodeIgniter\CodeIgniter->runController(Object(App\Controllers\ShowDoc))
 8 SYSTEMPATH\CodeIgniter.php(351): CodeIgniter\CodeIgniter->handleRequest(null, Object(Config\Cache), false)
 9 FCPATH\index.php(55): CodeIgniter\CodeIgniter->run()
10 SYSTEMPATH\Commands\Server\rewrite.php(43): require_once('FCPATH\\index.php')
CRITICAL - 2022-08-01 00:45:00 --> Trying to access array offset on value of type null
in APPPATH\Views\card\detailDoc.php on line 10.
 1 APPPATH\Views\card\detailDoc.php(10): CodeIgniter\Debug\Exceptions->errorHandler(2, 'Trying to access array offset on value of type null', 'APPPATH\\Views\\card\\detailDoc.php', 10)
 2 SYSTEMPATH\View\View.php(213): include('APPPATH\\Views\\card\\detailDoc.php')
 3 SYSTEMPATH\View\View.php(216): CodeIgniter\View\View->CodeIgniter\View\{closure}()
 4 SYSTEMPATH\Common.php(1135): CodeIgniter\View\View->render('card/detailDoc', [], true)
 5 APPPATH\Controllers\ShowDoc.php(27): view('card/detailDoc', [...])
 6 SYSTEMPATH\CodeIgniter.php(898): App\Controllers\ShowDoc->detailDoc('FCPATH\\assets', 'bootstrap', 'js', 'bootstrap.min.js')
 7 SYSTEMPATH\CodeIgniter.php(468): CodeIgniter\CodeIgniter->runController(Object(App\Controllers\ShowDoc))
 8 SYSTEMPATH\CodeIgniter.php(351): CodeIgniter\CodeIgniter->handleRequest(null, Object(Config\Cache), false)
 9 FCPATH\index.php(55): CodeIgniter\CodeIgniter->run()
10 SYSTEMPATH\Commands\Server\rewrite.php(43): require_once('FCPATH\\index.php')
CRITICAL - 2022-08-01 00:46:13 --> Trying to access array offset on value of type null
in APPPATH\Views\card\detailDoc.php on line 10.
 1 APPPATH\Views\card\detailDoc.php(10): CodeIgniter\Debug\Exceptions->errorHandler(2, 'Trying to access array offset on value of type null', 'APPPATH\\Views\\card\\detailDoc.php', 10)
 2 SYSTEMPATH\View\View.php(213): include('APPPATH\\Views\\card\\detailDoc.php')
 3 SYSTEMPATH\View\View.php(216): CodeIgniter\View\View->CodeIgniter\View\{closure}()
 4 SYSTEMPATH\Common.php(1135): CodeIgniter\View\View->render('card/detailDoc', [], true)
 5 APPPATH\Controllers\ShowDoc.php(27): view('card/detailDoc', [...])
 6 SYSTEMPATH\CodeIgniter.php(898): App\Controllers\ShowDoc->detailDoc('FCPATH\\assets', 'bootstrap', 'js', 'bootstrap.min.js')
 7 SYSTEMPATH\CodeIgniter.php(468): CodeIgniter\CodeIgniter->runController(Object(App\Controllers\ShowDoc))
 8 SYSTEMPATH\CodeIgniter.php(351): CodeIgniter\CodeIgniter->handleRequest(null, Object(Config\Cache), false)
 9 FCPATH\index.php(55): CodeIgniter\CodeIgniter->run()
10 SYSTEMPATH\Commands\Server\rewrite.php(43): require_once('FCPATH\\index.php')
CRITICAL - 2022-08-01 00:46:14 --> Trying to access array offset on value of type null
in APPPATH\Views\card\detailDoc.php on line 10.
 1 APPPATH\Views\card\detailDoc.php(10): CodeIgniter\Debug\Exceptions->errorHandler(2, 'Trying to access array offset on value of type null', 'APPPATH\\Views\\card\\detailDoc.php', 10)
 2 SYSTEMPATH\View\View.php(213): include('APPPATH\\Views\\card\\detailDoc.php')
 3 SYSTEMPATH\View\View.php(216): CodeIgniter\View\View->CodeIgniter\View\{closure}()
 4 SYSTEMPATH\Common.php(1135): CodeIgniter\View\View->render('card/detailDoc', [], true)
 5 APPPATH\Controllers\ShowDoc.php(27): view('card/detailDoc', [...])
 6 SYSTEMPATH\CodeIgniter.php(898): App\Controllers\ShowDoc->detailDoc('FCPATH\\assets', 'bootstrap', 'js', 'bootstrap.min.js')
 7 SYSTEMPATH\CodeIgniter.php(468): CodeIgniter\CodeIgniter->runController(Object(App\Controllers\ShowDoc))
 8 SYSTEMPATH\CodeIgniter.php(351): CodeIgniter\CodeIgniter->handleRequest(null, Object(Config\Cache), false)
 9 FCPATH\index.php(55): CodeIgniter\CodeIgniter->run()
10 SYSTEMPATH\Commands\Server\rewrite.php(43): require_once('FCPATH\\index.php')
CRITICAL - 2022-08-01 00:47:13 --> Trying to access array offset on value of type null
in APPPATH\Views\card\detailDoc.php on line 10.
 1 APPPATH\Views\card\detailDoc.php(10): CodeIgniter\Debug\Exceptions->errorHandler(2, 'Trying to access array offset on value of type null', 'APPPATH\\Views\\card\\detailDoc.php', 10)
 2 SYSTEMPATH\View\View.php(213): include('APPPATH\\Views\\card\\detailDoc.php')
 3 SYSTEMPATH\View\View.php(216): CodeIgniter\View\View->CodeIgniter\View\{closure}()
 4 SYSTEMPATH\Common.php(1135): CodeIgniter\View\View->render('card/detailDoc', [], true)
 5 APPPATH\Controllers\ShowDoc.php(27): view('card/detailDoc', [...])
 6 SYSTEMPATH\CodeIgniter.php(898): App\Controllers\ShowDoc->detailDoc('FCPATH\\assets', 'bootstrap', 'js', 'bootstrap.min.js')
 7 SYSTEMPATH\CodeIgniter.php(468): CodeIgniter\CodeIgniter->runController(Object(App\Controllers\ShowDoc))
 8 SYSTEMPATH\CodeIgniter.php(351): CodeIgniter\CodeIgniter->handleRequest(null, Object(Config\Cache), false)
 9 FCPATH\index.php(55): CodeIgniter\CodeIgniter->run()
10 SYSTEMPATH\Commands\Server\rewrite.php(43): require_once('FCPATH\\index.php')
CRITICAL - 2022-08-01 00:49:59 --> Trying to access array offset on value of type null
in APPPATH\Views\card\detailDoc.php on line 10.
 1 APPPATH\Views\card\detailDoc.php(10): CodeIgniter\Debug\Exceptions->errorHandler(2, 'Trying to access array offset on value of type null', 'APPPATH\\Views\\card\\detailDoc.php', 10)
 2 SYSTEMPATH\View\View.php(213): include('APPPATH\\Views\\card\\detailDoc.php')
 3 SYSTEMPATH\View\View.php(216): CodeIgniter\View\View->CodeIgniter\View\{closure}()
 4 SYSTEMPATH\Common.php(1135): CodeIgniter\View\View->render('card/detailDoc', [], true)
 5 APPPATH\Controllers\ShowDoc.php(27): view('card/detailDoc', [...])
 6 SYSTEMPATH\CodeIgniter.php(898): App\Controllers\ShowDoc->detailDoc('FCPATH\\assets', 'bootstrap', 'js', 'bootstrap.min.js')
 7 SYSTEMPATH\CodeIgniter.php(468): CodeIgniter\CodeIgniter->runController(Object(App\Controllers\ShowDoc))
 8 SYSTEMPATH\CodeIgniter.php(351): CodeIgniter\CodeIgniter->handleRequest(null, Object(Config\Cache), false)
 9 FCPATH\index.php(55): CodeIgniter\CodeIgniter->run()
10 SYSTEMPATH\Commands\Server\rewrite.php(43): require_once('FCPATH\\index.php')
CRITICAL - 2022-08-01 00:50:33 --> Trying to access array offset on value of type null
in APPPATH\Views\card\detailDoc.php on line 10.
 1 APPPATH\Views\card\detailDoc.php(10): CodeIgniter\Debug\Exceptions->errorHandler(2, 'Trying to access array offset on value of type null', 'APPPATH\\Views\\card\\detailDoc.php', 10)
 2 SYSTEMPATH\View\View.php(213): include('APPPATH\\Views\\card\\detailDoc.php')
 3 SYSTEMPATH\View\View.php(216): CodeIgniter\View\View->CodeIgniter\View\{closure}()
 4 SYSTEMPATH\Common.php(1135): CodeIgniter\View\View->render('card/detailDoc', [], true)
 5 APPPATH\Controllers\ShowDoc.php(27): view('card/detailDoc', [...])
 6 SYSTEMPATH\CodeIgniter.php(898): App\Controllers\ShowDoc->detailDoc('FCPATH\\assets', 'bootstrap', 'js', 'bootstrap.min.js')
 7 SYSTEMPATH\CodeIgniter.php(468): CodeIgniter\CodeIgniter->runController(Object(App\Controllers\ShowDoc))
 8 SYSTEMPATH\CodeIgniter.php(351): CodeIgniter\CodeIgniter->handleRequest(null, Object(Config\Cache), false)
 9 FCPATH\index.php(55): CodeIgniter\CodeIgniter->run()
10 SYSTEMPATH\Commands\Server\rewrite.php(43): require_once('FCPATH\\index.php')
CRITICAL - 2022-08-01 00:50:35 --> Trying to access array offset on value of type null
in APPPATH\Views\card\detailDoc.php on line 10.
 1 APPPATH\Views\card\detailDoc.php(10): CodeIgniter\Debug\Exceptions->errorHandler(2, 'Trying to access array offset on value of type null', 'APPPATH\\Views\\card\\detailDoc.php', 10)
 2 SYSTEMPATH\View\View.php(213): include('APPPATH\\Views\\card\\detailDoc.php')
 3 SYSTEMPATH\View\View.php(216): CodeIgniter\View\View->CodeIgniter\View\{closure}()
 4 SYSTEMPATH\Common.php(1135): CodeIgniter\View\View->render('card/detailDoc', [], true)
 5 APPPATH\Controllers\ShowDoc.php(27): view('card/detailDoc', [...])
 6 SYSTEMPATH\CodeIgniter.php(898): App\Controllers\ShowDoc->detailDoc('FCPATH\\assets', 'bootstrap', 'js', 'bootstrap.min.js')
 7 SYSTEMPATH\CodeIgniter.php(468): CodeIgniter\CodeIgniter->runController(Object(App\Controllers\ShowDoc))
 8 SYSTEMPATH\CodeIgniter.php(351): CodeIgniter\CodeIgniter->handleRequest(null, Object(Config\Cache), false)
 9 FCPATH\index.php(55): CodeIgniter\CodeIgniter->run()
10 SYSTEMPATH\Commands\Server\rewrite.php(43): require_once('FCPATH\\index.php')
CRITICAL - 2022-08-01 00:50:51 --> Trying to access array offset on value of type null
in APPPATH\Views\card\detailDoc.php on line 10.
 1 APPPATH\Views\card\detailDoc.php(10): CodeIgniter\Debug\Exceptions->errorHandler(2, 'Trying to access array offset on value of type null', 'APPPATH\\Views\\card\\detailDoc.php', 10)
 2 SYSTEMPATH\View\View.php(213): include('APPPATH\\Views\\card\\detailDoc.php')
 3 SYSTEMPATH\View\View.php(216): CodeIgniter\View\View->CodeIgniter\View\{closure}()
 4 SYSTEMPATH\Common.php(1135): CodeIgniter\View\View->render('card/detailDoc', [], true)
 5 APPPATH\Controllers\ShowDoc.php(27): view('card/detailDoc', [...])
 6 SYSTEMPATH\CodeIgniter.php(898): App\Controllers\ShowDoc->detailDoc('FCPATH\\assets', 'bootstrap', 'js', 'bootstrap.min.js')
 7 SYSTEMPATH\CodeIgniter.php(468): CodeIgniter\CodeIgniter->runController(Object(App\Controllers\ShowDoc))
 8 SYSTEMPATH\CodeIgniter.php(351): CodeIgniter\CodeIgniter->handleRequest(null, Object(Config\Cache), false)
 9 FCPATH\index.php(55): CodeIgniter\CodeIgniter->run()
10 SYSTEMPATH\Commands\Server\rewrite.php(43): require_once('FCPATH\\index.php')
CRITICAL - 2022-08-01 00:50:53 --> Trying to access array offset on value of type null
in APPPATH\Views\card\detailDoc.php on line 10.
 1 APPPATH\Views\card\detailDoc.php(10): CodeIgniter\Debug\Exceptions->errorHandler(2, 'Trying to access array offset on value of type null', 'APPPATH\\Views\\card\\detailDoc.php', 10)
 2 SYSTEMPATH\View\View.php(213): include('APPPATH\\Views\\card\\detailDoc.php')
 3 SYSTEMPATH\View\View.php(216): CodeIgniter\View\View->CodeIgniter\View\{closure}()
 4 SYSTEMPATH\Common.php(1135): CodeIgniter\View\View->render('card/detailDoc', [], true)
 5 APPPATH\Controllers\ShowDoc.php(27): view('card/detailDoc', [...])
 6 SYSTEMPATH\CodeIgniter.php(898): App\Controllers\ShowDoc->detailDoc('FCPATH\\assets', 'bootstrap', 'js', 'bootstrap.min.js')
 7 SYSTEMPATH\CodeIgniter.php(468): CodeIgniter\CodeIgniter->runController(Object(App\Controllers\ShowDoc))
 8 SYSTEMPATH\CodeIgniter.php(351): CodeIgniter\CodeIgniter->handleRequest(null, Object(Config\Cache), false)
 9 FCPATH\index.php(55): CodeIgniter\CodeIgniter->run()
10 SYSTEMPATH\Commands\Server\rewrite.php(43): require_once('FCPATH\\index.php')
CRITICAL - 2022-08-01 00:51:53 --> Trying to access array offset on value of type null
in APPPATH\Views\card\detailDoc.php on line 10.
 1 APPPATH\Views\card\detailDoc.php(10): CodeIgniter\Debug\Exceptions->errorHandler(2, 'Trying to access array offset on value of type null', 'APPPATH\\Views\\card\\detailDoc.php', 10)
 2 SYSTEMPATH\View\View.php(213): include('APPPATH\\Views\\card\\detailDoc.php')
 3 SYSTEMPATH\View\View.php(216): CodeIgniter\View\View->CodeIgniter\View\{closure}()
 4 SYSTEMPATH\Common.php(1135): CodeIgniter\View\View->render('card/detailDoc', [], true)
 5 APPPATH\Controllers\ShowDoc.php(27): view('card/detailDoc', [...])
 6 SYSTEMPATH\CodeIgniter.php(898): App\Controllers\ShowDoc->detailDoc('FCPATH\\assets', 'bootstrap', 'js', 'bootstrap.min.js')
 7 SYSTEMPATH\CodeIgniter.php(468): CodeIgniter\CodeIgniter->runController(Object(App\Controllers\ShowDoc))
 8 SYSTEMPATH\CodeIgniter.php(351): CodeIgniter\CodeIgniter->handleRequest(null, Object(Config\Cache), false)
 9 FCPATH\index.php(55): CodeIgniter\CodeIgniter->run()
10 SYSTEMPATH\Commands\Server\rewrite.php(43): require_once('FCPATH\\index.php')
