ERROR - 2022-06-21 00:40:00 --> Error connecting to the database: No connection could be made because the target machine actively refused it
CRITICAL - 2022-06-21 00:40:00 --> Unable to connect to the database.
Main connection [MySQLi]: No connection could be made because the target machine actively refused it
in SYSTEMPATH\Database\BaseConnection.php on line 415.
 1 SYSTEMPATH\Database\BaseConnection.php(585): CodeIgniter\Database\BaseConnection->initialize()
 2 APPPATH\Controllers\ShowCard.php(10): CodeIgniter\Database\BaseConnection->query('SELECT * FROM card ORDER BY id DESC')
 3 SYSTEMPATH\CodeIgniter.php(898): App\Controllers\ShowCard->card_find()
 4 SYSTEMPATH\CodeIgniter.php(468): CodeIgniter\CodeIgniter->runController(Object(App\Controllers\ShowCard))
 5 SYSTEMPATH\CodeIgniter.php(351): CodeIgniter\CodeIgniter->handleRequest(null, Object(Config\Cache), false)
 6 FCPATH\index.php(55): CodeIgniter\CodeIgniter->run()
 7 SYSTEMPATH\Commands\Server\rewrite.php(43): require_once('FCPATH\\index.php')
CRITICAL - 2022-06-21 00:51:12 --> Call to a member function move() on null
in APPPATH\Controllers\Admin.php on line 57.
 1 SYSTEMPATH\CodeIgniter.php(898): App\Controllers\Admin->save_card()
 2 SYSTEMPATH\CodeIgniter.php(468): CodeIgniter\CodeIgniter->runController(Object(App\Controllers\Admin))
 3 SYSTEMPATH\CodeIgniter.php(351): CodeIgniter\CodeIgniter->handleRequest(null, Object(Config\Cache), false)
 4 FCPATH\index.php(55): CodeIgniter\CodeIgniter->run()
 5 SYSTEMPATH\Commands\Server\rewrite.php(43): require_once('FCPATH\\index.php')
CRITICAL - 2022-06-21 00:52:30 --> Call to a member function move() on null
in APPPATH\Controllers\Admin.php on line 57.
 1 SYSTEMPATH\CodeIgniter.php(898): App\Controllers\Admin->save_card()
 2 SYSTEMPATH\CodeIgniter.php(468): CodeIgniter\CodeIgniter->runController(Object(App\Controllers\Admin))
 3 SYSTEMPATH\CodeIgniter.php(351): CodeIgniter\CodeIgniter->handleRequest(null, Object(Config\Cache), false)
 4 FCPATH\index.php(55): CodeIgniter\CodeIgniter->run()
 5 SYSTEMPATH\Commands\Server\rewrite.php(43): require_once('FCPATH\\index.php')
CRITICAL - 2022-06-21 00:53:36 --> Call to a member function move() on null
in APPPATH\Controllers\Admin.php on line 57.
 1 SYSTEMPATH\CodeIgniter.php(898): App\Controllers\Admin->save_card()
 2 SYSTEMPATH\CodeIgniter.php(468): CodeIgniter\CodeIgniter->runController(Object(App\Controllers\Admin))
 3 SYSTEMPATH\CodeIgniter.php(351): CodeIgniter\CodeIgniter->handleRequest(null, Object(Config\Cache), false)
 4 FCPATH\index.php(55): CodeIgniter\CodeIgniter->run()
 5 SYSTEMPATH\Commands\Server\rewrite.php(43): require_once('FCPATH\\index.php')
ERROR - 2022-06-21 00:56:35 --> Column 'file' cannot be null
CRITICAL - 2022-06-21 00:56:35 --> Column 'file' cannot be null
in SYSTEMPATH\Database\MySQLi\Connection.php on line 292.
 1 SYSTEMPATH\Database\MySQLi\Connection.php(292): mysqli->query('INSERT INTO `card` (`nama`, `periode`, `narasumber`, `mc`, `kontak`, `deskripsi`, `kuota`, `file`, `gambar`) VALUES (\'asd\', \'dsad\', \'dasd\', \'dsad\', \'sdad\', \'sdad\', \'sad\', NULL, \'ilustrasi.png\')', 0)
 2 SYSTEMPATH\Database\BaseConnection.php(678): CodeIgniter\Database\MySQLi\Connection->execute('INSERT INTO `card` (`nama`, `periode`, `narasumber`, `mc`, `kontak`, `deskripsi`, `kuota`, `file`, `gambar`) VALUES (\'asd\', \'dsad\', \'dasd\', \'dsad\', \'sdad\', \'sdad\', \'sad\', NULL, \'ilustrasi.png\')')
 3 SYSTEMPATH\Database\BaseConnection.php(606): CodeIgniter\Database\BaseConnection->simpleQuery('INSERT INTO `card` (`nama`, `periode`, `narasumber`, `mc`, `kontak`, `deskripsi`, `kuota`, `file`, `gambar`) VALUES (\'asd\', \'dsad\', \'dasd\', \'dsad\', \'sdad\', \'sdad\', \'sad\', NULL, \'ilustrasi.png\')')
 4 SYSTEMPATH\Database\BaseBuilder.php(1904): CodeIgniter\Database\BaseConnection->query('INSERT INTO `card` (`nama`, `periode`, `narasumber`, `mc`, `kontak`, `deskripsi`, `kuota`, `file`, `gambar`) VALUES (:nama:, :periode:, :narasumber:, :mc:, :kontak:, :deskripsi:, :kuota:, :file:, :gambar:)', [...], false)
 5 SYSTEMPATH\Model.php(278): CodeIgniter\Database\BaseBuilder->insert()
 6 SYSTEMPATH\BaseModel.php(738): CodeIgniter\Model->doInsert([...])
 7 SYSTEMPATH\Model.php(666): CodeIgniter\BaseModel->insert([...], false)
 8 SYSTEMPATH\BaseModel.php(658): CodeIgniter\Model->insert([...], false)
 9 APPPATH\Controllers\Admin.php(69): CodeIgniter\BaseModel->save([...])
10 SYSTEMPATH\CodeIgniter.php(898): App\Controllers\Admin->save_card()
11 SYSTEMPATH\CodeIgniter.php(468): CodeIgniter\CodeIgniter->runController(Object(App\Controllers\Admin))
12 SYSTEMPATH\CodeIgniter.php(351): CodeIgniter\CodeIgniter->handleRequest(null, Object(Config\Cache), false)
13 FCPATH\index.php(55): CodeIgniter\CodeIgniter->run()
14 SYSTEMPATH\Commands\Server\rewrite.php(43): require_once('FCPATH\\index.php')
ERROR - 2022-06-21 01:03:24 --> Column 'file' cannot be null
CRITICAL - 2022-06-21 01:03:24 --> Column 'file' cannot be null
in SYSTEMPATH\Database\MySQLi\Connection.php on line 292.
 1 SYSTEMPATH\Database\MySQLi\Connection.php(292): mysqli->query('INSERT INTO `card` (`nama`, `periode`, `narasumber`, `mc`, `kontak`, `deskripsi`, `kuota`, `file`, `gambar`) VALUES (\'asd\', \'dsad\', \'qwe\', \'weqe\', \'weqe\', \'weqwe\', \'weqweq\', NULL, \'KTM.jpg\')', 0)
 2 SYSTEMPATH\Database\BaseConnection.php(678): CodeIgniter\Database\MySQLi\Connection->execute('INSERT INTO `card` (`nama`, `periode`, `narasumber`, `mc`, `kontak`, `deskripsi`, `kuota`, `file`, `gambar`) VALUES (\'asd\', \'dsad\', \'qwe\', \'weqe\', \'weqe\', \'weqwe\', \'weqweq\', NULL, \'KTM.jpg\')')
 3 SYSTEMPATH\Database\BaseConnection.php(606): CodeIgniter\Database\BaseConnection->simpleQuery('INSERT INTO `card` (`nama`, `periode`, `narasumber`, `mc`, `kontak`, `deskripsi`, `kuota`, `file`, `gambar`) VALUES (\'asd\', \'dsad\', \'qwe\', \'weqe\', \'weqe\', \'weqwe\', \'weqweq\', NULL, \'KTM.jpg\')')
 4 SYSTEMPATH\Database\BaseBuilder.php(1904): CodeIgniter\Database\BaseConnection->query('INSERT INTO `card` (`nama`, `periode`, `narasumber`, `mc`, `kontak`, `deskripsi`, `kuota`, `file`, `gambar`) VALUES (:nama:, :periode:, :narasumber:, :mc:, :kontak:, :deskripsi:, :kuota:, :file:, :gambar:)', [...], false)
 5 SYSTEMPATH\Model.php(278): CodeIgniter\Database\BaseBuilder->insert()
 6 SYSTEMPATH\BaseModel.php(738): CodeIgniter\Model->doInsert([...])
 7 SYSTEMPATH\Model.php(666): CodeIgniter\BaseModel->insert([...], false)
 8 SYSTEMPATH\BaseModel.php(658): CodeIgniter\Model->insert([...], false)
 9 APPPATH\Controllers\Admin.php(69): CodeIgniter\BaseModel->save([...])
10 SYSTEMPATH\CodeIgniter.php(898): App\Controllers\Admin->save_card()
11 SYSTEMPATH\CodeIgniter.php(468): CodeIgniter\CodeIgniter->runController(Object(App\Controllers\Admin))
12 SYSTEMPATH\CodeIgniter.php(351): CodeIgniter\CodeIgniter->handleRequest(null, Object(Config\Cache), false)
13 FCPATH\index.php(55): CodeIgniter\CodeIgniter->run()
14 SYSTEMPATH\Commands\Server\rewrite.php(43): require_once('FCPATH\\index.php')
CRITICAL - 2022-06-21 01:08:29 --> Trying to access array offset on value of type null
in APPPATH\Views\card\detail.php on line 24.
 1 APPPATH\Views\card\detail.php(24): CodeIgniter\Debug\Exceptions->errorHandler(2, 'Trying to access array offset on value of type null', 'APPPATH\\Views\\card\\detail.php', 24)
 2 SYSTEMPATH\View\View.php(213): include('APPPATH\\Views\\card\\detail.php')
 3 SYSTEMPATH\View\View.php(216): CodeIgniter\View\View->CodeIgniter\View\{closure}()
 4 SYSTEMPATH\Common.php(1135): CodeIgniter\View\View->render('card/detail', [], true)
 5 APPPATH\Controllers\ShowCard.php(27): view('card/detail', [...])
 6 SYSTEMPATH\CodeIgniter.php(898): App\Controllers\ShowCard->detail('FCPATH\\assets', 'bootstrap', 'js', 'bootstrap.min.js')
 7 SYSTEMPATH\CodeIgniter.php(468): CodeIgniter\CodeIgniter->runController(Object(App\Controllers\ShowCard))
 8 SYSTEMPATH\CodeIgniter.php(351): CodeIgniter\CodeIgniter->handleRequest(null, Object(Config\Cache), false)
 9 FCPATH\index.php(55): CodeIgniter\CodeIgniter->run()
10 SYSTEMPATH\Commands\Server\rewrite.php(43): require_once('FCPATH\\index.php')
CRITICAL - 2022-06-21 01:15:55 --> Trying to access array offset on value of type null
in APPPATH\Views\card\detail.php on line 24.
 1 APPPATH\Views\card\detail.php(24): CodeIgniter\Debug\Exceptions->errorHandler(2, 'Trying to access array offset on value of type null', 'APPPATH\\Views\\card\\detail.php', 24)
 2 SYSTEMPATH\View\View.php(213): include('APPPATH\\Views\\card\\detail.php')
 3 SYSTEMPATH\View\View.php(216): CodeIgniter\View\View->CodeIgniter\View\{closure}()
 4 SYSTEMPATH\Common.php(1135): CodeIgniter\View\View->render('card/detail', [], true)
 5 APPPATH\Controllers\ShowCard.php(27): view('card/detail', [...])
 6 SYSTEMPATH\CodeIgniter.php(898): App\Controllers\ShowCard->detail('FCPATH\\assets', 'bootstrap', 'js', 'bootstrap.min.js')
 7 SYSTEMPATH\CodeIgniter.php(468): CodeIgniter\CodeIgniter->runController(Object(App\Controllers\ShowCard))
 8 SYSTEMPATH\CodeIgniter.php(351): CodeIgniter\CodeIgniter->handleRequest(null, Object(Config\Cache), false)
 9 FCPATH\index.php(55): CodeIgniter\CodeIgniter->run()
10 SYSTEMPATH\Commands\Server\rewrite.php(43): require_once('FCPATH\\index.php')
ERROR - 2022-06-21 06:12:20 --> Error connecting to the database: No connection could be made because the target machine actively refused it
CRITICAL - 2022-06-21 06:12:20 --> Unable to connect to the database.
Main connection [MySQLi]: No connection could be made because the target machine actively refused it
in SYSTEMPATH\Database\BaseConnection.php on line 415.
 1 SYSTEMPATH\Database\BaseConnection.php(585): CodeIgniter\Database\BaseConnection->initialize()
 2 APPPATH\Controllers\ShowCard.php(10): CodeIgniter\Database\BaseConnection->query('SELECT * FROM card ORDER BY id DESC')
 3 SYSTEMPATH\CodeIgniter.php(898): App\Controllers\ShowCard->card_find()
 4 SYSTEMPATH\CodeIgniter.php(468): CodeIgniter\CodeIgniter->runController(Object(App\Controllers\ShowCard))
 5 SYSTEMPATH\CodeIgniter.php(351): CodeIgniter\CodeIgniter->handleRequest(null, Object(Config\Cache), false)
 6 FCPATH\index.php(55): CodeIgniter\CodeIgniter->run()
 7 SYSTEMPATH\Commands\Server\rewrite.php(43): require_once('FCPATH\\index.php')
CRITICAL - 2022-06-21 06:12:54 --> Trying to access array offset on value of type null
in APPPATH\Views\card\detail.php on line 24.
 1 APPPATH\Views\card\detail.php(24): CodeIgniter\Debug\Exceptions->errorHandler(2, 'Trying to access array offset on value of type null', 'APPPATH\\Views\\card\\detail.php', 24)
 2 SYSTEMPATH\View\View.php(213): include('APPPATH\\Views\\card\\detail.php')
 3 SYSTEMPATH\View\View.php(216): CodeIgniter\View\View->CodeIgniter\View\{closure}()
 4 SYSTEMPATH\Common.php(1135): CodeIgniter\View\View->render('card/detail', [], true)
 5 APPPATH\Controllers\ShowCard.php(27): view('card/detail', [...])
 6 SYSTEMPATH\CodeIgniter.php(898): App\Controllers\ShowCard->detail('FCPATH\\assets', 'bootstrap', 'js', 'bootstrap.min.js')
 7 SYSTEMPATH\CodeIgniter.php(468): CodeIgniter\CodeIgniter->runController(Object(App\Controllers\ShowCard))
 8 SYSTEMPATH\CodeIgniter.php(351): CodeIgniter\CodeIgniter->handleRequest(null, Object(Config\Cache), false)
 9 FCPATH\index.php(55): CodeIgniter\CodeIgniter->run()
10 SYSTEMPATH\Commands\Server\rewrite.php(43): require_once('FCPATH\\index.php')
CRITICAL - 2022-06-21 06:12:58 --> Trying to access array offset on value of type null
in APPPATH\Views\card\detail.php on line 24.
 1 APPPATH\Views\card\detail.php(24): CodeIgniter\Debug\Exceptions->errorHandler(2, 'Trying to access array offset on value of type null', 'APPPATH\\Views\\card\\detail.php', 24)
 2 SYSTEMPATH\View\View.php(213): include('APPPATH\\Views\\card\\detail.php')
 3 SYSTEMPATH\View\View.php(216): CodeIgniter\View\View->CodeIgniter\View\{closure}()
 4 SYSTEMPATH\Common.php(1135): CodeIgniter\View\View->render('card/detail', [], true)
 5 APPPATH\Controllers\ShowCard.php(27): view('card/detail', [...])
 6 SYSTEMPATH\CodeIgniter.php(898): App\Controllers\ShowCard->detail('FCPATH\\assets', 'bootstrap', 'js', 'bootstrap.min.js')
 7 SYSTEMPATH\CodeIgniter.php(468): CodeIgniter\CodeIgniter->runController(Object(App\Controllers\ShowCard))
 8 SYSTEMPATH\CodeIgniter.php(351): CodeIgniter\CodeIgniter->handleRequest(null, Object(Config\Cache), false)
 9 FCPATH\index.php(55): CodeIgniter\CodeIgniter->run()
10 SYSTEMPATH\Commands\Server\rewrite.php(43): require_once('FCPATH\\index.php')
