CRITICAL - 2022-06-24 00:44:08 --> Trying to access array offset on value of type null
in APPPATH\Views\card\detail.php on line 24.
 1 APPPATH\Views\card\detail.php(24): CodeIgniter\Debug\Exceptions->errorHandler(2, 'Trying to access array offset on value of type null', 'APPPATH\\Views\\card\\detail.php', 24)
 2 SYSTEMPATH\View\View.php(213): include('APPPATH\\Views\\card\\detail.php')
 3 SYSTEMPATH\View\View.php(216): CodeIgniter\View\View->CodeIgniter\View\{closure}()
 4 SYSTEMPATH\Common.php(1135): CodeIgniter\View\View->render('card/detail', [], true)
 5 APPPATH\Controllers\ShowCard.php(27): view('card/detail', [...])
 6 SYSTEMPATH\CodeIgniter.php(898): App\Controllers\ShowCard->detail('FCPATH\\assets', 'bootstrap', 'js', 'bootstrap.min.js')
 7 SYSTEMPATH\CodeIgniter.php(468): CodeIgniter\CodeIgniter->runController(Object(App\Controllers\ShowCard))
 8 SYSTEMPATH\CodeIgniter.php(351): CodeIgniter\CodeIgniter->handleRequest(null, Object(Config\Cache), false)
 9 FCPATH\index.php(55): CodeIgniter\CodeIgniter->run()
10 SYSTEMPATH\Commands\Server\rewrite.php(43): require_once('FCPATH\\index.php')
CRITICAL - 2022-06-24 23:02:11 --> Trying to access array offset on value of type null
in APPPATH\Views\card\detail.php on line 24.
 1 APPPATH\Views\card\detail.php(24): CodeIgniter\Debug\Exceptions->errorHandler(2, 'Trying to access array offset on value of type null', 'APPPATH\\Views\\card\\detail.php', 24)
 2 SYSTEMPATH\View\View.php(213): include('APPPATH\\Views\\card\\detail.php')
 3 SYSTEMPATH\View\View.php(216): CodeIgniter\View\View->CodeIgniter\View\{closure}()
 4 SYSTEMPATH\Common.php(1135): CodeIgniter\View\View->render('card/detail', [], true)
 5 APPPATH\Controllers\ShowCard.php(27): view('card/detail', [...])
 6 SYSTEMPATH\CodeIgniter.php(898): App\Controllers\ShowCard->detail('FCPATH\\assets', 'bootstrap', 'js', 'bootstrap.min.js')
 7 SYSTEMPATH\CodeIgniter.php(468): CodeIgniter\CodeIgniter->runController(Object(App\Controllers\ShowCard))
 8 SYSTEMPATH\CodeIgniter.php(351): CodeIgniter\CodeIgniter->handleRequest(null, Object(Config\Cache), false)
 9 FCPATH\index.php(55): CodeIgniter\CodeIgniter->run()
10 SYSTEMPATH\Commands\Server\rewrite.php(43): require_once('FCPATH\\index.php')
CRITICAL - 2022-06-24 23:27:48 --> Cannot use object of type mysqli as array
in APPPATH\Views\admin\contact.php on line 23.
 1 SYSTEMPATH\View\View.php(213): include()
 2 SYSTEMPATH\View\View.php(216): CodeIgniter\View\View->CodeIgniter\View\{closure}()
 3 SYSTEMPATH\Common.php(1135): CodeIgniter\View\View->render('admin/contact', [], true)
 4 APPPATH\Controllers\Admin.php(27): view('admin/contact', [...])
 5 SYSTEMPATH\CodeIgniter.php(898): App\Controllers\Admin->contact()
 6 SYSTEMPATH\CodeIgniter.php(468): CodeIgniter\CodeIgniter->runController(Object(App\Controllers\Admin))
 7 SYSTEMPATH\CodeIgniter.php(351): CodeIgniter\CodeIgniter->handleRequest(null, Object(Config\Cache), false)
 8 FCPATH\index.php(55): CodeIgniter\CodeIgniter->run()
 9 SYSTEMPATH\Commands\Server\rewrite.php(43): require_once('FCPATH\\index.php')
CRITICAL - 2022-06-24 23:28:19 --> Undefined array key "name"
in APPPATH\Views\admin\contact.php on line 23.
 1 APPPATH\Views\admin\contact.php(23): CodeIgniter\Debug\Exceptions->errorHandler(2, 'Undefined array key "name"', 'APPPATH\\Views\\admin\\contact.php', 23)
 2 SYSTEMPATH\View\View.php(213): include('APPPATH\\Views\\admin\\contact.php')
 3 SYSTEMPATH\View\View.php(216): CodeIgniter\View\View->CodeIgniter\View\{closure}()
 4 SYSTEMPATH\Common.php(1135): CodeIgniter\View\View->render('admin/contact', [], true)
 5 APPPATH\Controllers\Admin.php(27): view('admin/contact', [...])
 6 SYSTEMPATH\CodeIgniter.php(898): App\Controllers\Admin->contact()
 7 SYSTEMPATH\CodeIgniter.php(468): CodeIgniter\CodeIgniter->runController(Object(App\Controllers\Admin))
 8 SYSTEMPATH\CodeIgniter.php(351): CodeIgniter\CodeIgniter->handleRequest(null, Object(Config\Cache), false)
 9 FCPATH\index.php(55): CodeIgniter\CodeIgniter->run()
10 SYSTEMPATH\Commands\Server\rewrite.php(43): require_once('FCPATH\\index.php')
CRITICAL - 2022-06-24 23:29:01 --> Undefined array key "subject"
in APPPATH\Views\admin\contact.php on line 24.
 1 APPPATH\Views\admin\contact.php(24): CodeIgniter\Debug\Exceptions->errorHandler(2, 'Undefined array key "subject"', 'APPPATH\\Views\\admin\\contact.php', 24)
 2 SYSTEMPATH\View\View.php(213): include('APPPATH\\Views\\admin\\contact.php')
 3 SYSTEMPATH\View\View.php(216): CodeIgniter\View\View->CodeIgniter\View\{closure}()
 4 SYSTEMPATH\Common.php(1135): CodeIgniter\View\View->render('admin/contact', [], true)
 5 APPPATH\Controllers\Admin.php(27): view('admin/contact', [...])
 6 SYSTEMPATH\CodeIgniter.php(898): App\Controllers\Admin->contact()
 7 SYSTEMPATH\CodeIgniter.php(468): CodeIgniter\CodeIgniter->runController(Object(App\Controllers\Admin))
 8 SYSTEMPATH\CodeIgniter.php(351): CodeIgniter\CodeIgniter->handleRequest(null, Object(Config\Cache), false)
 9 FCPATH\index.php(55): CodeIgniter\CodeIgniter->run()
10 SYSTEMPATH\Commands\Server\rewrite.php(43): require_once('FCPATH\\index.php')
CRITICAL - 2022-06-24 23:29:12 --> Undefined array key "subjek"
in APPPATH\Views\admin\contact.php on line 24.
 1 APPPATH\Views\admin\contact.php(24): CodeIgniter\Debug\Exceptions->errorHandler(2, 'Undefined array key "subjek"', 'APPPATH\\Views\\admin\\contact.php', 24)
 2 SYSTEMPATH\View\View.php(213): include('APPPATH\\Views\\admin\\contact.php')
 3 SYSTEMPATH\View\View.php(216): CodeIgniter\View\View->CodeIgniter\View\{closure}()
 4 SYSTEMPATH\Common.php(1135): CodeIgniter\View\View->render('admin/contact', [], true)
 5 APPPATH\Controllers\Admin.php(27): view('admin/contact', [...])
 6 SYSTEMPATH\CodeIgniter.php(898): App\Controllers\Admin->contact()
 7 SYSTEMPATH\CodeIgniter.php(468): CodeIgniter\CodeIgniter->runController(Object(App\Controllers\Admin))
 8 SYSTEMPATH\CodeIgniter.php(351): CodeIgniter\CodeIgniter->handleRequest(null, Object(Config\Cache), false)
 9 FCPATH\index.php(55): CodeIgniter\CodeIgniter->run()
10 SYSTEMPATH\Commands\Server\rewrite.php(43): require_once('FCPATH\\index.php')
CRITICAL - 2022-06-24 23:37:54 --> Undefined variable $card
in APPPATH\Views\card\download.php on line 13.
 1 APPPATH\Views\card\download.php(13): CodeIgniter\Debug\Exceptions->errorHandler(2, 'Undefined variable $card', 'APPPATH\\Views\\card\\download.php', 13)
 2 SYSTEMPATH\View\View.php(213): include('APPPATH\\Views\\card\\download.php')
 3 SYSTEMPATH\View\View.php(216): CodeIgniter\View\View->CodeIgniter\View\{closure}()
 4 SYSTEMPATH\Common.php(1135): CodeIgniter\View\View->render('card/download', [], true)
 5 APPPATH\Controllers\ShowCard.php(36): view('card/download', [...])
 6 SYSTEMPATH\CodeIgniter.php(898): App\Controllers\ShowCard->download()
 7 SYSTEMPATH\CodeIgniter.php(468): CodeIgniter\CodeIgniter->runController(Object(App\Controllers\ShowCard))
 8 SYSTEMPATH\CodeIgniter.php(351): CodeIgniter\CodeIgniter->handleRequest(null, Object(Config\Cache), false)
 9 FCPATH\index.php(55): CodeIgniter\CodeIgniter->run()
10 SYSTEMPATH\Commands\Server\rewrite.php(43): require_once('FCPATH\\index.php')
CRITICAL - 2022-06-24 23:50:03 --> Trying to access array offset on value of type null
in APPPATH\Views\card\detail.php on line 24.
 1 APPPATH\Views\card\detail.php(24): CodeIgniter\Debug\Exceptions->errorHandler(2, 'Trying to access array offset on value of type null', 'APPPATH\\Views\\card\\detail.php', 24)
 2 SYSTEMPATH\View\View.php(213): include('APPPATH\\Views\\card\\detail.php')
 3 SYSTEMPATH\View\View.php(216): CodeIgniter\View\View->CodeIgniter\View\{closure}()
 4 SYSTEMPATH\Common.php(1135): CodeIgniter\View\View->render('card/detail', [], true)
 5 APPPATH\Controllers\ShowCard.php(27): view('card/detail', [...])
 6 SYSTEMPATH\CodeIgniter.php(898): App\Controllers\ShowCard->detail('FCPATH\\assets', 'bootstrap', 'js', 'bootstrap.min.js')
 7 SYSTEMPATH\CodeIgniter.php(468): CodeIgniter\CodeIgniter->runController(Object(App\Controllers\ShowCard))
 8 SYSTEMPATH\CodeIgniter.php(351): CodeIgniter\CodeIgniter->handleRequest(null, Object(Config\Cache), false)
 9 FCPATH\index.php(55): CodeIgniter\CodeIgniter->run()
10 SYSTEMPATH\Commands\Server\rewrite.php(43): require_once('FCPATH\\index.php')
