ERROR - 2022-07-31 06:47:46 --> Error connecting to the database: No connection could be made because the target machine actively refused it
CRITICAL - 2022-07-31 06:47:46 --> Unable to connect to the database.
Main connection [MySQLi]: No connection could be made because the target machine actively refused it
in SYSTEMPATH\Database\BaseConnection.php on line 415.
 1 SYSTEMPATH\Database\BaseConnection.php(585): CodeIgniter\Database\BaseConnection->initialize()
 2 APPPATH\Controllers\Pages.php(11): CodeIgniter\Database\BaseConnection->query('SELECT * FROM card ORDER BY id DESC')
 3 SYSTEMPATH\CodeIgniter.php(898): App\Controllers\Pages->index()
 4 SYSTEMPATH\CodeIgniter.php(468): CodeIgniter\CodeIgniter->runController(Object(App\Controllers\Pages))
 5 SYSTEMPATH\CodeIgniter.php(351): CodeIgniter\CodeIgniter->handleRequest(null, Object(Config\Cache), false)
 6 FCPATH\index.php(55): CodeIgniter\CodeIgniter->run()
 7 SYSTEMPATH\Commands\Server\rewrite.php(43): require_once('FCPATH\\index.php')
CRITICAL - 2022-07-31 06:48:39 --> Trying to access array offset on value of type null
in APPPATH\Views\card\detailDoc.php on line 10.
 1 APPPATH\Views\card\detailDoc.php(10): CodeIgniter\Debug\Exceptions->errorHandler(2, 'Trying to access array offset on value of type null', 'APPPATH\\Views\\card\\detailDoc.php', 10)
 2 SYSTEMPATH\View\View.php(213): include('APPPATH\\Views\\card\\detailDoc.php')
 3 SYSTEMPATH\View\View.php(216): CodeIgniter\View\View->CodeIgniter\View\{closure}()
 4 SYSTEMPATH\Common.php(1135): CodeIgniter\View\View->render('card/detailDoc', [], true)
 5 APPPATH\Controllers\ShowDoc.php(27): view('card/detailDoc', [...])
 6 SYSTEMPATH\CodeIgniter.php(898): App\Controllers\ShowDoc->detailDoc('FCPATH\\assets', 'bootstrap', 'js', 'bootstrap.min.js')
 7 SYSTEMPATH\CodeIgniter.php(468): CodeIgniter\CodeIgniter->runController(Object(App\Controllers\ShowDoc))
 8 SYSTEMPATH\CodeIgniter.php(351): CodeIgniter\CodeIgniter->handleRequest(null, Object(Config\Cache), false)
 9 FCPATH\index.php(55): CodeIgniter\CodeIgniter->run()
10 SYSTEMPATH\Commands\Server\rewrite.php(43): require_once('FCPATH\\index.php')
CRITICAL - 2022-07-31 07:21:40 --> Trying to access array offset on value of type null
in APPPATH\Views\card\materi.php on line 6.
 1 APPPATH\Views\card\materi.php(6): CodeIgniter\Debug\Exceptions->errorHandler(2, 'Trying to access array offset on value of type null', 'APPPATH\\Views\\card\\materi.php', 6)
 2 SYSTEMPATH\View\View.php(213): include('APPPATH\\Views\\card\\materi.php')
 3 SYSTEMPATH\View\View.php(216): CodeIgniter\View\View->CodeIgniter\View\{closure}()
 4 SYSTEMPATH\Common.php(1135): CodeIgniter\View\View->render('card/materi', [], true)
 5 APPPATH\Controllers\ShowCard.php(38): view('card/materi', [...])
 6 SYSTEMPATH\CodeIgniter.php(898): App\Controllers\ShowCard->materi('FCPATH\\assets', 'bootstrap', 'js', 'bootstrap.min.js')
 7 SYSTEMPATH\CodeIgniter.php(468): CodeIgniter\CodeIgniter->runController(Object(App\Controllers\ShowCard))
 8 SYSTEMPATH\CodeIgniter.php(351): CodeIgniter\CodeIgniter->handleRequest(null, Object(Config\Cache), false)
 9 FCPATH\index.php(55): CodeIgniter\CodeIgniter->run()
10 SYSTEMPATH\Commands\Server\rewrite.php(43): require_once('FCPATH\\index.php')
CRITICAL - 2022-07-31 07:22:00 --> Trying to access array offset on value of type null
in APPPATH\Views\card\materi.php on line 7.
 1 APPPATH\Views\card\materi.php(7): CodeIgniter\Debug\Exceptions->errorHandler(2, 'Trying to access array offset on value of type null', 'APPPATH\\Views\\card\\materi.php', 7)
 2 SYSTEMPATH\View\View.php(213): include('APPPATH\\Views\\card\\materi.php')
 3 SYSTEMPATH\View\View.php(216): CodeIgniter\View\View->CodeIgniter\View\{closure}()
 4 SYSTEMPATH\Common.php(1135): CodeIgniter\View\View->render('card/materi', [], true)
 5 APPPATH\Controllers\ShowCard.php(38): view('card/materi', [...])
 6 SYSTEMPATH\CodeIgniter.php(898): App\Controllers\ShowCard->materi('FCPATH\\assets', 'bootstrap', 'js', 'bootstrap.min.js')
 7 SYSTEMPATH\CodeIgniter.php(468): CodeIgniter\CodeIgniter->runController(Object(App\Controllers\ShowCard))
 8 SYSTEMPATH\CodeIgniter.php(351): CodeIgniter\CodeIgniter->handleRequest(null, Object(Config\Cache), false)
 9 FCPATH\index.php(55): CodeIgniter\CodeIgniter->run()
10 SYSTEMPATH\Commands\Server\rewrite.php(43): require_once('FCPATH\\index.php')
CRITICAL - 2022-07-31 07:22:17 --> Trying to access array offset on value of type null
in APPPATH\Views\card\materi.php on line 7.
 1 APPPATH\Views\card\materi.php(7): CodeIgniter\Debug\Exceptions->errorHandler(2, 'Trying to access array offset on value of type null', 'APPPATH\\Views\\card\\materi.php', 7)
 2 SYSTEMPATH\View\View.php(213): include('APPPATH\\Views\\card\\materi.php')
 3 SYSTEMPATH\View\View.php(216): CodeIgniter\View\View->CodeIgniter\View\{closure}()
 4 SYSTEMPATH\Common.php(1135): CodeIgniter\View\View->render('card/materi', [], true)
 5 APPPATH\Controllers\ShowCard.php(38): view('card/materi', [...])
 6 SYSTEMPATH\CodeIgniter.php(898): App\Controllers\ShowCard->materi('FCPATH\\assets', 'bootstrap', 'js', 'bootstrap.min.js')
 7 SYSTEMPATH\CodeIgniter.php(468): CodeIgniter\CodeIgniter->runController(Object(App\Controllers\ShowCard))
 8 SYSTEMPATH\CodeIgniter.php(351): CodeIgniter\CodeIgniter->handleRequest(null, Object(Config\Cache), false)
 9 FCPATH\index.php(55): CodeIgniter\CodeIgniter->run()
10 SYSTEMPATH\Commands\Server\rewrite.php(43): require_once('FCPATH\\index.php')
CRITICAL - 2022-07-31 07:22:47 --> Trying to access array offset on value of type null
in APPPATH\Views\card\materi.php on line 8.
 1 APPPATH\Views\card\materi.php(8): CodeIgniter\Debug\Exceptions->errorHandler(2, 'Trying to access array offset on value of type null', 'APPPATH\\Views\\card\\materi.php', 8)
 2 SYSTEMPATH\View\View.php(213): include('APPPATH\\Views\\card\\materi.php')
 3 SYSTEMPATH\View\View.php(216): CodeIgniter\View\View->CodeIgniter\View\{closure}()
 4 SYSTEMPATH\Common.php(1135): CodeIgniter\View\View->render('card/materi', [], true)
 5 APPPATH\Controllers\ShowCard.php(38): view('card/materi', [...])
 6 SYSTEMPATH\CodeIgniter.php(898): App\Controllers\ShowCard->materi('FCPATH\\assets', 'bootstrap', 'js', 'bootstrap.min.js')
 7 SYSTEMPATH\CodeIgniter.php(468): CodeIgniter\CodeIgniter->runController(Object(App\Controllers\ShowCard))
 8 SYSTEMPATH\CodeIgniter.php(351): CodeIgniter\CodeIgniter->handleRequest(null, Object(Config\Cache), false)
 9 FCPATH\index.php(55): CodeIgniter\CodeIgniter->run()
10 SYSTEMPATH\Commands\Server\rewrite.php(43): require_once('FCPATH\\index.php')
CRITICAL - 2022-07-31 07:23:08 --> Trying to access array offset on value of type null
in APPPATH\Views\card\materi.php on line 7.
 1 APPPATH\Views\card\materi.php(7): CodeIgniter\Debug\Exceptions->errorHandler(2, 'Trying to access array offset on value of type null', 'APPPATH\\Views\\card\\materi.php', 7)
 2 SYSTEMPATH\View\View.php(213): include('APPPATH\\Views\\card\\materi.php')
 3 SYSTEMPATH\View\View.php(216): CodeIgniter\View\View->CodeIgniter\View\{closure}()
 4 SYSTEMPATH\Common.php(1135): CodeIgniter\View\View->render('card/materi', [], true)
 5 APPPATH\Controllers\ShowCard.php(38): view('card/materi', [...])
 6 SYSTEMPATH\CodeIgniter.php(898): App\Controllers\ShowCard->materi('FCPATH\\assets', 'bootstrap', 'js', 'bootstrap.min.js')
 7 SYSTEMPATH\CodeIgniter.php(468): CodeIgniter\CodeIgniter->runController(Object(App\Controllers\ShowCard))
 8 SYSTEMPATH\CodeIgniter.php(351): CodeIgniter\CodeIgniter->handleRequest(null, Object(Config\Cache), false)
 9 FCPATH\index.php(55): CodeIgniter\CodeIgniter->run()
10 SYSTEMPATH\Commands\Server\rewrite.php(43): require_once('FCPATH\\index.php')
CRITICAL - 2022-07-31 07:23:31 --> Trying to access array offset on value of type null
in APPPATH\Views\card\materi.php on line 7.
 1 APPPATH\Views\card\materi.php(7): CodeIgniter\Debug\Exceptions->errorHandler(2, 'Trying to access array offset on value of type null', 'APPPATH\\Views\\card\\materi.php', 7)
 2 SYSTEMPATH\View\View.php(213): include('APPPATH\\Views\\card\\materi.php')
 3 SYSTEMPATH\View\View.php(216): CodeIgniter\View\View->CodeIgniter\View\{closure}()
 4 SYSTEMPATH\Common.php(1135): CodeIgniter\View\View->render('card/materi', [], true)
 5 APPPATH\Controllers\ShowCard.php(38): view('card/materi', [...])
 6 SYSTEMPATH\CodeIgniter.php(898): App\Controllers\ShowCard->materi('FCPATH\\assets', 'bootstrap', 'js', 'bootstrap.min.js')
 7 SYSTEMPATH\CodeIgniter.php(468): CodeIgniter\CodeIgniter->runController(Object(App\Controllers\ShowCard))
 8 SYSTEMPATH\CodeIgniter.php(351): CodeIgniter\CodeIgniter->handleRequest(null, Object(Config\Cache), false)
 9 FCPATH\index.php(55): CodeIgniter\CodeIgniter->run()
10 SYSTEMPATH\Commands\Server\rewrite.php(43): require_once('FCPATH\\index.php')
CRITICAL - 2022-07-31 07:23:43 --> Trying to access array offset on value of type null
in APPPATH\Views\card\materi.php on line 7.
 1 APPPATH\Views\card\materi.php(7): CodeIgniter\Debug\Exceptions->errorHandler(2, 'Trying to access array offset on value of type null', 'APPPATH\\Views\\card\\materi.php', 7)
 2 SYSTEMPATH\View\View.php(213): include('APPPATH\\Views\\card\\materi.php')
 3 SYSTEMPATH\View\View.php(216): CodeIgniter\View\View->CodeIgniter\View\{closure}()
 4 SYSTEMPATH\Common.php(1135): CodeIgniter\View\View->render('card/materi', [], true)
 5 APPPATH\Controllers\ShowCard.php(38): view('card/materi', [...])
 6 SYSTEMPATH\CodeIgniter.php(898): App\Controllers\ShowCard->materi('FCPATH\\assets', 'bootstrap', 'js', 'bootstrap.min.js')
 7 SYSTEMPATH\CodeIgniter.php(468): CodeIgniter\CodeIgniter->runController(Object(App\Controllers\ShowCard))
 8 SYSTEMPATH\CodeIgniter.php(351): CodeIgniter\CodeIgniter->handleRequest(null, Object(Config\Cache), false)
 9 FCPATH\index.php(55): CodeIgniter\CodeIgniter->run()
10 SYSTEMPATH\Commands\Server\rewrite.php(43): require_once('FCPATH\\index.php')
CRITICAL - 2022-07-31 07:23:51 --> Trying to access array offset on value of type null
in APPPATH\Views\card\materi.php on line 7.
 1 APPPATH\Views\card\materi.php(7): CodeIgniter\Debug\Exceptions->errorHandler(2, 'Trying to access array offset on value of type null', 'APPPATH\\Views\\card\\materi.php', 7)
 2 SYSTEMPATH\View\View.php(213): include('APPPATH\\Views\\card\\materi.php')
 3 SYSTEMPATH\View\View.php(216): CodeIgniter\View\View->CodeIgniter\View\{closure}()
 4 SYSTEMPATH\Common.php(1135): CodeIgniter\View\View->render('card/materi', [], true)
 5 APPPATH\Controllers\ShowCard.php(38): view('card/materi', [...])
 6 SYSTEMPATH\CodeIgniter.php(898): App\Controllers\ShowCard->materi('FCPATH\\assets', 'bootstrap', 'js', 'bootstrap.min.js')
 7 SYSTEMPATH\CodeIgniter.php(468): CodeIgniter\CodeIgniter->runController(Object(App\Controllers\ShowCard))
 8 SYSTEMPATH\CodeIgniter.php(351): CodeIgniter\CodeIgniter->handleRequest(null, Object(Config\Cache), false)
 9 FCPATH\index.php(55): CodeIgniter\CodeIgniter->run()
10 SYSTEMPATH\Commands\Server\rewrite.php(43): require_once('FCPATH\\index.php')
CRITICAL - 2022-07-31 07:27:55 --> Trying to access array offset on value of type null
in APPPATH\Views\card\materi.php on line 7.
 1 APPPATH\Views\card\materi.php(7): CodeIgniter\Debug\Exceptions->errorHandler(2, 'Trying to access array offset on value of type null', 'APPPATH\\Views\\card\\materi.php', 7)
 2 SYSTEMPATH\View\View.php(213): include('APPPATH\\Views\\card\\materi.php')
 3 SYSTEMPATH\View\View.php(216): CodeIgniter\View\View->CodeIgniter\View\{closure}()
 4 SYSTEMPATH\Common.php(1135): CodeIgniter\View\View->render('card/materi', [], true)
 5 APPPATH\Controllers\ShowCard.php(38): view('card/materi', [...])
 6 SYSTEMPATH\CodeIgniter.php(898): App\Controllers\ShowCard->materi('FCPATH\\assets', 'bootstrap', 'js', 'bootstrap.min.js')
 7 SYSTEMPATH\CodeIgniter.php(468): CodeIgniter\CodeIgniter->runController(Object(App\Controllers\ShowCard))
 8 SYSTEMPATH\CodeIgniter.php(351): CodeIgniter\CodeIgniter->handleRequest(null, Object(Config\Cache), false)
 9 FCPATH\index.php(55): CodeIgniter\CodeIgniter->run()
10 SYSTEMPATH\Commands\Server\rewrite.php(43): require_once('FCPATH\\index.php')
CRITICAL - 2022-07-31 07:28:14 --> Trying to access array offset on value of type null
in APPPATH\Views\card\materi.php on line 7.
 1 APPPATH\Views\card\materi.php(7): CodeIgniter\Debug\Exceptions->errorHandler(2, 'Trying to access array offset on value of type null', 'APPPATH\\Views\\card\\materi.php', 7)
 2 SYSTEMPATH\View\View.php(213): include('APPPATH\\Views\\card\\materi.php')
 3 SYSTEMPATH\View\View.php(216): CodeIgniter\View\View->CodeIgniter\View\{closure}()
 4 SYSTEMPATH\Common.php(1135): CodeIgniter\View\View->render('card/materi', [], true)
 5 APPPATH\Controllers\ShowCard.php(38): view('card/materi', [...])
 6 SYSTEMPATH\CodeIgniter.php(898): App\Controllers\ShowCard->materi('FCPATH\\assets', 'bootstrap', 'js', 'bootstrap.min.js')
 7 SYSTEMPATH\CodeIgniter.php(468): CodeIgniter\CodeIgniter->runController(Object(App\Controllers\ShowCard))
 8 SYSTEMPATH\CodeIgniter.php(351): CodeIgniter\CodeIgniter->handleRequest(null, Object(Config\Cache), false)
 9 FCPATH\index.php(55): CodeIgniter\CodeIgniter->run()
10 SYSTEMPATH\Commands\Server\rewrite.php(43): require_once('FCPATH\\index.php')
CRITICAL - 2022-07-31 07:28:23 --> Trying to access array offset on value of type null
in APPPATH\Views\card\materi.php on line 7.
 1 APPPATH\Views\card\materi.php(7): CodeIgniter\Debug\Exceptions->errorHandler(2, 'Trying to access array offset on value of type null', 'APPPATH\\Views\\card\\materi.php', 7)
 2 SYSTEMPATH\View\View.php(213): include('APPPATH\\Views\\card\\materi.php')
 3 SYSTEMPATH\View\View.php(216): CodeIgniter\View\View->CodeIgniter\View\{closure}()
 4 SYSTEMPATH\Common.php(1135): CodeIgniter\View\View->render('card/materi', [], true)
 5 APPPATH\Controllers\ShowCard.php(38): view('card/materi', [...])
 6 SYSTEMPATH\CodeIgniter.php(898): App\Controllers\ShowCard->materi('FCPATH\\assets', 'bootstrap', 'js', 'bootstrap.min.js')
 7 SYSTEMPATH\CodeIgniter.php(468): CodeIgniter\CodeIgniter->runController(Object(App\Controllers\ShowCard))
 8 SYSTEMPATH\CodeIgniter.php(351): CodeIgniter\CodeIgniter->handleRequest(null, Object(Config\Cache), false)
 9 FCPATH\index.php(55): CodeIgniter\CodeIgniter->run()
10 SYSTEMPATH\Commands\Server\rewrite.php(43): require_once('FCPATH\\index.php')
CRITICAL - 2022-07-31 07:29:47 --> Trying to access array offset on value of type null
in APPPATH\Views\card\materi.php on line 7.
 1 APPPATH\Views\card\materi.php(7): CodeIgniter\Debug\Exceptions->errorHandler(2, 'Trying to access array offset on value of type null', 'APPPATH\\Views\\card\\materi.php', 7)
 2 SYSTEMPATH\View\View.php(213): include('APPPATH\\Views\\card\\materi.php')
 3 SYSTEMPATH\View\View.php(216): CodeIgniter\View\View->CodeIgniter\View\{closure}()
 4 SYSTEMPATH\Common.php(1135): CodeIgniter\View\View->render('card/materi', [], true)
 5 APPPATH\Controllers\ShowCard.php(38): view('card/materi', [...])
 6 SYSTEMPATH\CodeIgniter.php(898): App\Controllers\ShowCard->materi('FCPATH\\assets', 'bootstrap', 'js', 'bootstrap.min.js')
 7 SYSTEMPATH\CodeIgniter.php(468): CodeIgniter\CodeIgniter->runController(Object(App\Controllers\ShowCard))
 8 SYSTEMPATH\CodeIgniter.php(351): CodeIgniter\CodeIgniter->handleRequest(null, Object(Config\Cache), false)
 9 FCPATH\index.php(55): CodeIgniter\CodeIgniter->run()
10 SYSTEMPATH\Commands\Server\rewrite.php(43): require_once('FCPATH\\index.php')
