CRITICAL - 2022-06-13 06:07:04 --> Invalid file: asset/css/vanilla-zoom.min
in SYSTEMPATH\Exceptions\FrameworkException.php on line 33.
 1 SYSTEMPATH\View\View.php(201): CodeIgniter\Exceptions\FrameworkException::forInvalidFile('asset/css/vanilla-zoom.min')
 2 SYSTEMPATH\View\View.php(429): CodeIgniter\View\View->render('asset/css/vanilla-zoom.min', null, true)
 3 APPPATH\Views\admin\contact.php(5): CodeIgniter\View\View->include('asset/css/vanilla-zoom.min')
 4 SYSTEMPATH\View\View.php(213): include('APPPATH\\Views\\admin\\contact.php')
 5 SYSTEMPATH\View\View.php(216): CodeIgniter\View\View->CodeIgniter\View\{closure}()
 6 SYSTEMPATH\Common.php(1135): CodeIgniter\View\View->render('admin/contact', [], true)
 7 APPPATH\Controllers\Admin.php(12): view('admin/contact', [...])
 8 SYSTEMPATH\CodeIgniter.php(898): App\Controllers\Admin->contact()
 9 SYSTEMPATH\CodeIgniter.php(468): CodeIgniter\CodeIgniter->runController(Object(App\Controllers\Admin))
10 SYSTEMPATH\CodeIgniter.php(351): CodeIgniter\CodeIgniter->handleRequest(null, Object(Config\Cache), false)
11 FCPATH\index.php(55): CodeIgniter\CodeIgniter->run()
12 SYSTEMPATH\Commands\Server\rewrite.php(43): require_once('FCPATH\\index.php')
CRITICAL - 2022-06-13 06:07:18 --> Invalid file: /asset/css/vanilla-zoom.min
in SYSTEMPATH\Exceptions\FrameworkException.php on line 33.
 1 SYSTEMPATH\View\View.php(201): CodeIgniter\Exceptions\FrameworkException::forInvalidFile('/asset/css/vanilla-zoom.min')
 2 SYSTEMPATH\View\View.php(429): CodeIgniter\View\View->render('/asset/css/vanilla-zoom.min', null, true)
 3 APPPATH\Views\admin\contact.php(5): CodeIgniter\View\View->include('/asset/css/vanilla-zoom.min')
 4 SYSTEMPATH\View\View.php(213): include('APPPATH\\Views\\admin\\contact.php')
 5 SYSTEMPATH\View\View.php(216): CodeIgniter\View\View->CodeIgniter\View\{closure}()
 6 SYSTEMPATH\Common.php(1135): CodeIgniter\View\View->render('admin/contact', [], true)
 7 APPPATH\Controllers\Admin.php(12): view('admin/contact', [...])
 8 SYSTEMPATH\CodeIgniter.php(898): App\Controllers\Admin->contact()
 9 SYSTEMPATH\CodeIgniter.php(468): CodeIgniter\CodeIgniter->runController(Object(App\Controllers\Admin))
10 SYSTEMPATH\CodeIgniter.php(351): CodeIgniter\CodeIgniter->handleRequest(null, Object(Config\Cache), false)
11 FCPATH\index.php(55): CodeIgniter\CodeIgniter->run()
12 SYSTEMPATH\Commands\Server\rewrite.php(43): require_once('FCPATH\\index.php')
CRITICAL - 2022-06-13 06:07:21 --> Invalid file: /asset/css/vanilla-zoom.min
in SYSTEMPATH\Exceptions\FrameworkException.php on line 33.
 1 SYSTEMPATH\View\View.php(201): CodeIgniter\Exceptions\FrameworkException::forInvalidFile('/asset/css/vanilla-zoom.min')
 2 SYSTEMPATH\View\View.php(429): CodeIgniter\View\View->render('/asset/css/vanilla-zoom.min', null, true)
 3 APPPATH\Views\admin\contact.php(5): CodeIgniter\View\View->include('/asset/css/vanilla-zoom.min')
 4 SYSTEMPATH\View\View.php(213): include('APPPATH\\Views\\admin\\contact.php')
 5 SYSTEMPATH\View\View.php(216): CodeIgniter\View\View->CodeIgniter\View\{closure}()
 6 SYSTEMPATH\Common.php(1135): CodeIgniter\View\View->render('admin/contact', [], true)
 7 APPPATH\Controllers\Admin.php(12): view('admin/contact', [...])
 8 SYSTEMPATH\CodeIgniter.php(898): App\Controllers\Admin->contact()
 9 SYSTEMPATH\CodeIgniter.php(468): CodeIgniter\CodeIgniter->runController(Object(App\Controllers\Admin))
10 SYSTEMPATH\CodeIgniter.php(351): CodeIgniter\CodeIgniter->handleRequest(null, Object(Config\Cache), false)
11 FCPATH\index.php(55): CodeIgniter\CodeIgniter->run()
12 SYSTEMPATH\Commands\Server\rewrite.php(43): require_once('FCPATH\\index.php')
CRITICAL - 2022-06-13 06:07:31 --> Invalid file: asset/css/vanilla-zoom.min
in SYSTEMPATH\Exceptions\FrameworkException.php on line 33.
 1 SYSTEMPATH\View\View.php(201): CodeIgniter\Exceptions\FrameworkException::forInvalidFile('asset/css/vanilla-zoom.min')
 2 SYSTEMPATH\View\View.php(229): CodeIgniter\View\View->render('asset/css/vanilla-zoom.min', [], true)
 3 SYSTEMPATH\Common.php(1135): CodeIgniter\View\View->render('admin/contact', [], true)
 4 APPPATH\Controllers\Admin.php(12): view('admin/contact', [...])
 5 SYSTEMPATH\CodeIgniter.php(898): App\Controllers\Admin->contact()
 6 SYSTEMPATH\CodeIgniter.php(468): CodeIgniter\CodeIgniter->runController(Object(App\Controllers\Admin))
 7 SYSTEMPATH\CodeIgniter.php(351): CodeIgniter\CodeIgniter->handleRequest(null, Object(Config\Cache), false)
 8 FCPATH\index.php(55): CodeIgniter\CodeIgniter->run()
 9 SYSTEMPATH\Commands\Server\rewrite.php(43): require_once('FCPATH\\index.php')
CRITICAL - 2022-06-13 06:07:58 --> Invalid file: asset/css.php
in SYSTEMPATH\Exceptions\FrameworkException.php on line 33.
 1 SYSTEMPATH\View\View.php(201): CodeIgniter\Exceptions\FrameworkException::forInvalidFile('asset/css.php')
 2 SYSTEMPATH\View\View.php(429): CodeIgniter\View\View->render('asset/css', null, true)
 3 APPPATH\Views\admin\contact.php(5): CodeIgniter\View\View->include('asset/css')
 4 SYSTEMPATH\View\View.php(213): include('APPPATH\\Views\\admin\\contact.php')
 5 SYSTEMPATH\View\View.php(216): CodeIgniter\View\View->CodeIgniter\View\{closure}()
 6 SYSTEMPATH\Common.php(1135): CodeIgniter\View\View->render('admin/contact', [], true)
 7 APPPATH\Controllers\Admin.php(12): view('admin/contact', [...])
 8 SYSTEMPATH\CodeIgniter.php(898): App\Controllers\Admin->contact()
 9 SYSTEMPATH\CodeIgniter.php(468): CodeIgniter\CodeIgniter->runController(Object(App\Controllers\Admin))
10 SYSTEMPATH\CodeIgniter.php(351): CodeIgniter\CodeIgniter->handleRequest(null, Object(Config\Cache), false)
11 FCPATH\index.php(55): CodeIgniter\CodeIgniter->run()
12 SYSTEMPATH\Commands\Server\rewrite.php(43): require_once('FCPATH\\index.php')
CRITICAL - 2022-06-13 06:08:02 --> Invalid file: asset.php
in SYSTEMPATH\Exceptions\FrameworkException.php on line 33.
 1 SYSTEMPATH\View\View.php(201): CodeIgniter\Exceptions\FrameworkException::forInvalidFile('asset.php')
 2 SYSTEMPATH\View\View.php(429): CodeIgniter\View\View->render('asset', null, true)
 3 APPPATH\Views\admin\contact.php(5): CodeIgniter\View\View->include('asset')
 4 SYSTEMPATH\View\View.php(213): include('APPPATH\\Views\\admin\\contact.php')
 5 SYSTEMPATH\View\View.php(216): CodeIgniter\View\View->CodeIgniter\View\{closure}()
 6 SYSTEMPATH\Common.php(1135): CodeIgniter\View\View->render('admin/contact', [], true)
 7 APPPATH\Controllers\Admin.php(12): view('admin/contact', [...])
 8 SYSTEMPATH\CodeIgniter.php(898): App\Controllers\Admin->contact()
 9 SYSTEMPATH\CodeIgniter.php(468): CodeIgniter\CodeIgniter->runController(Object(App\Controllers\Admin))
10 SYSTEMPATH\CodeIgniter.php(351): CodeIgniter\CodeIgniter->handleRequest(null, Object(Config\Cache), false)
11 FCPATH\index.php(55): CodeIgniter\CodeIgniter->run()
12 SYSTEMPATH\Commands\Server\rewrite.php(43): require_once('FCPATH\\index.php')
CRITICAL - 2022-06-13 06:24:52 --> syntax error, unexpected token "class", expecting "{"
in APPPATH\Controllers\Admin.php on line 7.
 1 SYSTEMPATH\Router\Router.php(499): CodeIgniter\Router\AutoRouter->getRoute('Admin/contact')
 2 SYSTEMPATH\Router\Router.php(205): CodeIgniter\Router\Router->autoRoute('Admin/contact')
 3 SYSTEMPATH\CodeIgniter.php(773): CodeIgniter\Router\Router->handle('Admin/contact')
 4 SYSTEMPATH\CodeIgniter.php(417): CodeIgniter\CodeIgniter->tryToRouteIt(Object(CodeIgniter\Router\RouteCollection))
 5 SYSTEMPATH\CodeIgniter.php(351): CodeIgniter\CodeIgniter->handleRequest(null, Object(Config\Cache), false)
 6 FCPATH\index.php(55): CodeIgniter\CodeIgniter->run()
 7 SYSTEMPATH\Commands\Server\rewrite.php(43): require_once('FCPATH\\index.php')
CRITICAL - 2022-06-13 06:30:29 --> Class "App\Models\Model" not found
in APPPATH\Models\SeminarModel.php on line 5.
 1 SYSTEMPATH\Autoloader\Autoloader.php(284): include_once()
 2 SYSTEMPATH\Autoloader\Autoloader.php(261): CodeIgniter\Autoloader\Autoloader->includeFile('APPPATH\\Models\\SeminarModel.php')
 3 SYSTEMPATH\Autoloader\Autoloader.php(239): CodeIgniter\Autoloader\Autoloader->loadInNamespace('App\\Models\\SeminarModel')
 4 APPPATH\Controllers\Admin.php(20): CodeIgniter\Autoloader\Autoloader->loadClass('App\\Models\\SeminarModel')
 5 SYSTEMPATH\CodeIgniter.php(898): App\Controllers\Admin->contact()
 6 SYSTEMPATH\CodeIgniter.php(468): CodeIgniter\CodeIgniter->runController(Object(App\Controllers\Admin))
 7 SYSTEMPATH\CodeIgniter.php(351): CodeIgniter\CodeIgniter->handleRequest(null, Object(Config\Cache), false)
 8 FCPATH\index.php(55): CodeIgniter\CodeIgniter->run()
 9 SYSTEMPATH\Commands\Server\rewrite.php(43): require_once('FCPATH\\index.php')
CRITICAL - 2022-06-13 06:32:48 --> Class "App\Models\Model" not found
in APPPATH\Models\SeminarModel.php on line 5.
 1 SYSTEMPATH\Autoloader\Autoloader.php(284): include_once()
 2 SYSTEMPATH\Autoloader\Autoloader.php(261): CodeIgniter\Autoloader\Autoloader->includeFile('APPPATH\\Models\\SeminarModel.php')
 3 SYSTEMPATH\Autoloader\Autoloader.php(239): CodeIgniter\Autoloader\Autoloader->loadInNamespace('App\\Models\\SeminarModel')
 4 APPPATH\Controllers\Admin.php(20): CodeIgniter\Autoloader\Autoloader->loadClass('App\\Models\\SeminarModel')
 5 SYSTEMPATH\CodeIgniter.php(898): App\Controllers\Admin->contact()
 6 SYSTEMPATH\CodeIgniter.php(468): CodeIgniter\CodeIgniter->runController(Object(App\Controllers\Admin))
 7 SYSTEMPATH\CodeIgniter.php(351): CodeIgniter\CodeIgniter->handleRequest(null, Object(Config\Cache), false)
 8 FCPATH\index.php(55): CodeIgniter\CodeIgniter->run()
 9 SYSTEMPATH\Commands\Server\rewrite.php(43): require_once('FCPATH\\index.php')
CRITICAL - 2022-06-13 06:34:57 --> Undefined variable $contactModel
in APPPATH\Controllers\Admin.php on line 21.
 1 APPPATH\Controllers\Admin.php(21): CodeIgniter\Debug\Exceptions->errorHandler(2, 'Undefined variable $contactModel', 'APPPATH\\Controllers\\Admin.php', 21)
 2 SYSTEMPATH\CodeIgniter.php(898): App\Controllers\Admin->contact()
 3 SYSTEMPATH\CodeIgniter.php(468): CodeIgniter\CodeIgniter->runController(Object(App\Controllers\Admin))
 4 SYSTEMPATH\CodeIgniter.php(351): CodeIgniter\CodeIgniter->handleRequest(null, Object(Config\Cache), false)
 5 FCPATH\index.php(55): CodeIgniter\CodeIgniter->run()
 6 SYSTEMPATH\Commands\Server\rewrite.php(43): require_once('FCPATH\\index.php')
CRITICAL - 2022-06-13 06:40:04 --> Undefined property: CodeIgniter\View\View::$contact
in APPPATH\Views\admin\contact.php on line 14.
 1 APPPATH\Views\admin\contact.php(14): CodeIgniter\Debug\Exceptions->errorHandler(2, 'Undefined property: CodeIgniter\\View\\View::$contact', 'APPPATH\\Views\\admin\\contact.php', 14)
 2 SYSTEMPATH\View\View.php(213): include('APPPATH\\Views\\admin\\contact.php')
 3 SYSTEMPATH\View\View.php(216): CodeIgniter\View\View->CodeIgniter\View\{closure}()
 4 SYSTEMPATH\Common.php(1135): CodeIgniter\View\View->render('admin/contact', [], true)
 5 APPPATH\Controllers\Admin.php(23): view('admin/contact', [...])
 6 SYSTEMPATH\CodeIgniter.php(898): App\Controllers\Admin->contact()
 7 SYSTEMPATH\CodeIgniter.php(468): CodeIgniter\CodeIgniter->runController(Object(App\Controllers\Admin))
 8 SYSTEMPATH\CodeIgniter.php(351): CodeIgniter\CodeIgniter->handleRequest(null, Object(Config\Cache), false)
 9 FCPATH\index.php(55): CodeIgniter\CodeIgniter->run()
10 SYSTEMPATH\Commands\Server\rewrite.php(43): require_once('FCPATH\\index.php')
CRITICAL - 2022-06-13 06:40:14 --> Undefined variable $contact
in APPPATH\Views\admin\contact.php on line 14.
 1 APPPATH\Views\admin\contact.php(14): CodeIgniter\Debug\Exceptions->errorHandler(2, 'Undefined variable $contact', 'APPPATH\\Views\\admin\\contact.php', 14)
 2 SYSTEMPATH\View\View.php(213): include('APPPATH\\Views\\admin\\contact.php')
 3 SYSTEMPATH\View\View.php(216): CodeIgniter\View\View->CodeIgniter\View\{closure}()
 4 SYSTEMPATH\Common.php(1135): CodeIgniter\View\View->render('admin/contact', [], true)
 5 APPPATH\Controllers\Admin.php(23): view('admin/contact', [...])
 6 SYSTEMPATH\CodeIgniter.php(898): App\Controllers\Admin->contact()
 7 SYSTEMPATH\CodeIgniter.php(468): CodeIgniter\CodeIgniter->runController(Object(App\Controllers\Admin))
 8 SYSTEMPATH\CodeIgniter.php(351): CodeIgniter\CodeIgniter->handleRequest(null, Object(Config\Cache), false)
 9 FCPATH\index.php(55): CodeIgniter\CodeIgniter->run()
10 SYSTEMPATH\Commands\Server\rewrite.php(43): require_once('FCPATH\\index.php')
CRITICAL - 2022-06-13 06:43:30 --> foreach() argument must be of type array|object, string given
in APPPATH\Views\admin\contact.php on line 15.
 1 APPPATH\Views\admin\contact.php(15): CodeIgniter\Debug\Exceptions->errorHandler(2, 'foreach() argument must be of type array|object, string given', 'APPPATH\\Views\\admin\\contact.php', 15)
 2 SYSTEMPATH\View\View.php(213): include('APPPATH\\Views\\admin\\contact.php')
 3 SYSTEMPATH\View\View.php(216): CodeIgniter\View\View->CodeIgniter\View\{closure}()
 4 SYSTEMPATH\Common.php(1135): CodeIgniter\View\View->render('admin/contact', [], true)
 5 APPPATH\Controllers\Admin.php(24): view('admin/contact', [...])
 6 SYSTEMPATH\CodeIgniter.php(898): App\Controllers\Admin->contact()
 7 SYSTEMPATH\CodeIgniter.php(468): CodeIgniter\CodeIgniter->runController(Object(App\Controllers\Admin))
 8 SYSTEMPATH\CodeIgniter.php(351): CodeIgniter\CodeIgniter->handleRequest(null, Object(Config\Cache), false)
 9 FCPATH\index.php(55): CodeIgniter\CodeIgniter->run()
10 SYSTEMPATH\Commands\Server\rewrite.php(43): require_once('FCPATH\\index.php')
CRITICAL - 2022-06-13 06:43:41 --> foreach() argument must be of type array|object, string given
in APPPATH\Views\admin\contact.php on line 15.
 1 APPPATH\Views\admin\contact.php(15): CodeIgniter\Debug\Exceptions->errorHandler(2, 'foreach() argument must be of type array|object, string given', 'APPPATH\\Views\\admin\\contact.php', 15)
 2 SYSTEMPATH\View\View.php(213): include('APPPATH\\Views\\admin\\contact.php')
 3 SYSTEMPATH\View\View.php(216): CodeIgniter\View\View->CodeIgniter\View\{closure}()
 4 SYSTEMPATH\Common.php(1135): CodeIgniter\View\View->render('admin/contact', [], true)
 5 APPPATH\Controllers\Admin.php(24): view('admin/contact', [...])
 6 SYSTEMPATH\CodeIgniter.php(898): App\Controllers\Admin->contact()
 7 SYSTEMPATH\CodeIgniter.php(468): CodeIgniter\CodeIgniter->runController(Object(App\Controllers\Admin))
 8 SYSTEMPATH\CodeIgniter.php(351): CodeIgniter\CodeIgniter->handleRequest(null, Object(Config\Cache), false)
 9 FCPATH\index.php(55): CodeIgniter\CodeIgniter->run()
10 SYSTEMPATH\Commands\Server\rewrite.php(43): require_once('FCPATH\\index.php')
